#
# There is insufficient memory for the Java Runtime Environment to continue.
# Native memory allocation (malloc) failed to allocate 1319776 bytes for Chunk::new
# Possible reasons:
#   The system is out of physical RAM or swap space
#   In 32 bit mode, the process size limit was hit
# Possible solutions:
#   Reduce memory load on the system
#   Increase physical memory or swap space
#   Check if swap backing store is full
#   Use 64 bit Java on a 64 bit OS
#   Decrease Java heap size (-Xmx/-Xms)
#   Decrease number of Java threads
#   Decrease Java thread stack sizes (-Xss)
#   Set larger code cache with -XX:ReservedCodeCacheSize=
# This output file may be truncated or incomplete.
#
#  Out of Memory Error (allocation.cpp:390), pid=6472, tid=0x00000000000022e0
#
# JRE version: OpenJDK Runtime Environment (8.0_152-b06) (build 1.8.0_152-release-1136-b06)
# Java VM: OpenJDK 64-Bit Server VM (25.152-b06 mixed mode windows-amd64 compressed oops)
# Failed to write core dump. Minidumps are not enabled by default on client versions of Windows
#

---------------  T H R E A D  ---------------

Current thread (0x0000000018d80000):  JavaThread "C2 CompilerThread1" daemon [_thread_in_native, id=8928, stack(0x0000000019550000,0x0000000019650000)]

Stack: [0x0000000019550000,0x0000000019650000]
[error occurred during error reporting (printing stack bounds), id 0xc0000005]

Native frames: (J=compiled Java code, j=interpreted, Vv=VM code, C=native code)


Current CompileTask:
C2:   5794 5926       4       java.net.URLClassLoader$1::run (5 bytes)


---------------  P R O C E S S  ---------------

Java Threads: ( => current thread )
  0x000000001be7a800 JavaThread "Memory manager" [_thread_blocked, id=11868, stack(0x00000000232c0000,0x00000000233c0000)]
  0x000000001be7c800 JavaThread "pool-1-thread-1" [_thread_blocked, id=9272, stack(0x0000000022fc0000,0x00000000230c0000)]
  0x000000001be7b000 JavaThread "build operations Thread 8" [_thread_blocked, id=1268, stack(0x0000000022ec0000,0x0000000022fc0000)]
  0x000000001db12000 JavaThread "build operations Thread 7" [_thread_blocked, id=12492, stack(0x0000000022dc0000,0x0000000022ec0000)]
  0x000000001db11800 JavaThread "build operations Thread 6" [_thread_blocked, id=7288, stack(0x0000000022cc0000,0x0000000022dc0000)]
  0x000000001db10800 JavaThread "build operations Thread 5" [_thread_blocked, id=4380, stack(0x0000000022bc0000,0x0000000022cc0000)]
  0x000000001db10000 JavaThread "build operations Thread 4" [_thread_blocked, id=12092, stack(0x0000000022ac0000,0x0000000022bc0000)]
  0x000000001db13000 JavaThread "build operations Thread 3" [_thread_blocked, id=13064, stack(0x00000000229c0000,0x0000000022ac0000)]
  0x000000001db0f000 JavaThread "build operations Thread 2" [_thread_blocked, id=3240, stack(0x00000000228c0000,0x00000000229c0000)]
  0x000000001db0c800 JavaThread "build operations" [_thread_blocked, id=9092, stack(0x00000000227c0000,0x00000000228c0000)]
  0x000000001db0c000 JavaThread "Cache worker for Artifact transforms cache (C:\Users\Administrator\.gradle\caches\transforms-1)" [_thread_blocked, id=10492, stack(0x000000001fc30000,0x000000001fd30000)]
  0x000000001b720000 JavaThread "Cache worker for file hash cache (F:\Flutter_Work\newstudentapp\android\.gradle\4.1\fileHashes)" [_thread_blocked, id=3780, stack(0x000000001d3c0000,0x000000001d4c0000)]
  0x000000001b38c000 JavaThread "File lock request listener" [_thread_in_native, id=1808, stack(0x000000001d2c0000,0x000000001d3c0000)]
  0x000000001b391000 JavaThread "Cache worker for file hash cache (C:\Users\Administrator\.gradle\caches\4.1\fileHashes)" [_thread_blocked, id=11476, stack(0x000000001cfc0000,0x000000001d0c0000)]
  0x000000001a9e6800 JavaThread "Stdin handler" [_thread_blocked, id=12660, stack(0x000000001cec0000,0x000000001cfc0000)]
  0x000000001ac92000 JavaThread "Asynchronous log dispatcher for DefaultDaemonConnection: socket connection from /127.0.0.1:52738 to /127.0.0.1:52739" [_thread_blocked, id=7756, stack(0x000000001ccc0000,0x000000001cdc0000)]
  0x000000001ac99800 JavaThread "Daemon worker" [_thread_in_Java, id=10216, stack(0x000000001cbc0000,0x000000001ccc0000)]
  0x000000001afc1800 JavaThread "Cancel handler" [_thread_blocked, id=6076, stack(0x000000001cac0000,0x000000001cbc0000)]
  0x000000001afbd800 JavaThread "Handler for socket connection from /127.0.0.1:52738 to /127.0.0.1:52739" [_thread_in_native, id=5188, stack(0x000000001c7c0000,0x000000001c8c0000)]
  0x000000001afbd000 JavaThread "Daemon" [_thread_blocked, id=13248, stack(0x000000001c6c0000,0x000000001c7c0000)]
  0x000000001aa8f800 JavaThread "Daemon periodic checks" [_thread_blocked, id=4972, stack(0x000000001c5c0000,0x000000001c6c0000)]
  0x000000001b218000 JavaThread "Incoming local TCP Connector on port 52738" [_thread_in_native, id=8452, stack(0x000000001c410000,0x000000001c510000)]
  0x0000000018d9d800 JavaThread "Service Thread" daemon [_thread_blocked, id=11644, stack(0x0000000019850000,0x0000000019950000)]
  0x0000000018d87800 JavaThread "C1 CompilerThread3" daemon [_thread_blocked, id=10948, stack(0x0000000019750000,0x0000000019850000)]
  0x0000000018d81000 JavaThread "C2 CompilerThread2" daemon [_thread_in_native, id=5272, stack(0x0000000019650000,0x0000000019750000)]
=>0x0000000018d80000 JavaThread "C2 CompilerThread1" daemon [_thread_in_native, id=8928, stack(0x0000000019550000,0x0000000019650000)]
  0x0000000018d7d000 JavaThread "C2 CompilerThread0" daemon [_thread_in_native, id=9364, stack(0x0000000019450000,0x0000000019550000)]
  0x0000000018d7c000 JavaThread "Attach Listener" daemon [_thread_blocked, id=9572, stack(0x0000000019350000,0x0000000019450000)]
  0x0000000018d7b000 JavaThread "Signal Dispatcher" daemon [_thread_blocked, id=10208, stack(0x0000000019250000,0x0000000019350000)]
  0x0000000016e11000 JavaThread "Finalizer" daemon [_thread_blocked, id=12656, stack(0x00000000190f0000,0x00000000191f0000)]
  0x0000000003028000 JavaThread "Reference Handler" daemon [_thread_blocked, id=12260, stack(0x0000000018bf0000,0x0000000018cf0000)]
  0x0000000002e2e800 JavaThread "main" [_thread_blocked, id=9328, stack(0x0000000002e30000,0x0000000002f30000)]

Other Threads:
  0x0000000016e07000 VMThread [stack: 0x0000000018af0000,0x0000000018bf0000] [id=12236]
  0x0000000018da0000 WatcherThread [stack: 0x0000000019950000,0x0000000019a50000] [id=8276]

VM state:not at safepoint (normal execution)

VM Mutex/Monitor currently owned by a thread: None

Heap:
 PSYoungGen      total 137728K, used 46572K [0x00000000e0000000, 0x00000000ec500000, 0x0000000100000000)
  eden space 126976K, 28% used [0x00000000e0000000,0x00000000e23014f0,0x00000000e7c00000)
  from space 10752K, 99% used [0x00000000e8e00000,0x00000000e9879b58,0x00000000e9880000)
  to   space 18432K, 0% used [0x00000000e7c00000,0x00000000e7c00000,0x00000000e8e00000)
 ParOldGen       total 103936K, used 27958K [0x00000000a0000000, 0x00000000a6580000, 0x00000000e0000000)
  object space 103936K, 26% used [0x00000000a0000000,0x00000000a1b4dae0,0x00000000a6580000)
 Metaspace       used 48869K, capacity 50436K, committed 50520K, reserved 1093632K
  class space    used 6589K, capacity 7011K, committed 7040K, reserved 1048576K

Card table byte_map: [0x00000000123f0000,0x0000000012700000] byte_map_base: 0x0000000011ef0000

Marking Bits: (ParMarkBitMap*) 0x0000000068925aa0
 Begin Bits: [0x0000000013100000, 0x0000000014900000)
 End Bits:   [0x0000000014900000, 0x0000000016100000)

Polling page: 0x0000000001160000

CodeCache: size=245760Kb used=18512Kb max_used=18512Kb free=227247Kb
 bounds [0x0000000003030000, 0x0000000004260000, 0x0000000012030000]
 total_blobs=6168 nmethods=5426 adapters=655
 compilation: enabled

Compilation events (10 events):
Event: 5.790 Thread 0x0000000018d87800 nmethod 6014 0x000000000424ba50 code [0x000000000424bc00, 0x000000000424c128]
Event: 5.790 Thread 0x0000000018d87800 6015       3       com.google.common.util.concurrent.AbstractFuture::get (8 bytes)
Event: 5.790 Thread 0x0000000018d87800 nmethod 6015 0x000000000424c350 code [0x000000000424c520, 0x000000000424cd18]
Event: 5.790 Thread 0x0000000018d87800 6020       3       org.gradle.api.internal.project.taskfactory.DefaultTaskClassValidatorExtractor$3::apply (119 bytes)
Event: 5.791 Thread 0x0000000018d87800 nmethod 6020 0x000000000424d050 code [0x000000000424d2a0, 0x000000000424e0d8]
Event: 5.791 Thread 0x0000000018d87800 6021       3       java.util.Formatter::<init> (23 bytes)
Event: 5.791 Thread 0x0000000018d87800 nmethod 6021 0x000000000424e610 code [0x000000000424e7a0, 0x000000000424eb98]
Event: 5.791 Thread 0x0000000018d87800 6022       3       java.util.Formatter::getZero (27 bytes)
Event: 5.791 Thread 0x0000000018d87800 nmethod 6022 0x000000000424ed50 code [0x000000000424eec0, 0x000000000424f198]
Event: 5.791 Thread 0x0000000018d87800 6016       3       com.google.common.util.concurrent.AbstractFuture$Sync::get (10 bytes)

GC Heap History (10 events):
Event: 3.373 GC heap before
{Heap before GC invocations=8 (full 1):
 PSYoungGen      total 102912K, used 39911K [0x00000000e0000000, 0x00000000e7100000, 0x0000000100000000)
  eden space 92160K, 31% used [0x00000000e0000000,0x00000000e1cc9440,0x00000000e5a00000)
  from space 10752K, 97% used [0x00000000e6600000,0x00000000e7030870,0x00000000e7080000)
  to   space 11776K, 0% used [0x00000000e5a00000,0x00000000e5a00000,0x00000000e6580000)
 ParOldGen       total 68096K, used 11375K [0x00000000a0000000, 0x00000000a4280000, 0x00000000e0000000)
  object space 68096K, 16% used [0x00000000a0000000,0x00000000a0b1bf60,0x00000000a4280000)
 Metaspace       used 34714K, capacity 35340K, committed 35416K, reserved 1079296K
  class space    used 4739K, capacity 4965K, committed 4992K, reserved 1048576K
Event: 3.381 GC heap after
Heap after GC invocations=8 (full 1):
 PSYoungGen      total 103936K, used 9703K [0x00000000e0000000, 0x00000000e9a00000, 0x0000000100000000)
  eden space 92160K, 0% used [0x00000000e0000000,0x00000000e0000000,0x00000000e5a00000)
  from space 11776K, 82% used [0x00000000e5a00000,0x00000000e6379d28,0x00000000e6580000)
  to   space 12288K, 0% used [0x00000000e8e00000,0x00000000e8e00000,0x00000000e9a00000)
 ParOldGen       total 68096K, used 11383K [0x00000000a0000000, 0x00000000a4280000, 0x00000000e0000000)
  object space 68096K, 16% used [0x00000000a0000000,0x00000000a0b1df60,0x00000000a4280000)
 Metaspace       used 34714K, capacity 35340K, committed 35416K, reserved 1079296K
  class space    used 4739K, capacity 4965K, committed 4992K, reserved 1048576K
}
Event: 3.381 GC heap before
{Heap before GC invocations=9 (full 2):
 PSYoungGen      total 103936K, used 9703K [0x00000000e0000000, 0x00000000e9a00000, 0x0000000100000000)
  eden space 92160K, 0% used [0x00000000e0000000,0x00000000e0000000,0x00000000e5a00000)
  from space 11776K, 82% used [0x00000000e5a00000,0x00000000e6379d28,0x00000000e6580000)
  to   space 12288K, 0% used [0x00000000e8e00000,0x00000000e8e00000,0x00000000e9a00000)
 ParOldGen       total 68096K, used 11383K [0x00000000a0000000, 0x00000000a4280000, 0x00000000e0000000)
  object space 68096K, 16% used [0x00000000a0000000,0x00000000a0b1df60,0x00000000a4280000)
 Metaspace       used 34714K, capacity 35340K, committed 35416K, reserved 1079296K
  class space    used 4739K, capacity 4965K, committed 4992K, reserved 1048576K
Event: 3.424 GC heap after
Heap after GC invocations=9 (full 2):
 PSYoungGen      total 103936K, used 0K [0x00000000e0000000, 0x00000000e9a00000, 0x0000000100000000)
  eden space 92160K, 0% used [0x00000000e0000000,0x00000000e0000000,0x00000000e5a00000)
  from space 11776K, 0% used [0x00000000e5a00000,0x00000000e5a00000,0x00000000e6580000)
  to   space 12288K, 0% used [0x00000000e8e00000,0x00000000e8e00000,0x00000000e9a00000)
 ParOldGen       total 103936K, used 16041K [0x00000000a0000000, 0x00000000a6580000, 0x00000000e0000000)
  object space 103936K, 15% used [0x00000000a0000000,0x00000000a0faa7b8,0x00000000a6580000)
 Metaspace       used 34714K, capacity 35340K, committed 35416K, reserved 1079296K
  class space    used 4739K, capacity 4965K, committed 4992K, reserved 1048576K
}
Event: 4.059 GC heap before
{Heap before GC invocations=10 (full 2):
 PSYoungGen      total 103936K, used 92160K [0x00000000e0000000, 0x00000000e9a00000, 0x0000000100000000)
  eden space 92160K, 100% used [0x00000000e0000000,0x00000000e5a00000,0x00000000e5a00000)
  from space 11776K, 0% used [0x00000000e5a00000,0x00000000e5a00000,0x00000000e6580000)
  to   space 12288K, 0% used [0x00000000e8e00000,0x00000000e8e00000,0x00000000e9a00000)
 ParOldGen       total 103936K, used 16041K [0x00000000a0000000, 0x00000000a6580000, 0x00000000e0000000)
  object space 103936K, 15% used [0x00000000a0000000,0x00000000a0faa7b8,0x00000000a6580000)
 Metaspace       used 39034K, capacity 39930K, committed 40152K, reserved 1083392K
  class space    used 5273K, capacity 5560K, committed 5632K, reserved 1048576K
Event: 4.068 GC heap after
Heap after GC invocations=10 (full 2):
 PSYoungGen      total 141312K, used 9371K [0x00000000e0000000, 0x00000000e9880000, 0x0000000100000000)
  eden space 130560K, 0% used [0x00000000e0000000,0x00000000e0000000,0x00000000e7f80000)
  from space 10752K, 87% used [0x00000000e8e00000,0x00000000e9726eb8,0x00000000e9880000)
  to   space 12800K, 0% used [0x00000000e7f80000,0x00000000e7f80000,0x00000000e8c00000)
 ParOldGen       total 103936K, used 16049K [0x00000000a0000000, 0x00000000a6580000, 0x00000000e0000000)
  object space 103936K, 15% used [0x00000000a0000000,0x00000000a0fac7b8,0x00000000a6580000)
 Metaspace       used 39034K, capacity 39930K, committed 40152K, reserved 1083392K
  class space    used 5273K, capacity 5560K, committed 5632K, reserved 1048576K
}
Event: 5.068 GC heap before
{Heap before GC invocations=11 (full 2):
 PSYoungGen      total 141312K, used 139931K [0x00000000e0000000, 0x00000000e9880000, 0x0000000100000000)
  eden space 130560K, 100% used [0x00000000e0000000,0x00000000e7f80000,0x00000000e7f80000)
  from space 10752K, 87% used [0x00000000e8e00000,0x00000000e9726eb8,0x00000000e9880000)
  to   space 12800K, 0% used [0x00000000e7f80000,0x00000000e7f80000,0x00000000e8c00000)
 ParOldGen       total 103936K, used 16049K [0x00000000a0000000, 0x00000000a6580000, 0x00000000e0000000)
  object space 103936K, 15% used [0x00000000a0000000,0x00000000a0fac7b8,0x00000000a6580000)
 Metaspace       used 45818K, capacity 47024K, committed 47320K, reserved 1089536K
  class space    used 6184K, capacity 6571K, committed 6656K, reserved 1048576K
Event: 5.080 GC heap after
Heap after GC invocations=11 (full 2):
 PSYoungGen      total 143360K, used 12780K [0x00000000e0000000, 0x00000000e9880000, 0x0000000100000000)
  eden space 130560K, 0% used [0x00000000e0000000,0x00000000e0000000,0x00000000e7f80000)
  from space 12800K, 99% used [0x00000000e7f80000,0x00000000e8bfb3a8,0x00000000e8c00000)
  to   space 10752K, 0% used [0x00000000e8e00000,0x00000000e8e00000,0x00000000e9880000)
 ParOldGen       total 103936K, used 20094K [0x00000000a0000000, 0x00000000a6580000, 0x00000000e0000000)
  object space 103936K, 19% used [0x00000000a0000000,0x00000000a139f860,0x00000000a6580000)
 Metaspace       used 45818K, capacity 47024K, committed 47320K, reserved 1089536K
  class space    used 6184K, capacity 6571K, committed 6656K, reserved 1048576K
}
Event: 5.467 GC heap before
{Heap before GC invocations=12 (full 2):
 PSYoungGen      total 143360K, used 143340K [0x00000000e0000000, 0x00000000e9880000, 0x0000000100000000)
  eden space 130560K, 100% used [0x00000000e0000000,0x00000000e7f80000,0x00000000e7f80000)
  from space 12800K, 99% used [0x00000000e7f80000,0x00000000e8bfb3a8,0x00000000e8c00000)
  to   space 10752K, 0% used [0x00000000e8e00000,0x00000000e8e00000,0x00000000e9880000)
 ParOldGen       total 103936K, used 20094K [0x00000000a0000000, 0x00000000a6580000, 0x00000000e0000000)
  object space 103936K, 19% used [0x00000000a0000000,0x00000000a139f860,0x00000000a6580000)
 Metaspace       used 46161K, capacity 47336K, committed 47576K, reserved 1089536K
  class space    used 6202K, capacity 6581K, committed 6656K, reserved 1048576K
Event: 5.478 GC heap after
Heap after GC invocations=12 (full 2):
 PSYoungGen      total 137728K, used 10726K [0x00000000e0000000, 0x00000000ec500000, 0x0000000100000000)
  eden space 126976K, 0% used [0x00000000e0000000,0x00000000e0000000,0x00000000e7c00000)
  from space 10752K, 99% used [0x00000000e8e00000,0x00000000e9879b58,0x00000000e9880000)
  to   space 18432K, 0% used [0x00000000e7c00000,0x00000000e7c00000,0x00000000e8e00000)
 ParOldGen       total 103936K, used 27958K [0x00000000a0000000, 0x00000000a6580000, 0x00000000e0000000)
  object space 103936K, 26% used [0x00000000a0000000,0x00000000a1b4dae0,0x00000000a6580000)
 Metaspace       used 46161K, capacity 47336K, committed 47576K, reserved 1089536K
  class space    used 6202K, capacity 6581K, committed 6656K, reserved 1048576K
}

Deoptimization events (10 events):
Event: 5.641 Thread 0x000000001ac99800 Uncommon trap: reason=unstable_if action=reinterpret pc=0x0000000003a779c0 method=org.objectweb.asm.ByteVector.putUTF8(Ljava/lang/String;)Lorg/objectweb/asm/ByteVector; @ 91
Event: 5.669 Thread 0x000000001ac99800 Uncommon trap: reason=unstable_if action=reinterpret pc=0x000000000378aeb4 method=java.lang.String.lastIndexOf([CII[CIII)I @ 118
Event: 5.768 Thread 0x000000001ac99800 Uncommon trap: reason=unstable_if action=reinterpret pc=0x000000000340bdd4 method=com.sun.org.apache.xerces.internal.impl.XMLEntityScanner.skipSpaces()Z @ 85
Event: 5.769 Thread 0x000000001ac99800 Uncommon trap: reason=unstable_if action=reinterpret pc=0x0000000003a625dc method=com.sun.org.apache.xerces.internal.impl.XMLEntityScanner.peekChar()I @ 51
Event: 5.769 Thread 0x000000001ac99800 Uncommon trap: reason=unstable_if action=reinterpret pc=0x00000000040abc90 method=com.sun.org.apache.xerces.internal.impl.XMLEntityScanner.scanContent(Lcom/sun/org/apache/xerces/internal/xni/XMLString;)I @ 127
Event: 5.769 Thread 0x000000001ac99800 Uncommon trap: reason=class_check action=maybe_recompile pc=0x00000000041095f4 method=com.sun.org.apache.xerces.internal.parsers.AbstractSAXParser.characters(Lcom/sun/org/apache/xerces/internal/xni/XMLString;Lcom/sun/org/apache/xerces/internal/xni/Augment
Event: 5.769 Thread 0x000000001ac99800 Uncommon trap: reason=unstable_if action=reinterpret pc=0x00000000031f4aec method=com.sun.org.apache.xerces.internal.impl.XMLEntityScanner.peekChar()I @ 51
Event: 5.769 Thread 0x000000001ac99800 Uncommon trap: reason=class_check action=maybe_recompile pc=0x00000000041095f4 method=com.sun.org.apache.xerces.internal.parsers.AbstractSAXParser.characters(Lcom/sun/org/apache/xerces/internal/xni/XMLString;Lcom/sun/org/apache/xerces/internal/xni/Augment
Event: 5.769 Thread 0x000000001ac99800 Uncommon trap: reason=class_check action=maybe_recompile pc=0x00000000041095f4 method=com.sun.org.apache.xerces.internal.parsers.AbstractSAXParser.characters(Lcom/sun/org/apache/xerces/internal/xni/XMLString;Lcom/sun/org/apache/xerces/internal/xni/Augment
Event: 5.769 Thread 0x000000001ac99800 Uncommon trap: reason=class_check action=maybe_recompile pc=0x00000000041095f4 method=com.sun.org.apache.xerces.internal.parsers.AbstractSAXParser.characters(Lcom/sun/org/apache/xerces/internal/xni/XMLString;Lcom/sun/org/apache/xerces/internal/xni/Augment

Classes redefined (0 events):
No events

Internal exceptions (10 events):
Event: 5.244 Thread 0x000000001ac99800 Exception <a 'sun/nio/fs/WindowsException'> (0x00000000e27fd4a0) thrown at [D:\src\AOSP-openjdk-cygwin\jdk8u\hotspot\src\share\vm\prims\jni.cpp, line 709]
Event: 5.244 Thread 0x000000001ac99800 Exception <a 'sun/nio/fs/WindowsException'> (0x00000000e27fe690) thrown at [D:\src\AOSP-openjdk-cygwin\jdk8u\hotspot\src\share\vm\prims\jni.cpp, line 709]
Event: 5.244 Thread 0x000000001ac99800 Exception <a 'sun/nio/fs/WindowsException'> (0x00000000e2802af0) thrown at [D:\src\AOSP-openjdk-cygwin\jdk8u\hotspot\src\share\vm\prims\jni.cpp, line 709]
Event: 5.244 Thread 0x000000001ac99800 Exception <a 'sun/nio/fs/WindowsException'> (0x00000000e2803b10) thrown at [D:\src\AOSP-openjdk-cygwin\jdk8u\hotspot\src\share\vm\prims\jni.cpp, line 709]
Event: 5.244 Thread 0x000000001ac99800 Exception <a 'sun/nio/fs/WindowsException'> (0x00000000e28066e8) thrown at [D:\src\AOSP-openjdk-cygwin\jdk8u\hotspot\src\share\vm\prims\jni.cpp, line 709]
Event: 5.244 Thread 0x000000001ac99800 Exception <a 'sun/nio/fs/WindowsException'> (0x00000000e2807740) thrown at [D:\src\AOSP-openjdk-cygwin\jdk8u\hotspot\src\share\vm\prims\jni.cpp, line 709]
Event: 5.506 Thread 0x000000001ac99800 Exception <a 'java/lang/NoSuchMethodError': java.lang.Object.lambda$comparing$77a9974f$1(Ljava/util/function/Function;Ljava/lang/Object;Ljava/lang/Object;)I> (0x00000000e078f348) thrown at [D:\src\AOSP-openjdk-cygwin\jdk8u\hotspot\src\share\vm\interpreter
Event: 5.507 Thread 0x000000001ac99800 Exception <a 'java/lang/NoSuchMethodError': java.lang.Object.lambda$thenComparing$36697e65$1(Ljava/util/Comparator;Ljava/lang/Object;Ljava/lang/Object;)I> (0x00000000e079af80) thrown at [D:\src\AOSP-openjdk-cygwin\jdk8u\hotspot\src\share\vm\interpreter\li
Event: 5.515 Thread 0x000000001ac99800 Exception <a 'java/lang/NoSuchMethodError': java.lang.Object.lambda$maxBy$1(Ljava/util/Comparator;Ljava/lang/Object;Ljava/lang/Object;)Ljava/lang/Object;> (0x00000000e0850900) thrown at [D:\src\AOSP-openjdk-cygwin\jdk8u\hotspot\src\share\vm\interpreter\li
Event: 5.544 Thread 0x000000001ac99800 Exception <a 'sun/nio/fs/WindowsException'> (0x00000000e0bf1800) thrown at [D:\src\AOSP-openjdk-cygwin\jdk8u\hotspot\src\share\vm\prims\jni.cpp, line 709]

Events (10 events):
Event: 5.785 loading class com/android/build/gradle/tasks/AidlCompile$ConfigAction
Event: 5.785 loading class com/android/build/gradle/tasks/AidlCompile$ConfigAction done
Event: 5.786 loading class com/android/builder/compiling/DependencyFileProcessor
Event: 5.786 loading class com/android/builder/compiling/DependencyFileProcessor done
Event: 5.786 loading class com/android/builder/internal/incremental/DependencyData
Event: 5.786 loading class com/android/builder/internal/incremental/DependencyData done
Event: 5.787 loading class com/android/build/gradle/tasks/AidlCompile$DepFileProcessor
Event: 5.787 loading class com/android/build/gradle/tasks/AidlCompile$DepFileProcessor done
Event: 5.791 loading class com/android/builder/core/VariantConfiguration
Event: 5.791 loading class com/android/builder/core/VariantConfiguration done


Dynamic libraries:
0x00007ff690190000 - 0x00007ff6901c1000 	F:\android-studio\jre\bin\java.exe
0x00007ff939420000 - 0x00007ff939601000 	C:\WINDOWS\SYSTEM32\ntdll.dll
0x00007ff936b00000 - 0x00007ff936bb2000 	C:\WINDOWS\System32\KERNEL32.DLL
0x00007ff9359e0000 - 0x00007ff935c53000 	C:\WINDOWS\System32\KERNELBASE.dll
0x00007ff937bd0000 - 0x00007ff937c71000 	C:\WINDOWS\System32\ADVAPI32.dll
0x00007ff936a60000 - 0x00007ff936afe000 	C:\WINDOWS\System32\msvcrt.dll
0x00007ff9372e0000 - 0x00007ff93733b000 	C:\WINDOWS\System32\sechost.dll
0x00007ff936cd0000 - 0x00007ff936df4000 	C:\WINDOWS\System32\RPCRT4.dll
0x00007ff937830000 - 0x00007ff9379c0000 	C:\WINDOWS\System32\USER32.dll
0x00007ff936510000 - 0x00007ff936530000 	C:\WINDOWS\System32\win32u.dll
0x00007ff9379f0000 - 0x00007ff937a18000 	C:\WINDOWS\System32\GDI32.dll
0x00007ff936710000 - 0x00007ff9368a2000 	C:\WINDOWS\System32\gdi32full.dll
0x00007ff936470000 - 0x00007ff93650f000 	C:\WINDOWS\System32\msvcp_win.dll
0x00007ff935c60000 - 0x00007ff935d5a000 	C:\WINDOWS\System32\ucrtbase.dll
0x00007ff92b110000 - 0x00007ff92b379000 	C:\WINDOWS\WinSxS\amd64_microsoft.windows.common-controls_6595b64144ccf1df_6.0.17134.345_none_fb429a5930656358\COMCTL32.dll
0x00007ff937c80000 - 0x00007ff937fa3000 	C:\WINDOWS\System32\combase.dll
0x00007ff936690000 - 0x00007ff93670a000 	C:\WINDOWS\System32\bcryptPrimitives.dll
0x00007ff9372b0000 - 0x00007ff9372dd000 	C:\WINDOWS\System32\IMM32.DLL
0x0000000068080000 - 0x0000000068152000 	F:\android-studio\jre\jre\bin\msvcr100.dll
0x0000000068160000 - 0x00000000689a1000 	F:\android-studio\jre\jre\bin\server\jvm.dll
0x00007ff9368b0000 - 0x00007ff9368b8000 	C:\WINDOWS\System32\PSAPI.DLL
0x00007ff92fd00000 - 0x00007ff92fd09000 	C:\WINDOWS\SYSTEM32\WSOCK32.dll
0x00007ff927b80000 - 0x00007ff927b8a000 	C:\WINDOWS\SYSTEM32\VERSION.dll
0x00007ff9338a0000 - 0x00007ff9338c3000 	C:\WINDOWS\SYSTEM32\WINMM.dll
0x00007ff937240000 - 0x00007ff9372ac000 	C:\WINDOWS\System32\WS2_32.dll
0x00007ff933450000 - 0x00007ff93347a000 	C:\WINDOWS\SYSTEM32\winmmbase.dll
0x00007ff9365e0000 - 0x00007ff936629000 	C:\WINDOWS\System32\cfgmgr32.dll
0x00007ff92fcf0000 - 0x00007ff92fcff000 	F:\android-studio\jre\jre\bin\verify.dll
0x00007ff928f50000 - 0x00007ff928f79000 	F:\android-studio\jre\jre\bin\java.dll
0x00007ff928f30000 - 0x00007ff928f46000 	F:\android-studio\jre\jre\bin\zip.dll
0x00007ff937fb0000 - 0x00007ff9393ef000 	C:\WINDOWS\System32\SHELL32.dll
0x00007ff936c20000 - 0x00007ff936cc9000 	C:\WINDOWS\System32\shcore.dll
0x00007ff935d60000 - 0x00007ff93646d000 	C:\WINDOWS\System32\windows.storage.dll
0x00007ff936bc0000 - 0x00007ff936c11000 	C:\WINDOWS\System32\shlwapi.dll
0x00007ff935740000 - 0x00007ff935751000 	C:\WINDOWS\System32\kernel.appcore.dll
0x00007ff9357b0000 - 0x00007ff9357cf000 	C:\WINDOWS\System32\profapi.dll
0x00007ff935760000 - 0x00007ff9357ac000 	C:\WINDOWS\System32\powrprof.dll
0x00007ff935730000 - 0x00007ff93573a000 	C:\WINDOWS\System32\FLTLIB.DLL
0x00007ff928f10000 - 0x00007ff928f2a000 	F:\android-studio\jre\jre\bin\net.dll
0x00007ff934fb0000 - 0x00007ff935016000 	C:\WINDOWS\system32\mswsock.dll
0x00007ff928ef0000 - 0x00007ff928f01000 	F:\android-studio\jre\jre\bin\nio.dll
0x00007ff929720000 - 0x00007ff92973e000 	C:\Users\Administrator\.gradle\native\25\windows-amd64\native-platform.dll
0x00007ff92fc70000 - 0x00007ff92fc7d000 	F:\android-studio\jre\jre\bin\management.dll
0x00007ff935160000 - 0x00007ff935177000 	C:\WINDOWS\SYSTEM32\CRYPTSP.dll
0x00007ff934b30000 - 0x00007ff934b63000 	C:\WINDOWS\system32\rsaenh.dll
0x00007ff935290000 - 0x00007ff9352b5000 	C:\WINDOWS\SYSTEM32\bcrypt.dll
0x00007ff935660000 - 0x00007ff935688000 	C:\WINDOWS\SYSTEM32\USERENV.dll
0x00007ff935180000 - 0x00007ff93518b000 	C:\WINDOWS\SYSTEM32\CRYPTBASE.dll
0x00007ff934cd0000 - 0x00007ff934d08000 	C:\WINDOWS\SYSTEM32\IPHLPAPI.DLL
0x00007ff9379e0000 - 0x00007ff9379e8000 	C:\WINDOWS\System32\NSI.dll
0x00007ff931440000 - 0x00007ff931456000 	C:\WINDOWS\SYSTEM32\dhcpcsvc6.DLL
0x00007ff931410000 - 0x00007ff93142a000 	C:\WINDOWS\SYSTEM32\dhcpcsvc.DLL

VM Arguments:
jvm_args: -Xmx1536M -Dfile.encoding=GBK -Duser.country=CN -Duser.language=zh -Duser.variant 
java_command: org.gradle.launcher.daemon.bootstrap.GradleDaemon 4.1
java_class_path (initial): C:\Users\Administrator\.gradle\wrapper\dists\gradle-4.1-all\bzyivzo6n839fup2jbap0tjew\gradle-4.1\lib\gradle-launcher-4.1.jar
Launcher Type: SUN_STANDARD

Environment Variables:
JAVA_HOME=F:\android-studio\jre
CLASSPATH=F:\Flutter_Work\newstudentapp\android\\gradle\wrapper\gradle-wrapper.jar
PATH=C:\WINDOWS\system32;C:\WINDOWS;C:\WINDOWS\System32\Wbem;C:\WINDOWS\System32\WindowsPowerShell\v1.0\;D:\Git\cmd;.;D:\Java\jdk1.8.0_91\lib\dt.jar;D:\Java\jdk1.8.0_91\lib\tools.jar;D:\Java\jdk1.8.0_91\bin;E:\android\android-sdk\platform-tools;E:\android\android-sdk\tools;F:\flutter\flutter\bin;F:\TortoiseSVN\bin;F:\tom9\bin;F:\tom9\lib;F:\mysql-8.0.11-winx64\bin;F:\MinGW\bin;C:\WINDOWS\System32\OpenSSH\;C:\ProgramData\chocolatey\bin;C:\Program Files\nodejs\;F:\Microsoft VS Code\bin;F:\Python\Python36\Scripts\;F:\Python\Python36\;C:\Users\Administrator\AppData\Local\Microsoft\WindowsApps;;F:\Microsoft VS Code\bin;C:\Users\Administrator\AppData\Roaming\npm
USERNAME=Administrator
OS=Windows_NT
PROCESSOR_IDENTIFIER=Intel64 Family 6 Model 60 Stepping 3, GenuineIntel



---------------  S Y S T E M  ---------------

OS: Windows 10.0 , 64 bit Build 17134 (10.0.17134.1)

CPU:total 8 (initial active 8) (4 cores per cpu, 2 threads per core) family 6 model 60 stepping 3, cmov, cx8, fxsr, mmx, sse, sse2, sse3, ssse3, sse4.1, sse4.2, popcnt, avx, avx2, aes, clmul, erms, lzcnt, ht, tsc, tscinvbit, bmi1, bmi2

Memory: 4k page, physical 8248304k(1077332k free), swap 8248304k(5724k free)

vm_info: OpenJDK 64-Bit Server VM (25.152-b06) for windows-amd64 JRE (1.8.0_152-release-1136-b06), built by "builder" with MS VC++ 10.0 (VS2010)

time: Fri Oct 12 14:58:10 2018
elapsed time: 5 seconds (0d 0h 0m 5s)

