#
# There is insufficient memory for the Java Runtime Environment to continue.
# Native memory allocation (malloc) failed to allocate 1076016 bytes for Chunk::new
# Possible reasons:
#   The system is out of physical RAM or swap space
#   In 32 bit mode, the process size limit was hit
# Possible solutions:
#   Reduce memory load on the system
#   Increase physical memory or swap space
#   Check if swap backing store is full
#   Use 64 bit Java on a 64 bit OS
#   Decrease Java heap size (-Xmx/-Xms)
#   Decrease number of Java threads
#   Decrease Java thread stack sizes (-Xss)
#   Set larger code cache with -XX:ReservedCodeCacheSize=
# This output file may be truncated or incomplete.
#
#  Out of Memory Error (allocation.cpp:390), pid=12860, tid=0x00000000000032b4
#
# JRE version: OpenJDK Runtime Environment (8.0_152-b06) (build 1.8.0_152-release-1136-b06)
# Java VM: OpenJDK 64-Bit Server VM (25.152-b06 mixed mode windows-amd64 compressed oops)
# Failed to write core dump. Minidumps are not enabled by default on client versions of Windows
#

---------------  T H R E A D  ---------------

Current thread (0x0000000018fd4800):  JavaThread "C2 CompilerThread2" daemon [_thread_in_native, id=12980, stack(0x00000000198b0000,0x00000000199b0000)]

Stack: [0x00000000198b0000,0x00000000199b0000]
[error occurred during error reporting (printing stack bounds), id 0xc0000005]

Native frames: (J=compiled Java code, j=interpreted, Vv=VM code, C=native code)


Current CompileTask:
C2:   4252 3705   !   4       java.util.jar.Attributes::read (380 bytes)


---------------  P R O C E S S  ---------------

Java Threads: ( => current thread )
  0x000000001de66800 JavaThread "Memory manager" [_thread_blocked, id=12720, stack(0x00000000232e0000,0x00000000233e0000)]
  0x000000001de66000 JavaThread "pool-1-thread-1" [_thread_blocked, id=12508, stack(0x0000000022fe0000,0x00000000230e0000)]
  0x000000001de68000 JavaThread "build operations Thread 8" [_thread_blocked, id=11196, stack(0x0000000022ce0000,0x0000000022de0000)]
  0x000000001dba6800 JavaThread "build operations Thread 7" [_thread_blocked, id=9096, stack(0x00000000229a0000,0x0000000022aa0000)]
  0x000000001dba5000 JavaThread "build operations Thread 6" [_thread_blocked, id=2312, stack(0x00000000228a0000,0x00000000229a0000)]
  0x000000001dba4800 JavaThread "build operations Thread 5" [_thread_blocked, id=5716, stack(0x00000000227a0000,0x00000000228a0000)]
  0x000000001dba9000 JavaThread "build operations Thread 4" [_thread_blocked, id=8048, stack(0x00000000226a0000,0x00000000227a0000)]
  0x000000001dba3800 JavaThread "build operations Thread 3" [_thread_blocked, id=13140, stack(0x00000000225a0000,0x00000000226a0000)]
  0x000000001dba8000 JavaThread "build operations Thread 2" [_thread_blocked, id=5776, stack(0x0000000022070000,0x0000000022170000)]
  0x000000001dba7800 JavaThread "build operations" [_thread_blocked, id=560, stack(0x000000001fee0000,0x000000001ffe0000)]
  0x000000001dba6000 JavaThread "Cache worker for Artifact transforms cache (C:\Users\Administrator\.gradle\caches\transforms-1)" [_thread_blocked, id=13308, stack(0x000000001f900000,0x000000001fa00000)]
  0x000000001b8bc000 JavaThread "Cache worker for file hash cache (F:\Flutter_Work\newstudentapp\android\.gradle\4.1\fileHashes)" [_thread_blocked, id=9240, stack(0x000000001d660000,0x000000001d760000)]
  0x000000001ae01000 JavaThread "File lock request listener" [_thread_in_native, id=10504, stack(0x000000001d560000,0x000000001d660000)]
  0x000000001ae1a000 JavaThread "Cache worker for file hash cache (C:\Users\Administrator\.gradle\caches\4.1\fileHashes)" [_thread_blocked, id=4160, stack(0x000000001d260000,0x000000001d360000)]
  0x000000001b414800 JavaThread "Stdin handler" [_thread_blocked, id=8624, stack(0x000000001d160000,0x000000001d260000)]
  0x000000001b417800 JavaThread "Asynchronous log dispatcher for DefaultDaemonConnection: socket connection from /127.0.0.1:49174 to /127.0.0.1:49175" [_thread_blocked, id=1188, stack(0x000000001cf60000,0x000000001d060000)]
  0x000000001ab3b000 JavaThread "Daemon worker" [_thread_in_native, id=8216, stack(0x000000001ce60000,0x000000001cf60000)]
  0x000000001ab35800 JavaThread "Cancel handler" [_thread_blocked, id=12952, stack(0x000000001cd60000,0x000000001ce60000)]
  0x000000001b47e800 JavaThread "Handler for socket connection from /127.0.0.1:49174 to /127.0.0.1:49175" [_thread_in_native, id=6828, stack(0x000000001ca60000,0x000000001cb60000)]
  0x000000001b47d800 JavaThread "Daemon" [_thread_blocked, id=12672, stack(0x000000001c960000,0x000000001ca60000)]
  0x000000001abab000 JavaThread "Daemon periodic checks" [_thread_blocked, id=3340, stack(0x000000001c860000,0x000000001c960000)]
  0x000000001b815000 JavaThread "Incoming local TCP Connector on port 49174" [_thread_in_native, id=8080, stack(0x000000001c760000,0x000000001c860000)]
  0x0000000019069800 JavaThread "Service Thread" daemon [_thread_blocked, id=9748, stack(0x0000000019ab0000,0x0000000019bb0000)]
  0x0000000018fd9800 JavaThread "C1 CompilerThread3" daemon [_thread_blocked, id=12984, stack(0x00000000199b0000,0x0000000019ab0000)]
=>0x0000000018fd4800 JavaThread "C2 CompilerThread2" daemon [_thread_in_native, id=12980, stack(0x00000000198b0000,0x00000000199b0000)]
  0x0000000018fd4000 JavaThread "C2 CompilerThread1" daemon [_thread_in_native, id=5396, stack(0x00000000197b0000,0x00000000198b0000)]
  0x0000000018fcd000 JavaThread "C2 CompilerThread0" daemon [_thread_in_native, id=8140, stack(0x00000000196b0000,0x00000000197b0000)]
  0x0000000018fcb800 JavaThread "Attach Listener" daemon [_thread_blocked, id=10740, stack(0x00000000195b0000,0x00000000196b0000)]
  0x0000000018f79000 JavaThread "Signal Dispatcher" daemon [_thread_blocked, id=636, stack(0x00000000194b0000,0x00000000195b0000)]
  0x0000000017051800 JavaThread "Finalizer" daemon [_thread_blocked, id=4628, stack(0x0000000019340000,0x0000000019440000)]
  0x0000000003267000 JavaThread "Reference Handler" daemon [_thread_blocked, id=5108, stack(0x0000000018e40000,0x0000000018f40000)]
  0x0000000000f1e800 JavaThread "main" [_thread_blocked, id=10688, stack(0x0000000003070000,0x0000000003170000)]

Other Threads:
  0x0000000017047800 VMThread [stack: 0x0000000018d40000,0x0000000018e40000] [id=9196]
  0x000000001906c000 WatcherThread [stack: 0x0000000019bb0000,0x0000000019cb0000] [id=5784]

VM state:not at safepoint (normal execution)

VM Mutex/Monitor currently owned by a thread: None

Heap:
 PSYoungGen      total 70656K, used 23118K [0x00000000e0000000, 0x00000000e4a00000, 0x0000000100000000)
  eden space 65536K, 27% used [0x00000000e0000000,0x00000000e1194e60,0x00000000e4000000)
  from space 5120K, 99% used [0x00000000e4500000,0x00000000e49fecb8,0x00000000e4a00000)
  to   space 5120K, 0% used [0x00000000e4000000,0x00000000e4000000,0x00000000e4500000)
 ParOldGen       total 67072K, used 17215K [0x00000000a0000000, 0x00000000a4180000, 0x00000000e0000000)
  object space 67072K, 25% used [0x00000000a0000000,0x00000000a10cff50,0x00000000a4180000)
 Metaspace       used 38950K, capacity 39698K, committed 39768K, reserved 1083392K
  class space    used 5262K, capacity 5486K, committed 5504K, reserved 1048576K

Card table byte_map: [0x0000000012630000,0x0000000012940000] byte_map_base: 0x0000000012130000

Marking Bits: (ParMarkBitMap*) 0x0000000068925aa0
 Begin Bits: [0x0000000013340000, 0x0000000014b40000)
 End Bits:   [0x0000000014b40000, 0x0000000016340000)

Polling page: 0x0000000000bf0000

CodeCache: size=245760Kb used=13497Kb max_used=13509Kb free=232262Kb
 bounds [0x0000000003270000, 0x0000000003fb0000, 0x0000000012270000]
 total_blobs=4549 nmethods=3833 adapters=629
 compilation: enabled

Compilation events (10 events):
Event: 4.236 Thread 0x0000000018fd9800 3851       1       com.google.common.collect.Iterators$2::hasNext (2 bytes)
Event: 4.236 Thread 0x0000000018fd9800 nmethod 3851 0x0000000003f8f690 code [0x0000000003f8f7e0, 0x0000000003f8f8f0]
Event: 4.236 Thread 0x0000000018fd9800 3852       2       java.lang.invoke.MemberName::getType (19 bytes)
Event: 4.237 Thread 0x0000000018fd9800 nmethod 3852 0x0000000003f8f290 code [0x0000000003f8f400, 0x0000000003f8f5d8]
Event: 4.237 Thread 0x0000000018fd9800 3853       2       java.lang.Class::getMethods (17 bytes)
Event: 4.237 Thread 0x0000000018fd9800 nmethod 3853 0x0000000003f8ee50 code [0x0000000003f8efe0, 0x0000000003f8f1b8]
Event: 4.238 Thread 0x0000000018fcd000 nmethod 3702 0x0000000003f8e7d0 code [0x0000000003f8e920, 0x0000000003f8ec38]
Event: 4.238 Thread 0x0000000018fcd000 3722       4       java.math.BigInteger::addOne (77 bytes)
Event: 4.239 Thread 0x0000000018fcd000 nmethod 3722 0x0000000003f8e410 code [0x0000000003f8e560, 0x0000000003f8e678]
Event: 4.239 Thread 0x0000000018fcd000 3752       4       sun.security.provider.SHA::implCompress (491 bytes)

GC Heap History (10 events):
Event: 2.529 GC heap before
{Heap before GC invocations=6 (full 1):
 PSYoungGen      total 70656K, used 65536K [0x00000000e0000000, 0x00000000e4a00000, 0x0000000100000000)
  eden space 65536K, 100% used [0x00000000e0000000,0x00000000e4000000,0x00000000e4000000)
  from space 5120K, 0% used [0x00000000e4500000,0x00000000e4500000,0x00000000e4a00000)
  to   space 5120K, 0% used [0x00000000e4000000,0x00000000e4000000,0x00000000e4500000)
 ParOldGen       total 67072K, used 9416K [0x00000000a0000000, 0x00000000a4180000, 0x00000000e0000000)
  object space 67072K, 14% used [0x00000000a0000000,0x00000000a0932028,0x00000000a4180000)
 Metaspace       used 25888K, capacity 26376K, committed 26496K, reserved 1073152K
  class space    used 3529K, capacity 3652K, committed 3712K, reserved 1048576K
Event: 2.538 GC heap after
Heap after GC invocations=6 (full 1):
 PSYoungGen      total 70656K, used 5114K [0x00000000e0000000, 0x00000000e4a00000, 0x0000000100000000)
  eden space 65536K, 0% used [0x00000000e0000000,0x00000000e0000000,0x00000000e4000000)
  from space 5120K, 99% used [0x00000000e4000000,0x00000000e44feb50,0x00000000e4500000)
  to   space 5120K, 0% used [0x00000000e4500000,0x00000000e4500000,0x00000000e4a00000)
 ParOldGen       total 67072K, used 11369K [0x00000000a0000000, 0x00000000a4180000, 0x00000000e0000000)
  object space 67072K, 16% used [0x00000000a0000000,0x00000000a0b1a7f8,0x00000000a4180000)
 Metaspace       used 25888K, capacity 26376K, committed 26496K, reserved 1073152K
  class space    used 3529K, capacity 3652K, committed 3712K, reserved 1048576K
}
Event: 3.251 GC heap before
{Heap before GC invocations=7 (full 1):
 PSYoungGen      total 70656K, used 70650K [0x00000000e0000000, 0x00000000e4a00000, 0x0000000100000000)
  eden space 65536K, 100% used [0x00000000e0000000,0x00000000e4000000,0x00000000e4000000)
  from space 5120K, 99% used [0x00000000e4000000,0x00000000e44feb50,0x00000000e4500000)
  to   space 5120K, 0% used [0x00000000e4500000,0x00000000e4500000,0x00000000e4a00000)
 ParOldGen       total 67072K, used 11369K [0x00000000a0000000, 0x00000000a4180000, 0x00000000e0000000)
  object space 67072K, 16% used [0x00000000a0000000,0x00000000a0b1a7f8,0x00000000a4180000)
 Metaspace       used 30303K, capacity 31020K, committed 31360K, reserved 1077248K
  class space    used 4167K, capacity 4396K, committed 4480K, reserved 1048576K
Event: 3.258 GC heap after
Heap after GC invocations=7 (full 1):
 PSYoungGen      total 70656K, used 5120K [0x00000000e0000000, 0x00000000e4a00000, 0x0000000100000000)
  eden space 65536K, 0% used [0x00000000e0000000,0x00000000e0000000,0x00000000e4000000)
  from space 5120K, 100% used [0x00000000e4500000,0x00000000e4a00000,0x00000000e4a00000)
  to   space 5120K, 0% used [0x00000000e4000000,0x00000000e4000000,0x00000000e4500000)
 ParOldGen       total 67072K, used 16605K [0x00000000a0000000, 0x00000000a4180000, 0x00000000e0000000)
  object space 67072K, 24% used [0x00000000a0000000,0x00000000a1037600,0x00000000a4180000)
 Metaspace       used 30303K, capacity 31020K, committed 31360K, reserved 1077248K
  class space    used 4167K, capacity 4396K, committed 4480K, reserved 1048576K
}
Event: 3.569 GC heap before
{Heap before GC invocations=8 (full 1):
 PSYoungGen      total 70656K, used 31817K [0x00000000e0000000, 0x00000000e4a00000, 0x0000000100000000)
  eden space 65536K, 40% used [0x00000000e0000000,0x00000000e1a12548,0x00000000e4000000)
  from space 5120K, 100% used [0x00000000e4500000,0x00000000e4a00000,0x00000000e4a00000)
  to   space 5120K, 0% used [0x00000000e4000000,0x00000000e4000000,0x00000000e4500000)
 ParOldGen       total 67072K, used 16605K [0x00000000a0000000, 0x00000000a4180000, 0x00000000e0000000)
  object space 67072K, 24% used [0x00000000a0000000,0x00000000a1037600,0x00000000a4180000)
 Metaspace       used 34734K, capacity 35336K, committed 35416K, reserved 1079296K
  class space    used 4739K, capacity 4965K, committed 4992K, reserved 1048576K
Event: 3.576 GC heap after
Heap after GC invocations=8 (full 1):
 PSYoungGen      total 70656K, used 5120K [0x00000000e0000000, 0x00000000e4a00000, 0x0000000100000000)
  eden space 65536K, 0% used [0x00000000e0000000,0x00000000e0000000,0x00000000e4000000)
  from space 5120K, 100% used [0x00000000e4000000,0x00000000e4500000,0x00000000e4500000)
  to   space 5120K, 0% used [0x00000000e4500000,0x00000000e4500000,0x00000000e4a00000)
 ParOldGen       total 67072K, used 19862K [0x00000000a0000000, 0x00000000a4180000, 0x00000000e0000000)
  object space 67072K, 29% used [0x00000000a0000000,0x00000000a1365bc8,0x00000000a4180000)
 Metaspace       used 34734K, capacity 35336K, committed 35416K, reserved 1079296K
  class space    used 4739K, capacity 4965K, committed 4992K, reserved 1048576K
}
Event: 3.576 GC heap before
{Heap before GC invocations=9 (full 2):
 PSYoungGen      total 70656K, used 5120K [0x00000000e0000000, 0x00000000e4a00000, 0x0000000100000000)
  eden space 65536K, 0% used [0x00000000e0000000,0x00000000e0000000,0x00000000e4000000)
  from space 5120K, 100% used [0x00000000e4000000,0x00000000e4500000,0x00000000e4500000)
  to   space 5120K, 0% used [0x00000000e4500000,0x00000000e4500000,0x00000000e4a00000)
 ParOldGen       total 67072K, used 19862K [0x00000000a0000000, 0x00000000a4180000, 0x00000000e0000000)
  object space 67072K, 29% used [0x00000000a0000000,0x00000000a1365bc8,0x00000000a4180000)
 Metaspace       used 34734K, capacity 35336K, committed 35416K, reserved 1079296K
  class space    used 4739K, capacity 4965K, committed 4992K, reserved 1048576K
Event: 3.627 GC heap after
Heap after GC invocations=9 (full 2):
 PSYoungGen      total 70656K, used 0K [0x00000000e0000000, 0x00000000e4a00000, 0x0000000100000000)
  eden space 65536K, 0% used [0x00000000e0000000,0x00000000e0000000,0x00000000e4000000)
  from space 5120K, 0% used [0x00000000e4000000,0x00000000e4000000,0x00000000e4500000)
  to   space 5120K, 0% used [0x00000000e4500000,0x00000000e4500000,0x00000000e4a00000)
 ParOldGen       total 67072K, used 16023K [0x00000000a0000000, 0x00000000a4180000, 0x00000000e0000000)
  object space 67072K, 23% used [0x00000000a0000000,0x00000000a0fa5d98,0x00000000a4180000)
 Metaspace       used 34734K, capacity 35336K, committed 35416K, reserved 1079296K
  class space    used 4739K, capacity 4965K, committed 4992K, reserved 1048576K
}
Event: 4.112 GC heap before
{Heap before GC invocations=10 (full 2):
 PSYoungGen      total 70656K, used 65536K [0x00000000e0000000, 0x00000000e4a00000, 0x0000000100000000)
  eden space 65536K, 100% used [0x00000000e0000000,0x00000000e4000000,0x00000000e4000000)
  from space 5120K, 0% used [0x00000000e4000000,0x00000000e4000000,0x00000000e4500000)
  to   space 5120K, 0% used [0x00000000e4500000,0x00000000e4500000,0x00000000e4a00000)
 ParOldGen       total 67072K, used 16023K [0x00000000a0000000, 0x00000000a4180000, 0x00000000e0000000)
  object space 67072K, 23% used [0x00000000a0000000,0x00000000a0fa5d98,0x00000000a4180000)
 Metaspace       used 38417K, capacity 39092K, committed 39384K, reserved 1083392K
  class space    used 5172K, capacity 5371K, committed 5376K, reserved 1048576K
Event: 4.117 GC heap after
Heap after GC invocations=10 (full 2):
 PSYoungGen      total 70656K, used 5115K [0x00000000e0000000, 0x00000000e4a00000, 0x0000000100000000)
  eden space 65536K, 0% used [0x00000000e0000000,0x00000000e0000000,0x00000000e4000000)
  from space 5120K, 99% used [0x00000000e4500000,0x00000000e49fecb8,0x00000000e4a00000)
  to   space 5120K, 0% used [0x00000000e4000000,0x00000000e4000000,0x00000000e4500000)
 ParOldGen       total 67072K, used 17215K [0x00000000a0000000, 0x00000000a4180000, 0x00000000e0000000)
  object space 67072K, 25% used [0x00000000a0000000,0x00000000a10cff50,0x00000000a4180000)
 Metaspace       used 38417K, capacity 39092K, committed 39384K, reserved 1083392K
  class space    used 5172K, capacity 5371K, committed 5376K, reserved 1048576K
}

Deoptimization events (10 events):
Event: 3.687 Thread 0x000000001ab3b000 Uncommon trap: reason=unstable_if action=reinterpret pc=0x0000000003501414 method=java.util.HashMap.resize()[Ljava/util/HashMap$Node; @ 206
Event: 3.842 Thread 0x000000001ab3b000 Uncommon trap: reason=unstable_if action=reinterpret pc=0x0000000003c8b094 method=java.lang.ThreadLocal.get()Ljava/lang/Object; @ 11
Event: 3.869 Thread 0x000000001ab3b000 Uncommon trap: reason=bimorphic action=maybe_recompile pc=0x0000000003cb5978 method=java.util.Hashtable.get(Ljava/lang/Object;)Ljava/lang/Object; @ 6
Event: 3.870 Thread 0x000000001ab3b000 Uncommon trap: reason=unstable_if action=reinterpret pc=0x00000000036bc53c method=java.lang.CharacterDataLatin1.isWhitespace(I)Z @ 14
Event: 3.883 Thread 0x000000001ab3b000 Uncommon trap: reason=bimorphic action=maybe_recompile pc=0x0000000003cb5978 method=java.util.Hashtable.get(Ljava/lang/Object;)Ljava/lang/Object; @ 6
Event: 3.884 Thread 0x000000001ab3b000 Uncommon trap: reason=bimorphic action=maybe_recompile pc=0x0000000003cb5978 method=java.util.Hashtable.get(Ljava/lang/Object;)Ljava/lang/Object; @ 6
Event: 3.885 Thread 0x000000001ab3b000 Uncommon trap: reason=bimorphic action=maybe_recompile pc=0x0000000003cb5978 method=java.util.Hashtable.get(Ljava/lang/Object;)Ljava/lang/Object; @ 6
Event: 3.891 Thread 0x000000001ab3b000 Uncommon trap: reason=unstable_if action=reinterpret pc=0x00000000037e0aac method=java.security.CodeSource.getCertificates()[Ljava/security/cert/Certificate; @ 22
Event: 3.892 Thread 0x000000001ab3b000 Uncommon trap: reason=unstable_if action=reinterpret pc=0x00000000037da804 method=java.util.jar.JarFile.maybeInstantiateVerifier()V @ 75
Event: 3.893 Thread 0x000000001ab3b000 Uncommon trap: reason=unstable_if action=reinterpret pc=0x0000000003c92ab8 method=java.util.LinkedHashMap.get(Ljava/lang/Object;)Ljava/lang/Object; @ 20

Classes redefined (0 events):
No events

Internal exceptions (10 events):
Event: 4.021 Thread 0x000000001ab3b000 Exception <a 'java/lang/ClassNotFoundException': com/android/build/gradle/internal/api/DefaultAndroidSourceSetCustomizer> (0x00000000e33c2f48) thrown at [D:\src\AOSP-openjdk-cygwin\jdk8u\hotspot\src\share\vm\classfile\systemDictionary.cpp, line 210]
Event: 4.022 Thread 0x000000001ab3b000 Exception <a 'java/lang/ClassNotFoundException': com/android/build/gradle/internal/api/DefaultAndroidSourceSet_DecoratedCustomizer> (0x00000000e34204e0) thrown at [D:\src\AOSP-openjdk-cygwin\jdk8u\hotspot\src\share\vm\classfile\systemDictionary.cpp, line 
Event: 4.172 Thread 0x000000001ab3b000 Exception <a 'java/lang/ClassNotFoundException': com/android/build/gradle/internal/dsl/BuildType_DecoratedBeanInfo> (0x00000000e0a84cb8) thrown at [D:\src\AOSP-openjdk-cygwin\jdk8u\hotspot\src\share\vm\classfile\systemDictionary.cpp, line 210]
Event: 4.173 Thread 0x000000001ab3b000 Exception <a 'java/lang/ClassNotFoundException': com/android/build/gradle/internal/dsl/BuildTypeBeanInfo> (0x00000000e0a9a818) thrown at [D:\src\AOSP-openjdk-cygwin\jdk8u\hotspot\src\share\vm\classfile\systemDictionary.cpp, line 210]
Event: 4.173 Thread 0x000000001ab3b000 Exception <a 'java/lang/ClassNotFoundException': com/android/builder/core/DefaultBuildTypeBeanInfo> (0x00000000e0aaed48) thrown at [D:\src\AOSP-openjdk-cygwin\jdk8u\hotspot\src\share\vm\classfile\systemDictionary.cpp, line 210]
Event: 4.174 Thread 0x000000001ab3b000 Exception <a 'java/lang/ClassNotFoundException': com/android/builder/internal/BaseConfigImplBeanInfo> (0x00000000e0ac3f70) thrown at [D:\src\AOSP-openjdk-cygwin\jdk8u\hotspot\src\share\vm\classfile\systemDictionary.cpp, line 210]
Event: 4.174 Thread 0x000000001ab3b000 Exception <a 'java/lang/ClassNotFoundException': com/android/builder/internal/BaseConfigImplCustomizer> (0x00000000e0ad95e8) thrown at [D:\src\AOSP-openjdk-cygwin\jdk8u\hotspot\src\share\vm\classfile\systemDictionary.cpp, line 210]
Event: 4.175 Thread 0x000000001ab3b000 Exception <a 'java/lang/ClassNotFoundException': com/android/builder/core/DefaultBuildTypeCustomizer> (0x00000000e0b18148) thrown at [D:\src\AOSP-openjdk-cygwin\jdk8u\hotspot\src\share\vm\classfile\systemDictionary.cpp, line 210]
Event: 4.176 Thread 0x000000001ab3b000 Exception <a 'java/lang/ClassNotFoundException': com/android/build/gradle/internal/dsl/BuildTypeCustomizer> (0x00000000e0b49e78) thrown at [D:\src\AOSP-openjdk-cygwin\jdk8u\hotspot\src\share\vm\classfile\systemDictionary.cpp, line 210]
Event: 4.177 Thread 0x000000001ab3b000 Exception <a 'java/lang/ClassNotFoundException': com/android/build/gradle/internal/dsl/BuildType_DecoratedCustomizer> (0x00000000e0ba81f0) thrown at [D:\src\AOSP-openjdk-cygwin\jdk8u\hotspot\src\share\vm\classfile\systemDictionary.cpp, line 210]

Events (10 events):
Event: 4.236 loading class org/gradle/api/Project
Event: 4.236 loading class org/gradle/api/Project done
Event: 4.237 loading class org/gradle/api/Project
Event: 4.237 loading class org/gradle/api/Project done
Event: 4.237 loading class com/android/build/gradle/BasePlugin
Event: 4.237 loading class com/android/build/gradle/BasePlugin done
Event: 4.237 loading class org/gradle/internal/event/BroadcastDispatch$ActionInvocationHandler
Event: 4.237 loading class org/gradle/internal/event/BroadcastDispatch$ActionInvocationHandler done
Event: 4.237 loading class org/gradle/api/internal/plugins/DefaultObjectConfigurationAction$1
Event: 4.237 loading class org/gradle/api/internal/plugins/DefaultObjectConfigurationAction$1 done


Dynamic libraries:
0x00007ff690190000 - 0x00007ff6901c1000 	F:\android-studio\jre\bin\java.exe
0x00007ff939420000 - 0x00007ff939601000 	C:\WINDOWS\SYSTEM32\ntdll.dll
0x00007ff936b00000 - 0x00007ff936bb2000 	C:\WINDOWS\System32\KERNEL32.DLL
0x00007ff9359e0000 - 0x00007ff935c53000 	C:\WINDOWS\System32\KERNELBASE.dll
0x00007ff937bd0000 - 0x00007ff937c71000 	C:\WINDOWS\System32\ADVAPI32.dll
0x00007ff936a60000 - 0x00007ff936afe000 	C:\WINDOWS\System32\msvcrt.dll
0x00007ff9372e0000 - 0x00007ff93733b000 	C:\WINDOWS\System32\sechost.dll
0x00007ff936cd0000 - 0x00007ff936df4000 	C:\WINDOWS\System32\RPCRT4.dll
0x00007ff937830000 - 0x00007ff9379c0000 	C:\WINDOWS\System32\USER32.dll
0x00007ff936510000 - 0x00007ff936530000 	C:\WINDOWS\System32\win32u.dll
0x00007ff9379f0000 - 0x00007ff937a18000 	C:\WINDOWS\System32\GDI32.dll
0x00007ff936710000 - 0x00007ff9368a2000 	C:\WINDOWS\System32\gdi32full.dll
0x00007ff936470000 - 0x00007ff93650f000 	C:\WINDOWS\System32\msvcp_win.dll
0x00007ff935c60000 - 0x00007ff935d5a000 	C:\WINDOWS\System32\ucrtbase.dll
0x00007ff92b110000 - 0x00007ff92b379000 	C:\WINDOWS\WinSxS\amd64_microsoft.windows.common-controls_6595b64144ccf1df_6.0.17134.345_none_fb429a5930656358\COMCTL32.dll
0x00007ff937c80000 - 0x00007ff937fa3000 	C:\WINDOWS\System32\combase.dll
0x00007ff936690000 - 0x00007ff93670a000 	C:\WINDOWS\System32\bcryptPrimitives.dll
0x00007ff9372b0000 - 0x00007ff9372dd000 	C:\WINDOWS\System32\IMM32.DLL
0x0000000068080000 - 0x0000000068152000 	F:\android-studio\jre\jre\bin\msvcr100.dll
0x0000000068160000 - 0x00000000689a1000 	F:\android-studio\jre\jre\bin\server\jvm.dll
0x00007ff9368b0000 - 0x00007ff9368b8000 	C:\WINDOWS\System32\PSAPI.DLL
0x00007ff92fd00000 - 0x00007ff92fd09000 	C:\WINDOWS\SYSTEM32\WSOCK32.dll
0x00007ff9338a0000 - 0x00007ff9338c3000 	C:\WINDOWS\SYSTEM32\WINMM.dll
0x00007ff927b80000 - 0x00007ff927b8a000 	C:\WINDOWS\SYSTEM32\VERSION.dll
0x00007ff937240000 - 0x00007ff9372ac000 	C:\WINDOWS\System32\WS2_32.dll
0x00007ff933450000 - 0x00007ff93347a000 	C:\WINDOWS\SYSTEM32\WINMMBASE.dll
0x00007ff9365e0000 - 0x00007ff936629000 	C:\WINDOWS\System32\cfgmgr32.dll
0x00007ff92fcf0000 - 0x00007ff92fcff000 	F:\android-studio\jre\jre\bin\verify.dll
0x00007ff92c480000 - 0x00007ff92c4a9000 	F:\android-studio\jre\jre\bin\java.dll
0x00007ff92c460000 - 0x00007ff92c476000 	F:\android-studio\jre\jre\bin\zip.dll
0x00007ff937fb0000 - 0x00007ff9393ef000 	C:\WINDOWS\System32\SHELL32.dll
0x00007ff936c20000 - 0x00007ff936cc9000 	C:\WINDOWS\System32\shcore.dll
0x00007ff935d60000 - 0x00007ff93646d000 	C:\WINDOWS\System32\windows.storage.dll
0x00007ff936bc0000 - 0x00007ff936c11000 	C:\WINDOWS\System32\shlwapi.dll
0x00007ff935740000 - 0x00007ff935751000 	C:\WINDOWS\System32\kernel.appcore.dll
0x00007ff9357b0000 - 0x00007ff9357cf000 	C:\WINDOWS\System32\profapi.dll
0x00007ff935760000 - 0x00007ff9357ac000 	C:\WINDOWS\System32\powrprof.dll
0x00007ff935730000 - 0x00007ff93573a000 	C:\WINDOWS\System32\FLTLIB.DLL
0x00007ff92c440000 - 0x00007ff92c45a000 	F:\android-studio\jre\jre\bin\net.dll
0x00007ff934fb0000 - 0x00007ff935016000 	C:\WINDOWS\system32\mswsock.dll
0x00007ff92c420000 - 0x00007ff92c431000 	F:\android-studio\jre\jre\bin\nio.dll
0x00007ff929720000 - 0x00007ff92973e000 	C:\Users\Administrator\.gradle\native\25\windows-amd64\native-platform.dll
0x00007ff92fc70000 - 0x00007ff92fc7d000 	F:\android-studio\jre\jre\bin\management.dll
0x00007ff935160000 - 0x00007ff935177000 	C:\WINDOWS\SYSTEM32\CRYPTSP.dll
0x00007ff934b30000 - 0x00007ff934b63000 	C:\WINDOWS\system32\rsaenh.dll
0x00007ff935290000 - 0x00007ff9352b5000 	C:\WINDOWS\SYSTEM32\bcrypt.dll
0x00007ff935660000 - 0x00007ff935688000 	C:\WINDOWS\SYSTEM32\USERENV.dll
0x00007ff935180000 - 0x00007ff93518b000 	C:\WINDOWS\SYSTEM32\CRYPTBASE.dll
0x00007ff934cd0000 - 0x00007ff934d08000 	C:\WINDOWS\SYSTEM32\IPHLPAPI.DLL
0x00007ff9379e0000 - 0x00007ff9379e8000 	C:\WINDOWS\System32\NSI.dll
0x00007ff931440000 - 0x00007ff931456000 	C:\WINDOWS\SYSTEM32\dhcpcsvc6.DLL
0x00007ff931410000 - 0x00007ff93142a000 	C:\WINDOWS\SYSTEM32\dhcpcsvc.DLL

VM Arguments:
jvm_args: -Xmx1536M -Dfile.encoding=GBK -Duser.country=CN -Duser.language=zh -Duser.variant 
java_command: org.gradle.launcher.daemon.bootstrap.GradleDaemon 4.1
java_class_path (initial): C:\Users\Administrator\.gradle\wrapper\dists\gradle-4.1-all\bzyivzo6n839fup2jbap0tjew\gradle-4.1\lib\gradle-launcher-4.1.jar
Launcher Type: SUN_STANDARD

Environment Variables:
JAVA_HOME=F:\android-studio\jre
CLASSPATH=F:\Flutter_Work\newstudentapp\android\\gradle\wrapper\gradle-wrapper.jar
PATH=C:\WINDOWS\system32;C:\WINDOWS;C:\WINDOWS\System32\Wbem;C:\WINDOWS\System32\WindowsPowerShell\v1.0\;D:\Git\cmd;.;D:\Java\jdk1.8.0_91\lib\dt.jar;D:\Java\jdk1.8.0_91\lib\tools.jar;D:\Java\jdk1.8.0_91\bin;E:\android\android-sdk\platform-tools;E:\android\android-sdk\tools;F:\flutter\flutter\bin;F:\TortoiseSVN\bin;F:\tom9\bin;F:\tom9\lib;F:\mysql-8.0.11-winx64\bin;F:\MinGW\bin;C:\WINDOWS\System32\OpenSSH\;C:\ProgramData\chocolatey\bin;C:\Program Files\nodejs\;F:\Microsoft VS Code\bin;F:\Python\Python36\Scripts\;F:\Python\Python36\;C:\Users\Administrator\AppData\Local\Microsoft\WindowsApps;;F:\Microsoft VS Code\bin;C:\Users\Administrator\AppData\Roaming\npm
USERNAME=Administrator
OS=Windows_NT
PROCESSOR_IDENTIFIER=Intel64 Family 6 Model 60 Stepping 3, GenuineIntel



---------------  S Y S T E M  ---------------

OS: Windows 10.0 , 64 bit Build 17134 (10.0.17134.1)

CPU:total 8 (initial active 8) (4 cores per cpu, 2 threads per core) family 6 model 60 stepping 3, cmov, cx8, fxsr, mmx, sse, sse2, sse3, ssse3, sse4.1, sse4.2, popcnt, avx, avx2, aes, clmul, erms, lzcnt, ht, tsc, tscinvbit, bmi1, bmi2

Memory: 4k page, physical 8248304k(1019292k free), swap 8248304k(9516k free)

vm_info: OpenJDK 64-Bit Server VM (25.152-b06) for windows-amd64 JRE (1.8.0_152-release-1136-b06), built by "builder" with MS VC++ 10.0 (VS2010)

time: Fri Oct 12 14:36:52 2018
elapsed time: 4 seconds (0d 0h 0m 4s)

