#
# There is insufficient memory for the Java Runtime Environment to continue.
# Native memory allocation (malloc) failed to allocate 1584032 bytes for Chunk::new
# Possible reasons:
#   The system is out of physical RAM or swap space
#   In 32 bit mode, the process size limit was hit
# Possible solutions:
#   Reduce memory load on the system
#   Increase physical memory or swap space
#   Check if swap backing store is full
#   Use 64 bit Java on a 64 bit OS
#   Decrease Java heap size (-Xmx/-Xms)
#   Decrease number of Java threads
#   Decrease Java thread stack sizes (-Xss)
#   Set larger code cache with -XX:ReservedCodeCacheSize=
# This output file may be truncated or incomplete.
#
#  Out of Memory Error (allocation.cpp:390), pid=5900, tid=0x00000000000033a0
#
# JRE version: OpenJDK Runtime Environment (8.0_152-b06) (build 1.8.0_152-release-1136-b06)
# Java VM: OpenJDK 64-Bit Server VM (25.152-b06 mixed mode windows-amd64 compressed oops)
# Failed to write core dump. Minidumps are not enabled by default on client versions of Windows
#

---------------  T H R E A D  ---------------

Current thread (0x00000000191db000):  JavaThread "C2 CompilerThread1" daemon [_thread_in_native, id=13216, stack(0x00000000199a0000,0x0000000019aa0000)]

Stack: [0x00000000199a0000,0x0000000019aa0000]
[error occurred during error reporting (printing stack bounds), id 0xc0000005]

Native frames: (J=compiled Java code, j=interpreted, Vv=VM code, C=native code)


Current CompileTask:
C2:   8430 7599   !   4       java.security.SecureClassLoader::getProtectionDomain (114 bytes)


---------------  P R O C E S S  ---------------

Java Threads: ( => current thread )
  0x000000001c166800 JavaThread "Memory manager" [_thread_blocked, id=12032, stack(0x0000000024590000,0x0000000024690000)]
  0x000000001c15f800 JavaThread "pool-1-thread-1" [_thread_blocked, id=6624, stack(0x0000000024490000,0x0000000024590000)]
  0x000000001c161000 JavaThread "build operations Thread 8" [_thread_blocked, id=12740, stack(0x0000000022f40000,0x0000000023040000)]
  0x000000001c164000 JavaThread "build operations Thread 7" [_thread_blocked, id=9296, stack(0x0000000022e40000,0x0000000022f40000)]
  0x000000001c165000 JavaThread "build operations Thread 6" [_thread_blocked, id=5960, stack(0x0000000022d40000,0x0000000022e40000)]
  0x000000001b2cd800 JavaThread "build operations Thread 5" [_thread_blocked, id=9492, stack(0x0000000022c40000,0x0000000022d40000)]
  0x000000001b2c7800 JavaThread "build operations Thread 4" [_thread_in_native, id=6544, stack(0x00000000218b0000,0x00000000219b0000)]
  0x000000001b2cc000 JavaThread "build operations Thread 3" [_thread_blocked, id=5864, stack(0x00000000217b0000,0x00000000218b0000)]
  0x000000001b2c9000 JavaThread "build operations Thread 2" [_thread_blocked, id=1396, stack(0x00000000216b0000,0x00000000217b0000)]
  0x000000001b2cc800 JavaThread "build operations" [_thread_blocked, id=12744, stack(0x00000000200a0000,0x00000000201a0000)]
  0x000000001b2c9800 JavaThread "Cache worker for Artifact transforms cache (C:\Users\Administrator\.gradle\caches\transforms-1)" [_thread_blocked, id=12568, stack(0x000000001fcc0000,0x000000001fdc0000)]
  0x000000001b9b1000 JavaThread "Cache worker for file hash cache (F:\Flutter_Work\newstudentapp\android\.gradle\4.1\fileHashes)" [_thread_blocked, id=11084, stack(0x000000001d820000,0x000000001d920000)]
  0x000000001af79000 JavaThread "File lock request listener" [_thread_in_native, id=12380, stack(0x000000001d720000,0x000000001d820000)]
  0x000000001b54d800 JavaThread "Cache worker for file hash cache (C:\Users\Administrator\.gradle\caches\4.1\fileHashes)" [_thread_blocked, id=13000, stack(0x000000001d420000,0x000000001d520000)]
  0x000000001ae32800 JavaThread "Stdin handler" [_thread_blocked, id=1224, stack(0x000000001d320000,0x000000001d420000)]
  0x000000001ac3c000 JavaThread "Asynchronous log dispatcher for DefaultDaemonConnection: socket connection from /127.0.0.1:49341 to /127.0.0.1:49342" [_thread_blocked, id=7932, stack(0x000000001d120000,0x000000001d220000)]
  0x000000001ae36000 JavaThread "Daemon worker" [_thread_blocked, id=2932, stack(0x000000001d020000,0x000000001d120000)]
  0x000000001ac3c800 JavaThread "Cancel handler" [_thread_blocked, id=7496, stack(0x000000001cf20000,0x000000001d020000)]
  0x000000001ad30000 JavaThread "Handler for socket connection from /127.0.0.1:49341 to /127.0.0.1:49342" [_thread_in_native, id=12100, stack(0x000000001cc20000,0x000000001cd20000)]
  0x000000001adc2000 JavaThread "Daemon" [_thread_blocked, id=3188, stack(0x000000001cb20000,0x000000001cc20000)]
  0x000000001acce800 JavaThread "Daemon periodic checks" [_thread_blocked, id=224, stack(0x000000001ca20000,0x000000001cb20000)]
  0x000000001accc000 JavaThread "Incoming local TCP Connector on port 49341" [_thread_in_native, id=5752, stack(0x000000001c640000,0x000000001c740000)]
  0x00000000192bc800 JavaThread "Service Thread" daemon [_thread_blocked, id=316, stack(0x0000000019ca0000,0x0000000019da0000)]
  0x000000001923b800 JavaThread "C1 CompilerThread3" daemon [_thread_blocked, id=4388, stack(0x0000000019ba0000,0x0000000019ca0000)]
  0x00000000191db800 JavaThread "C2 CompilerThread2" daemon [_thread_in_native, id=7952, stack(0x0000000019aa0000,0x0000000019ba0000)]
=>0x00000000191db000 JavaThread "C2 CompilerThread1" daemon [_thread_in_native, id=13216, stack(0x00000000199a0000,0x0000000019aa0000)]
  0x00000000191d9000 JavaThread "C2 CompilerThread0" daemon [_thread_blocked, id=7480, stack(0x00000000198a0000,0x00000000199a0000)]
  0x00000000191d7800 JavaThread "Attach Listener" daemon [_thread_blocked, id=7184, stack(0x00000000197a0000,0x00000000198a0000)]
  0x0000000019230800 JavaThread "Signal Dispatcher" daemon [_thread_blocked, id=976, stack(0x00000000196a0000,0x00000000197a0000)]
  0x00000000172d1000 JavaThread "Finalizer" daemon [_thread_blocked, id=11912, stack(0x00000000195a0000,0x00000000196a0000)]
  0x0000000003507000 JavaThread "Reference Handler" daemon [_thread_blocked, id=12444, stack(0x00000000190a0000,0x00000000191a0000)]
  0x0000000002e8e800 JavaThread "main" [_thread_blocked, id=9624, stack(0x0000000003310000,0x0000000003410000)]

Other Threads:
  0x00000000172c7000 VMThread [stack: 0x0000000018fa0000,0x00000000190a0000] [id=1064]
  0x000000001924d000 WatcherThread [stack: 0x0000000019da0000,0x0000000019ea0000] [id=9756]

VM state:not at safepoint (normal execution)

VM Mutex/Monitor currently owned by a thread: None

Heap:
 PSYoungGen      total 215552K, used 15989K [0x00000000e0000000, 0x00000000efd80000, 0x0000000100000000)
  eden space 190976K, 8% used [0x00000000e0000000,0x00000000e0f9d648,0x00000000eba80000)
  from space 24576K, 0% used [0x00000000ed500000,0x00000000ed500000,0x00000000eed00000)
  to   space 27136K, 0% used [0x00000000eba80000,0x00000000eba80000,0x00000000ed500000)
 ParOldGen       total 163840K, used 47514K [0x00000000a0000000, 0x00000000aa000000, 0x00000000e0000000)
  object space 163840K, 29% used [0x00000000a0000000,0x00000000a2e66af8,0x00000000aa000000)
 Metaspace       used 58558K, capacity 60756K, committed 61144K, reserved 1101824K
  class space    used 7816K, capacity 8372K, committed 8448K, reserved 1048576K

Card table byte_map: [0x00000000128d0000,0x0000000012be0000] byte_map_base: 0x00000000123d0000

Marking Bits: (ParMarkBitMap*) 0x0000000068925aa0
 Begin Bits: [0x00000000135e0000, 0x0000000014de0000)
 End Bits:   [0x0000000014de0000, 0x00000000165e0000)

Polling page: 0x0000000002e50000

CodeCache: size=245760Kb used=22291Kb max_used=23116Kb free=223468Kb
 bounds [0x0000000003510000, 0x0000000004c20000, 0x0000000012510000]
 total_blobs=7361 nmethods=6552 adapters=722
 compilation: enabled

Compilation events (10 events):
Event: 8.227 Thread 0x000000001923b800 7605       3       java.util.concurrent.ConcurrentHashMap::sumCount (48 bytes)
Event: 8.227 Thread 0x000000001923b800 nmethod 7605 0x0000000003aaa350 code [0x0000000003aaa4c0, 0x0000000003aaa770]
Event: 8.227 Thread 0x000000001923b800 7606       3       java.net.URI::access$2800 (4 bytes)
Event: 8.228 Thread 0x000000001923b800 nmethod 7606 0x0000000004037150 code [0x00000000040372a0, 0x00000000040373d0]
Event: 8.228 Thread 0x000000001923b800 7607       3       java.net.URI::access$2900 (4 bytes)
Event: 8.228 Thread 0x000000001923b800 nmethod 7607 0x00000000041170d0 code [0x0000000004117220, 0x0000000004117350]
Event: 8.330 Thread 0x000000001923b800 7608       1       java.util.concurrent.locks.AbstractQueuedSynchronizer::setState (6 bytes)
Event: 8.330 Thread 0x000000001923b800 nmethod 7608 0x0000000004680cd0 code [0x0000000004680e20, 0x0000000004680f30]
Event: 8.330 Thread 0x000000001923b800 7609       3       java.util.concurrent.locks.LockSupport::parkNanos (29 bytes)
Event: 8.331 Thread 0x000000001923b800 nmethod 7609 0x000000000397add0 code [0x000000000397af40, 0x000000000397b2c8]

GC Heap History (10 events):
Event: 5.352 GC heap before
{Heap before GC invocations=11 (full 2):
 PSYoungGen      total 138752K, used 138270K [0x00000000e0000000, 0x00000000e9680000, 0x0000000100000000)
  eden space 129024K, 100% used [0x00000000e0000000,0x00000000e7e00000,0x00000000e7e00000)
  from space 9728K, 95% used [0x00000000e8d00000,0x00000000e9607a98,0x00000000e9680000)
  to   space 12288K, 0% used [0x00000000e7e80000,0x00000000e7e80000,0x00000000e8a80000)
 ParOldGen       total 102912K, used 16064K [0x00000000a0000000, 0x00000000a6480000, 0x00000000e0000000)
  object space 102912K, 15% used [0x00000000a0000000,0x00000000a0fb0380,0x00000000a6480000)
 Metaspace       used 45768K, capacity 46960K, committed 47064K, reserved 1089536K
  class space    used 6177K, capacity 6571K, committed 6656K, reserved 1048576K
Event: 5.364 GC heap after
Heap after GC invocations=11 (full 2):
 PSYoungGen      total 141824K, used 12266K [0x00000000e0000000, 0x00000000eb800000, 0x0000000100000000)
  eden space 129536K, 0% used [0x00000000e0000000,0x00000000e0000000,0x00000000e7e80000)
  from space 12288K, 99% used [0x00000000e7e80000,0x00000000e8a7aac0,0x00000000e8a80000)
  to   space 15360K, 0% used [0x00000000ea900000,0x00000000ea900000,0x00000000eb800000)
 ParOldGen       total 102912K, used 20668K [0x00000000a0000000, 0x00000000a6480000, 0x00000000e0000000)
  object space 102912K, 20% used [0x00000000a0000000,0x00000000a142f108,0x00000000a6480000)
 Metaspace       used 45768K, capacity 46960K, committed 47064K, reserved 1089536K
  class space    used 6177K, capacity 6571K, committed 6656K, reserved 1048576K
}
Event: 5.760 GC heap before
{Heap before GC invocations=12 (full 2):
 PSYoungGen      total 141824K, used 141802K [0x00000000e0000000, 0x00000000eb800000, 0x0000000100000000)
  eden space 129536K, 100% used [0x00000000e0000000,0x00000000e7e80000,0x00000000e7e80000)
  from space 12288K, 99% used [0x00000000e7e80000,0x00000000e8a7aac0,0x00000000e8a80000)
  to   space 15360K, 0% used [0x00000000ea900000,0x00000000ea900000,0x00000000eb800000)
 ParOldGen       total 102912K, used 20668K [0x00000000a0000000, 0x00000000a6480000, 0x00000000e0000000)
  object space 102912K, 20% used [0x00000000a0000000,0x00000000a142f108,0x00000000a6480000)
 Metaspace       used 46107K, capacity 47260K, committed 47576K, reserved 1089536K
  class space    used 6194K, capacity 6579K, committed 6656K, reserved 1048576K
Event: 5.774 GC heap after
Heap after GC invocations=12 (full 2):
 PSYoungGen      total 170496K, used 15334K [0x00000000e0000000, 0x00000000ec200000, 0x0000000100000000)
  eden space 155136K, 0% used [0x00000000e0000000,0x00000000e0000000,0x00000000e9780000)
  from space 15360K, 99% used [0x00000000ea900000,0x00000000eb7f9a60,0x00000000eb800000)
  to   space 17920K, 0% used [0x00000000e9780000,0x00000000e9780000,0x00000000ea900000)
 ParOldGen       total 102912K, used 22733K [0x00000000a0000000, 0x00000000a6480000, 0x00000000e0000000)
  object space 102912K, 22% used [0x00000000a0000000,0x00000000a1633740,0x00000000a6480000)
 Metaspace       used 46107K, capacity 47260K, committed 47576K, reserved 1089536K
  class space    used 6194K, capacity 6579K, committed 6656K, reserved 1048576K
}
Event: 7.291 GC heap before
{Heap before GC invocations=13 (full 2):
 PSYoungGen      total 170496K, used 170470K [0x00000000e0000000, 0x00000000ec200000, 0x0000000100000000)
  eden space 155136K, 100% used [0x00000000e0000000,0x00000000e9780000,0x00000000e9780000)
  from space 15360K, 99% used [0x00000000ea900000,0x00000000eb7f9a60,0x00000000eb800000)
  to   space 17920K, 0% used [0x00000000e9780000,0x00000000e9780000,0x00000000ea900000)
 ParOldGen       total 102912K, used 22733K [0x00000000a0000000, 0x00000000a6480000, 0x00000000e0000000)
  object space 102912K, 22% used [0x00000000a0000000,0x00000000a1633740,0x00000000a6480000)
 Metaspace       used 54660K, capacity 56802K, committed 57048K, reserved 1097728K
  class space    used 7326K, capacity 7876K, committed 7936K, reserved 1048576K
Event: 7.313 GC heap after
Heap after GC invocations=13 (full 2):
 PSYoungGen      total 173056K, used 17914K [0x00000000e0000000, 0x00000000eed00000, 0x0000000100000000)
  eden space 155136K, 0% used [0x00000000e0000000,0x00000000e0000000,0x00000000e9780000)
  from space 17920K, 99% used [0x00000000e9780000,0x00000000ea8feb20,0x00000000ea900000)
  to   space 24576K, 0% used [0x00000000ed500000,0x00000000ed500000,0x00000000eed00000)
 ParOldGen       total 102912K, used 35028K [0x00000000a0000000, 0x00000000a6480000, 0x00000000e0000000)
  object space 102912K, 34% used [0x00000000a0000000,0x00000000a22350d8,0x00000000a6480000)
 Metaspace       used 54660K, capacity 56802K, committed 57048K, reserved 1097728K
  class space    used 7326K, capacity 7876K, committed 7936K, reserved 1048576K
}
Event: 7.599 GC heap before
{Heap before GC invocations=14 (full 2):
 PSYoungGen      total 173056K, used 45748K [0x00000000e0000000, 0x00000000eed00000, 0x0000000100000000)
  eden space 155136K, 17% used [0x00000000e0000000,0x00000000e1b2e638,0x00000000e9780000)
  from space 17920K, 99% used [0x00000000e9780000,0x00000000ea8feb20,0x00000000ea900000)
  to   space 24576K, 0% used [0x00000000ed500000,0x00000000ed500000,0x00000000eed00000)
 ParOldGen       total 102912K, used 35028K [0x00000000a0000000, 0x00000000a6480000, 0x00000000e0000000)
  object space 102912K, 34% used [0x00000000a0000000,0x00000000a22350d8,0x00000000a6480000)
 Metaspace       used 56710K, capacity 58964K, committed 59028K, reserved 1099776K
  class space    used 7614K, capacity 8187K, committed 8192K, reserved 1048576K
Event: 7.620 GC heap after
Heap after GC invocations=14 (full 2):
 PSYoungGen      total 215552K, used 21610K [0x00000000e0000000, 0x00000000efd80000, 0x0000000100000000)
  eden space 190976K, 0% used [0x00000000e0000000,0x00000000e0000000,0x00000000eba80000)
  from space 24576K, 87% used [0x00000000ed500000,0x00000000eea1abf8,0x00000000eed00000)
  to   space 27136K, 0% used [0x00000000eba80000,0x00000000eba80000,0x00000000ed500000)
 ParOldGen       total 102912K, used 35036K [0x00000000a0000000, 0x00000000a6480000, 0x00000000e0000000)
  object space 102912K, 34% used [0x00000000a0000000,0x00000000a22370d8,0x00000000a6480000)
 Metaspace       used 56710K, capacity 58964K, committed 59028K, reserved 1099776K
  class space    used 7614K, capacity 8187K, committed 8192K, reserved 1048576K
}
Event: 7.620 GC heap before
{Heap before GC invocations=15 (full 3):
 PSYoungGen      total 215552K, used 21610K [0x00000000e0000000, 0x00000000efd80000, 0x0000000100000000)
  eden space 190976K, 0% used [0x00000000e0000000,0x00000000e0000000,0x00000000eba80000)
  from space 24576K, 87% used [0x00000000ed500000,0x00000000eea1abf8,0x00000000eed00000)
  to   space 27136K, 0% used [0x00000000eba80000,0x00000000eba80000,0x00000000ed500000)
 ParOldGen       total 102912K, used 35036K [0x00000000a0000000, 0x00000000a6480000, 0x00000000e0000000)
  object space 102912K, 34% used [0x00000000a0000000,0x00000000a22370d8,0x00000000a6480000)
 Metaspace       used 56710K, capacity 58964K, committed 59028K, reserved 1099776K
  class space    used 7614K, capacity 8187K, committed 8192K, reserved 1048576K
Event: 7.821 GC heap after
Heap after GC invocations=15 (full 3):
 PSYoungGen      total 215552K, used 0K [0x00000000e0000000, 0x00000000efd80000, 0x0000000100000000)
  eden space 190976K, 0% used [0x00000000e0000000,0x00000000e0000000,0x00000000eba80000)
  from space 24576K, 0% used [0x00000000ed500000,0x00000000ed500000,0x00000000eed00000)
  to   space 27136K, 0% used [0x00000000eba80000,0x00000000eba80000,0x00000000ed500000)
 ParOldGen       total 163840K, used 47514K [0x00000000a0000000, 0x00000000aa000000, 0x00000000e0000000)
  object space 163840K, 29% used [0x00000000a0000000,0x00000000a2e66af8,0x00000000aa000000)
 Metaspace       used 56672K, capacity 58922K, committed 59028K, reserved 1099776K
  class space    used 7603K, capacity 8173K, committed 8192K, reserved 1048576K
}

Deoptimization events (10 events):
Event: 8.140 Thread 0x000000001c165000 Uncommon trap: reason=unstable_if action=reinterpret pc=0x000000000402a7a4 method=java.lang.CharacterDataLatin1.digit(II)I @ 60
Event: 8.141 Thread 0x000000001b2c7800 Uncommon trap: reason=predicate action=maybe_recompile pc=0x0000000004a1f684 method=java.util.LinkedList.remove(Ljava/lang/Object;)Z @ 48
Event: 8.147 Thread 0x000000001c165000 Uncommon trap: reason=class_check action=maybe_recompile pc=0x0000000003d5dadc method=com.google.common.io.CountingInputStream.read([BII)I @ 7
Event: 8.147 Thread 0x000000001c165000 Uncommon trap: reason=class_check action=maybe_recompile pc=0x0000000003d5dadc method=com.google.common.io.CountingInputStream.read([BII)I @ 7
Event: 8.147 Thread 0x000000001c165000 Uncommon trap: reason=class_check action=maybe_recompile pc=0x0000000003d5dadc method=com.google.common.io.CountingInputStream.read([BII)I @ 7
Event: 8.148 Thread 0x000000001c165000 Uncommon trap: reason=class_check action=maybe_recompile pc=0x0000000003d5dadc method=com.google.common.io.CountingInputStream.read([BII)I @ 7
Event: 8.191 Thread 0x000000001c165000 Uncommon trap: reason=unstable_if action=reinterpret pc=0x0000000003abeb6c method=com.sun.org.apache.xerces.internal.utils.XMLLimitAnalyzer.addValue(ILjava/lang/String;I)V @ 7
Event: 8.191 Thread 0x000000001c165000 Uncommon trap: reason=unstable_if action=reinterpret pc=0x0000000004546860 method=com.sun.org.apache.xerces.internal.utils.XMLSecurityManager.isOverLimit(ILcom/sun/org/apache/xerces/internal/utils/XMLLimitAnalyzer;)Z @ 28
Event: 8.191 Thread 0x000000001c165000 Uncommon trap: reason=class_check action=maybe_recompile pc=0x00000000041326d4 method=com.sun.org.apache.xerces.internal.impl.XMLEntityScanner.invokeListeners(I)V @ 21
Event: 8.192 Thread 0x000000001c165000 Uncommon trap: reason=unstable_if action=reinterpret pc=0x0000000003a9ccf4 method=com.sun.org.apache.xerces.internal.util.SymbolTable.addSymbol([CII)Ljava/lang/String; @ 64

Classes redefined (0 events):
No events

Internal exceptions (10 events):
Event: 7.216 Thread 0x000000001ae36000 Exception <a 'java/lang/ClassNotFoundException': build_16f96zz3bajf6z15hgrei1tnmBeanInfo> (0x00000000e9107ff8) thrown at [D:\src\AOSP-openjdk-cygwin\jdk8u\hotspot\src\share\vm\classfile\systemDictionary.cpp, line 210]
Event: 7.216 Thread 0x000000001ae36000 Exception <a 'java/lang/ClassNotFoundException': build_16f96zz3bajf6z15hgrei1tnmCustomizer> (0x00000000e9111888) thrown at [D:\src\AOSP-openjdk-cygwin\jdk8u\hotspot\src\share\vm\classfile\systemDictionary.cpp, line 210]
Event: 7.222 Thread 0x000000001ae36000 Exception <a 'sun/nio/fs/WindowsException'> (0x00000000e91da118) thrown at [D:\src\AOSP-openjdk-cygwin\jdk8u\hotspot\src\share\vm\prims\jni.cpp, line 709]
Event: 7.352 Thread 0x000000001ae36000 Exception <a 'java/lang/ClassNotFoundException': build_e61s41xy2rg67ngf6c7gbzg7xBeanInfo> (0x00000000e015b350) thrown at [D:\src\AOSP-openjdk-cygwin\jdk8u\hotspot\src\share\vm\classfile\systemDictionary.cpp, line 210]
Event: 7.353 Thread 0x000000001ae36000 Exception <a 'java/lang/ClassNotFoundException': build_e61s41xy2rg67ngf6c7gbzg7xCustomizer> (0x00000000e0164878) thrown at [D:\src\AOSP-openjdk-cygwin\jdk8u\hotspot\src\share\vm\classfile\systemDictionary.cpp, line 210]
Event: 7.360 Thread 0x000000001c165000 Implicit null exception at 0x0000000003a5fee2 to 0x0000000003a60421
Event: 7.360 Thread 0x000000001b2c7800 Implicit null exception at 0x0000000003a5fee2 to 0x0000000003a60421
Event: 7.429 Thread 0x000000001c165000 Implicit null exception at 0x00000000043ae674 to 0x00000000043af729
Event: 8.166 Thread 0x000000001c165000 Exception <a 'java/lang/NoSuchMethodError': <clinit>> (0x00000000e08c15a0) thrown at [D:\src\AOSP-openjdk-cygwin\jdk8u\hotspot\src\share\vm\prims\jni.cpp, line 1613]
Event: 8.167 Thread 0x000000001c165000 Exception <a 'java/lang/NoSuchMethodError': <clinit>> (0x00000000e08cf1e8) thrown at [D:\src\AOSP-openjdk-cygwin\jdk8u\hotspot\src\share\vm\prims\jni.cpp, line 1613]

Events (10 events):
Event: 8.225 loading class com/google/common/collect/MapMaker$RemovalCause$2
Event: 8.225 loading class com/google/common/collect/MapMaker$RemovalCause$2 done
Event: 8.225 loading class com/google/common/collect/MapMaker$RemovalCause$3
Event: 8.225 loading class com/google/common/collect/MapMaker$RemovalCause$3 done
Event: 8.225 loading class com/google/common/collect/MapMaker$RemovalCause$4
Event: 8.225 loading class com/google/common/collect/MapMaker$RemovalCause$4 done
Event: 8.225 loading class com/google/common/collect/MapMaker$RemovalCause$5
Event: 8.225 loading class com/google/common/collect/MapMaker$RemovalCause$5 done
Event: 8.329 loading class org/gradle/process/internal/health/memory/JvmMemoryStatusSnapshot
Event: 8.329 loading class org/gradle/process/internal/health/memory/JvmMemoryStatusSnapshot done


Dynamic libraries:
0x00007ff690190000 - 0x00007ff6901c1000 	F:\android-studio\jre\bin\java.exe
0x00007ff939420000 - 0x00007ff939601000 	C:\WINDOWS\SYSTEM32\ntdll.dll
0x00007ff936b00000 - 0x00007ff936bb2000 	C:\WINDOWS\System32\KERNEL32.DLL
0x00007ff9359e0000 - 0x00007ff935c53000 	C:\WINDOWS\System32\KERNELBASE.dll
0x00007ff937bd0000 - 0x00007ff937c71000 	C:\WINDOWS\System32\ADVAPI32.dll
0x00007ff936a60000 - 0x00007ff936afe000 	C:\WINDOWS\System32\msvcrt.dll
0x00007ff9372e0000 - 0x00007ff93733b000 	C:\WINDOWS\System32\sechost.dll
0x00007ff936cd0000 - 0x00007ff936df4000 	C:\WINDOWS\System32\RPCRT4.dll
0x00007ff937830000 - 0x00007ff9379c0000 	C:\WINDOWS\System32\USER32.dll
0x00007ff936510000 - 0x00007ff936530000 	C:\WINDOWS\System32\win32u.dll
0x00007ff9379f0000 - 0x00007ff937a18000 	C:\WINDOWS\System32\GDI32.dll
0x00007ff936710000 - 0x00007ff9368a2000 	C:\WINDOWS\System32\gdi32full.dll
0x00007ff936470000 - 0x00007ff93650f000 	C:\WINDOWS\System32\msvcp_win.dll
0x00007ff935c60000 - 0x00007ff935d5a000 	C:\WINDOWS\System32\ucrtbase.dll
0x00007ff92b110000 - 0x00007ff92b379000 	C:\WINDOWS\WinSxS\amd64_microsoft.windows.common-controls_6595b64144ccf1df_6.0.17134.345_none_fb429a5930656358\COMCTL32.dll
0x00007ff937c80000 - 0x00007ff937fa3000 	C:\WINDOWS\System32\combase.dll
0x00007ff936690000 - 0x00007ff93670a000 	C:\WINDOWS\System32\bcryptPrimitives.dll
0x00007ff9372b0000 - 0x00007ff9372dd000 	C:\WINDOWS\System32\IMM32.DLL
0x0000000068080000 - 0x0000000068152000 	F:\android-studio\jre\jre\bin\msvcr100.dll
0x0000000068160000 - 0x00000000689a1000 	F:\android-studio\jre\jre\bin\server\jvm.dll
0x00007ff9368b0000 - 0x00007ff9368b8000 	C:\WINDOWS\System32\PSAPI.DLL
0x00007ff92fd00000 - 0x00007ff92fd09000 	C:\WINDOWS\SYSTEM32\WSOCK32.dll
0x00007ff927b80000 - 0x00007ff927b8a000 	C:\WINDOWS\SYSTEM32\VERSION.dll
0x00007ff9338a0000 - 0x00007ff9338c3000 	C:\WINDOWS\SYSTEM32\WINMM.dll
0x00007ff937240000 - 0x00007ff9372ac000 	C:\WINDOWS\System32\WS2_32.dll
0x00007ff933450000 - 0x00007ff93347a000 	C:\WINDOWS\SYSTEM32\winmmbase.dll
0x00007ff9365e0000 - 0x00007ff936629000 	C:\WINDOWS\System32\cfgmgr32.dll
0x00007ff9322c0000 - 0x00007ff9322cf000 	F:\android-studio\jre\jre\bin\verify.dll
0x00007ff92c440000 - 0x00007ff92c469000 	F:\android-studio\jre\jre\bin\java.dll
0x00007ff92c420000 - 0x00007ff92c436000 	F:\android-studio\jre\jre\bin\zip.dll
0x00007ff937fb0000 - 0x00007ff9393ef000 	C:\WINDOWS\System32\SHELL32.dll
0x00007ff936c20000 - 0x00007ff936cc9000 	C:\WINDOWS\System32\shcore.dll
0x00007ff935d60000 - 0x00007ff93646d000 	C:\WINDOWS\System32\windows.storage.dll
0x00007ff936bc0000 - 0x00007ff936c11000 	C:\WINDOWS\System32\shlwapi.dll
0x00007ff935740000 - 0x00007ff935751000 	C:\WINDOWS\System32\kernel.appcore.dll
0x00007ff9357b0000 - 0x00007ff9357cf000 	C:\WINDOWS\System32\profapi.dll
0x00007ff935760000 - 0x00007ff9357ac000 	C:\WINDOWS\System32\powrprof.dll
0x00007ff935730000 - 0x00007ff93573a000 	C:\WINDOWS\System32\FLTLIB.DLL
0x00007ff92c400000 - 0x00007ff92c41a000 	F:\android-studio\jre\jre\bin\net.dll
0x00007ff934fb0000 - 0x00007ff935016000 	C:\WINDOWS\system32\mswsock.dll
0x00007ff92c3d0000 - 0x00007ff92c3e1000 	F:\android-studio\jre\jre\bin\nio.dll
0x00007ff929720000 - 0x00007ff92973e000 	C:\Users\Administrator\.gradle\native\25\windows-amd64\native-platform.dll
0x00007ff92fcf0000 - 0x00007ff92fcfd000 	F:\android-studio\jre\jre\bin\management.dll
0x00007ff935160000 - 0x00007ff935177000 	C:\WINDOWS\SYSTEM32\CRYPTSP.dll
0x00007ff934b30000 - 0x00007ff934b63000 	C:\WINDOWS\system32\rsaenh.dll
0x00007ff935290000 - 0x00007ff9352b5000 	C:\WINDOWS\SYSTEM32\bcrypt.dll
0x00007ff935660000 - 0x00007ff935688000 	C:\WINDOWS\SYSTEM32\USERENV.dll
0x00007ff935180000 - 0x00007ff93518b000 	C:\WINDOWS\SYSTEM32\CRYPTBASE.dll
0x00007ff934cd0000 - 0x00007ff934d08000 	C:\WINDOWS\SYSTEM32\IPHLPAPI.DLL
0x00007ff9379e0000 - 0x00007ff9379e8000 	C:\WINDOWS\System32\NSI.dll
0x00007ff931440000 - 0x00007ff931456000 	C:\WINDOWS\SYSTEM32\dhcpcsvc6.DLL
0x00007ff931410000 - 0x00007ff93142a000 	C:\WINDOWS\SYSTEM32\dhcpcsvc.DLL
0x00007ff928ec0000 - 0x00007ff928ee4000 	F:\android-studio\jre\jre\bin\sunec.dll
0x00007ff934d10000 - 0x00007ff934dce000 	C:\WINDOWS\SYSTEM32\DNSAPI.dll
0x00007ff92f770000 - 0x00007ff92f77a000 	C:\Windows\System32\rasadhlp.dll
0x00007ff92f570000 - 0x00007ff92f5e2000 	C:\WINDOWS\System32\fwpuclnt.dll
0x00007ff92f7c0000 - 0x00007ff92f7cb000 	F:\android-studio\jre\jre\bin\sunmscapi.dll
0x00007ff9357f0000 - 0x00007ff9359d2000 	C:\WINDOWS\System32\CRYPT32.dll
0x00007ff9357d0000 - 0x00007ff9357e2000 	C:\WINDOWS\System32\MSASN1.dll

VM Arguments:
jvm_args: -Xmx1536M -Dfile.encoding=GBK -Duser.country=CN -Duser.language=zh -Duser.variant 
java_command: org.gradle.launcher.daemon.bootstrap.GradleDaemon 4.1
java_class_path (initial): C:\Users\Administrator\.gradle\wrapper\dists\gradle-4.1-all\bzyivzo6n839fup2jbap0tjew\gradle-4.1\lib\gradle-launcher-4.1.jar
Launcher Type: SUN_STANDARD

Environment Variables:
JAVA_HOME=F:\android-studio\jre
CLASSPATH=F:\Flutter_Work\newstudentapp\android\\gradle\wrapper\gradle-wrapper.jar
PATH=C:\WINDOWS\system32;C:\WINDOWS;C:\WINDOWS\System32\Wbem;C:\WINDOWS\System32\WindowsPowerShell\v1.0\;D:\Git\cmd;.;D:\Java\jdk1.8.0_91\lib\dt.jar;D:\Java\jdk1.8.0_91\lib\tools.jar;D:\Java\jdk1.8.0_91\bin;E:\android\android-sdk\platform-tools;E:\android\android-sdk\tools;F:\flutter\flutter\bin;F:\TortoiseSVN\bin;F:\tom9\bin;F:\tom9\lib;F:\mysql-8.0.11-winx64\bin;F:\MinGW\bin;C:\WINDOWS\System32\OpenSSH\;C:\ProgramData\chocolatey\bin;C:\Program Files\nodejs\;F:\Microsoft VS Code\bin;F:\Python\Python36\Scripts\;F:\Python\Python36\;C:\Users\Administrator\AppData\Local\Microsoft\WindowsApps;;F:\Microsoft VS Code\bin;C:\Users\Administrator\AppData\Roaming\npm
USERNAME=Administrator
OS=Windows_NT
PROCESSOR_IDENTIFIER=Intel64 Family 6 Model 60 Stepping 3, GenuineIntel



---------------  S Y S T E M  ---------------

OS: Windows 10.0 , 64 bit Build 17134 (10.0.17134.1)

CPU:total 8 (initial active 8) (4 cores per cpu, 2 threads per core) family 6 model 60 stepping 3, cmov, cx8, fxsr, mmx, sse, sse2, sse3, ssse3, sse4.1, sse4.2, popcnt, avx, avx2, aes, clmul, erms, lzcnt, ht, tsc, tscinvbit, bmi1, bmi2

Memory: 4k page, physical 8248304k(988440k free), swap 8248304k(6292k free)

vm_info: OpenJDK 64-Bit Server VM (25.152-b06) for windows-amd64 JRE (1.8.0_152-release-1136-b06), built by "builder" with MS VC++ 10.0 (VS2010)

time: Fri Oct 12 14:38:54 2018
elapsed time: 8 seconds (0d 0h 0m 8s)

