#
# There is insufficient memory for the Java Runtime Environment to continue.
# Native memory allocation (malloc) failed to allocate 876976 bytes for Chunk::new
# Possible reasons:
#   The system is out of physical RAM or swap space
#   In 32 bit mode, the process size limit was hit
# Possible solutions:
#   Reduce memory load on the system
#   Increase physical memory or swap space
#   Check if swap backing store is full
#   Use 64 bit Java on a 64 bit OS
#   Decrease Java heap size (-Xmx/-Xms)
#   Decrease number of Java threads
#   Decrease Java thread stack sizes (-Xss)
#   Set larger code cache with -XX:ReservedCodeCacheSize=
# This output file may be truncated or incomplete.
#
#  Out of Memory Error (allocation.cpp:390), pid=12452, tid=0x00000000000020c0
#
# JRE version: OpenJDK Runtime Environment (8.0_152-b06) (build 1.8.0_152-release-1136-b06)
# Java VM: OpenJDK 64-Bit Server VM (25.152-b06 mixed mode windows-amd64 compressed oops)
# Failed to write core dump. Minidumps are not enabled by default on client versions of Windows
#

---------------  T H R E A D  ---------------

Current thread (0x0000000018955000):  JavaThread "C2 CompilerThread2" daemon [_thread_in_native, id=8384, stack(0x00000000191c0000,0x00000000192c0000)]

Stack: [0x00000000191c0000,0x00000000192c0000]
[error occurred during error reporting (printing stack bounds), id 0xc0000005]

Native frames: (J=compiled Java code, j=interpreted, Vv=VM code, C=native code)


Current CompileTask:
C2:  61259 15702       4       com.android.dx.dex.code.OutputFinisher::addConstants (134 bytes)


---------------  P R O C E S S  ---------------

Java Threads: ( => current thread )
  0x0000000020139000 JavaThread "ForkJoinPool.commonPool-worker-7" daemon [_thread_in_vm, id=8928, stack(0x000000002d110000,0x000000002d210000)]
  0x0000000020138000 JavaThread "ForkJoinPool.commonPool-worker-6" daemon [_thread_in_native, id=12812, stack(0x000000002d010000,0x000000002d110000)]
  0x0000000020136800 JavaThread "ForkJoinPool.commonPool-worker-5" daemon [_thread_in_Java, id=12860, stack(0x000000002cf10000,0x000000002d010000)]
  0x0000000020135000 JavaThread "ForkJoinPool.commonPool-worker-4" daemon [_thread_in_native, id=11408, stack(0x000000002ce10000,0x000000002cf10000)]
  0x000000001dbc8000 JavaThread "ForkJoinPool.commonPool-worker-3" daemon [_thread_in_native, id=11708, stack(0x000000002b410000,0x000000002b510000)]
  0x000000001bb19000 JavaThread "RMI TCP Connection(1)-127.0.0.1" daemon [_thread_in_native, id=5680, stack(0x000000002b310000,0x000000002b410000)]
  0x000000001bb16800 JavaThread "RMI Reaper" [_thread_blocked, id=9048, stack(0x000000002b210000,0x000000002b310000)]
  0x000000001dbca000 JavaThread "RMI TCP Accept-0" daemon [_thread_in_native, id=6764, stack(0x000000002b110000,0x000000002b210000)]
  0x000000001dbc8800 JavaThread "GC Daemon" daemon [_thread_blocked, id=12364, stack(0x000000002b010000,0x000000002b110000)]
  0x000000001dbcb800 JavaThread "RMI Scheduler(0)" daemon [_thread_blocked, id=10476, stack(0x000000002ae10000,0x000000002af10000)]
  0x000000001dbc9800 JavaThread "ForkJoinPool.commonPool-worker-2" daemon [_thread_in_Java, id=7124, stack(0x000000002ac10000,0x000000002ad10000)]
  0x000000001dbc6800 JavaThread "ForkJoinPool.commonPool-worker-1" daemon [_thread_in_Java, id=13296, stack(0x000000002ab10000,0x000000002ac10000)]
  0x000000001dbbe000 JavaThread "Cache worker for Java compile cache (F:\Flutter_Work\newstudentapp\android\.gradle\4.1\javaCompile)" [_thread_blocked, id=12760, stack(0x000000002aa10000,0x000000002ab10000)]
  0x000000001dbc5000 JavaThread "Worker Daemon Execution Thread 2" [_thread_blocked, id=3780, stack(0x000000002a910000,0x000000002aa10000)]
  0x000000001dbc4000 JavaThread "Worker Daemon Execution" [_thread_blocked, id=2516, stack(0x000000002a810000,0x000000002a910000)]
  0x000000001dbc2800 JavaThread "Task worker for ':' Thread 7" [_thread_blocked, id=6728, stack(0x0000000028910000,0x0000000028a10000)]
  0x000000001dbbf800 JavaThread "Task worker for ':' Thread 6" [_thread_blocked, id=13056, stack(0x0000000028810000,0x0000000028910000)]
  0x000000001dbbd000 JavaThread "Task worker for ':' Thread 5" [_thread_blocked, id=12928, stack(0x0000000028710000,0x0000000028810000)]
  0x000000001dbc1000 JavaThread "Task worker for ':' Thread 4" [_thread_blocked, id=440, stack(0x0000000028610000,0x0000000028710000)]
  0x000000001dbc0800 JavaThread "Task worker for ':' Thread 3" [_thread_blocked, id=3556, stack(0x0000000028510000,0x0000000028610000)]
  0x000000001dbbf000 JavaThread "Task worker for ':' Thread 2" [_thread_blocked, id=12036, stack(0x0000000028410000,0x0000000028510000)]
  0x000000001dbc2000 JavaThread "Task worker for ':'" [_thread_blocked, id=13028, stack(0x0000000028310000,0x0000000028410000)]
  0x000000001bb89000 JavaThread "Cache worker for task history cache (F:\Flutter_Work\newstudentapp\android\.gradle\4.1\taskHistory)" [_thread_blocked, id=5588, stack(0x0000000028210000,0x0000000028310000)]
  0x000000001bb8a800 JavaThread "Cache worker for file content cache (F:\Flutter_Work\newstudentapp\android\.gradle\4.1\fileContent)" [_thread_blocked, id=12436, stack(0x0000000028110000,0x0000000028210000)]
  0x000000001bb87000 JavaThread "build operations Thread 8" [_thread_blocked, id=5168, stack(0x0000000028010000,0x0000000028110000)]
  0x000000001bb8c000 JavaThread "build operations Thread 7" [_thread_blocked, id=12544, stack(0x0000000027f10000,0x0000000028010000)]
  0x000000001bb87800 JavaThread "build operations Thread 6" [_thread_blocked, id=12420, stack(0x0000000027e10000,0x0000000027f10000)]
  0x000000001bb8b800 JavaThread "build operations Thread 5" [_thread_blocked, id=9296, stack(0x0000000027d10000,0x0000000027e10000)]
  0x000000001bb86000 JavaThread "build operations Thread 4" [_thread_blocked, id=1880, stack(0x0000000027c10000,0x0000000027d10000)]
  0x000000001bb17800 JavaThread "build operations Thread 3" [_thread_blocked, id=11552, stack(0x0000000027b10000,0x0000000027c10000)]
  0x000000001bb1c800 JavaThread "build operations Thread 2" [_thread_blocked, id=11544, stack(0x0000000027a10000,0x0000000027b10000)]
  0x000000001bb1b000 JavaThread "build operations" [_thread_blocked, id=11212, stack(0x0000000027910000,0x0000000027a10000)]
  0x000000001bb1a800 JavaThread "Cache worker for Artifact transforms cache (C:\Users\Administrator\.gradle\caches\transforms-1)" [_thread_blocked, id=11000, stack(0x0000000027810000,0x0000000027910000)]
  0x000000001bb1c000 JavaThread "Cache worker for file hash cache (F:\Flutter_Work\newstudentapp\android\.gradle\4.1\fileHashes)" [_thread_blocked, id=7788, stack(0x0000000027710000,0x0000000027810000)]
  0x000000001bb18000 JavaThread "Stdin handler" [_thread_blocked, id=5628, stack(0x0000000027610000,0x0000000027710000)]
  0x000000001bb11800 JavaThread "Asynchronous log dispatcher for DefaultDaemonConnection: socket connection from /127.0.0.1:53013 to /127.0.0.1:53066" [_thread_blocked, id=9236, stack(0x0000000027510000,0x0000000027610000)]
  0x000000001bb16000 JavaThread "Cancel handler" [_thread_blocked, id=7404, stack(0x0000000027410000,0x0000000027510000)]
  0x000000001bb15000 JavaThread "Handler for socket connection from /127.0.0.1:53013 to /127.0.0.1:53066" [_thread_in_native, id=6608, stack(0x0000000027310000,0x0000000027410000)]
  0x000000001bb13800 JavaThread "Memory manager" [_thread_blocked, id=10548, stack(0x0000000023ad0000,0x0000000023bd0000)]
  0x000000001bb13000 JavaThread "pool-1-thread-1" [_thread_blocked, id=5644, stack(0x00000000225f0000,0x00000000226f0000)]
  0x000000001a75f800 JavaThread "File lock request listener" [_thread_in_native, id=6760, stack(0x000000001cc40000,0x000000001cd40000)]
  0x000000001a75e800 JavaThread "Cache worker for file hash cache (C:\Users\Administrator\.gradle\caches\4.1\fileHashes)" [_thread_blocked, id=6724, stack(0x000000001cb40000,0x000000001cc40000)]
  0x000000001a480000 JavaThread "Daemon worker" [_thread_blocked, id=8808, stack(0x000000001c740000,0x000000001c840000)]
  0x000000001a6de000 JavaThread "Daemon" [_thread_blocked, id=2932, stack(0x000000001c240000,0x000000001c340000)]
  0x000000001a19b800 JavaThread "Daemon periodic checks" [_thread_blocked, id=9468, stack(0x000000001c140000,0x000000001c240000)]
  0x000000001a966000 JavaThread "Incoming local TCP Connector on port 53013" [_thread_in_native, id=12088, stack(0x000000001ad90000,0x000000001ae90000)]
  0x00000000189dc800 JavaThread "Service Thread" daemon [_thread_blocked, id=10244, stack(0x00000000193c0000,0x00000000194c0000)]
  0x000000001895e800 JavaThread "C1 CompilerThread3" daemon [_thread_in_native, id=6184, stack(0x00000000192c0000,0x00000000193c0000)]
=>0x0000000018955000 JavaThread "C2 CompilerThread2" daemon [_thread_in_native, id=8384, stack(0x00000000191c0000,0x00000000192c0000)]
  0x0000000018954000 JavaThread "C2 CompilerThread1" daemon [_thread_in_native, id=4152, stack(0x00000000190c0000,0x00000000191c0000)]
  0x000000001894e000 JavaThread "C2 CompilerThread0" daemon [_thread_in_native, id=12584, stack(0x0000000018fc0000,0x00000000190c0000)]
  0x000000001894c800 JavaThread "Attach Listener" daemon [_thread_blocked, id=4180, stack(0x0000000018ec0000,0x0000000018fc0000)]
  0x00000000188fa000 JavaThread "Signal Dispatcher" daemon [_thread_blocked, id=8484, stack(0x0000000018dc0000,0x0000000018ec0000)]
  0x00000000188e0800 JavaThread "Finalizer" daemon [_thread_blocked, id=8496, stack(0x0000000018cc0000,0x0000000018dc0000)]
  0x0000000002c37000 JavaThread "Reference Handler" daemon [_thread_blocked, id=8080, stack(0x00000000187c0000,0x00000000188c0000)]
  0x000000000261e800 JavaThread "main" [_thread_blocked, id=7712, stack(0x0000000002a40000,0x0000000002b40000)]

Other Threads:
  0x00000000169f7800 VMThread [stack: 0x00000000186c0000,0x00000000187c0000] [id=3636]
  0x00000000189df000 WatcherThread [stack: 0x00000000194c0000,0x00000000195c0000] [id=3648]

VM state:not at safepoint (normal execution)

VM Mutex/Monitor currently owned by a thread: None

Heap:
 PSYoungGen      total 345088K, used 141951K [0x00000000e0000000, 0x00000000fa600000, 0x0000000100000000)
  eden space 300032K, 33% used [0x00000000e0000000,0x00000000e6352ec8,0x00000000f2500000)
  from space 45056K, 89% used [0x00000000f2500000,0x00000000f4c4d0b0,0x00000000f5100000)
  to   space 50688K, 0% used [0x00000000f7480000,0x00000000f7480000,0x00000000fa600000)
 ParOldGen       total 168448K, used 53059K [0x00000000a0000000, 0x00000000aa480000, 0x00000000e0000000)
  object space 168448K, 31% used [0x00000000a0000000,0x00000000a33d0ed8,0x00000000aa480000)
 Metaspace       used 87877K, capacity 92104K, committed 92376K, reserved 1130496K
  class space    used 11272K, capacity 12235K, committed 12288K, reserved 1048576K

Card table byte_map: [0x0000000012000000,0x0000000012310000] byte_map_base: 0x0000000011b00000

Marking Bits: (ParMarkBitMap*) 0x0000000067f25aa0
 Begin Bits: [0x0000000012d10000, 0x0000000014510000)
 End Bits:   [0x0000000014510000, 0x0000000015d10000)

Polling page: 0x0000000000c50000

CodeCache: size=245760Kb used=42261Kb max_used=42261Kb free=203498Kb
 bounds [0x0000000002c40000, 0x00000000055c0000, 0x0000000011c40000]
 total_blobs=14172 nmethods=13281 adapters=803
 compilation: enabled

Compilation events (10 events):
Event: 61.238 Thread 0x000000001895e800 nmethod 15880 0x00000000055a5090 code [0x00000000055a5360, 0x00000000055a6088]
Event: 61.238 Thread 0x000000001895e800 15885       2       com.android.dx.ssa.BasicRegisterMapper::oldToNew (22 bytes)
Event: 61.238 Thread 0x000000001895e800 nmethod 15885 0x00000000055a6f50 code [0x00000000055a70c0, 0x00000000055a7248]
Event: 61.238 Thread 0x000000001895e800 15889       2       java.util.stream.StreamSpliterators$WrappingSpliterator::lambda$initPartialTraversalState$0 (14 bytes)
Event: 61.238 Thread 0x000000001895e800 nmethod 15889 0x00000000055a7310 code [0x00000000055a7480, 0x00000000055a7608]
Event: 61.238 Thread 0x000000001895e800 15890       2       java.util.stream.StreamSpliterators$WrappingSpliterator$$Lambda$478/702923459::getAsBoolean (8 bytes)
Event: 61.238 Thread 0x000000001895e800 nmethod 15890 0x00000000055a7690 code [0x00000000055a7800, 0x00000000055a7988]
Event: 61.238 Thread 0x000000001895e800 15887       2       com.android.dx.dex.code.RopTranslator::access$000 (5 bytes)
Event: 61.238 Thread 0x000000001895e800 nmethod 15887 0x00000000055a7a50 code [0x00000000055a7bc0, 0x00000000055a7d08]
Event: 61.238 Thread 0x000000001895e800 15888       2       com.android.dx.dex.code.RopTranslator::getRegs (9 bytes)

GC Heap History (10 events):
Event: 31.120 GC heap before
{Heap before GC invocations=20 (full 3):
 PSYoungGen      total 273920K, used 256175K [0x00000000e0000000, 0x00000000f2980000, 0x0000000100000000)
  eden space 245248K, 100% used [0x00000000e0000000,0x00000000eef80000,0x00000000eef80000)
  from space 28672K, 38% used [0x00000000f0d80000,0x00000000f182bc88,0x00000000f2980000)
  to   space 29696K, 0% used [0x00000000eef80000,0x00000000eef80000,0x00000000f0c80000)
 ParOldGen       total 168448K, used 41954K [0x00000000a0000000, 0x00000000aa480000, 0x00000000e0000000)
  object space 168448K, 24% used [0x00000000a0000000,0x00000000a28f8920,0x00000000aa480000)
 Metaspace       used 60600K, capacity 63242K, committed 63448K, reserved 1103872K
  class space    used 7997K, capacity 8659K, committed 8704K, reserved 1048576K
Event: 31.126 GC heap after
Heap after GC invocations=20 (full 3):
 PSYoungGen      total 274944K, used 4573K [0x00000000e0000000, 0x00000000f4b80000, 0x0000000100000000)
  eden space 245248K, 0% used [0x00000000e0000000,0x00000000e0000000,0x00000000eef80000)
  from space 29696K, 15% used [0x00000000eef80000,0x00000000ef3f75b0,0x00000000f0c80000)
  to   space 29696K, 0% used [0x00000000f2e80000,0x00000000f2e80000,0x00000000f4b80000)
 ParOldGen       total 168448K, used 41962K [0x00000000a0000000, 0x00000000aa480000, 0x00000000e0000000)
  object space 168448K, 24% used [0x00000000a0000000,0x00000000a28fa920,0x00000000aa480000)
 Metaspace       used 60600K, capacity 63242K, committed 63448K, reserved 1103872K
  class space    used 7997K, capacity 8659K, committed 8704K, reserved 1048576K
}
Event: 36.140 GC heap before
{Heap before GC invocations=21 (full 3):
 PSYoungGen      total 274944K, used 249821K [0x00000000e0000000, 0x00000000f4b80000, 0x0000000100000000)
  eden space 245248K, 100% used [0x00000000e0000000,0x00000000eef80000,0x00000000eef80000)
  from space 29696K, 15% used [0x00000000eef80000,0x00000000ef3f75b0,0x00000000f0c80000)
  to   space 29696K, 0% used [0x00000000f2e80000,0x00000000f2e80000,0x00000000f4b80000)
 ParOldGen       total 168448K, used 41962K [0x00000000a0000000, 0x00000000aa480000, 0x00000000e0000000)
  object space 168448K, 24% used [0x00000000a0000000,0x00000000a28fa920,0x00000000aa480000)
 Metaspace       used 66281K, capacity 69198K, committed 69464K, reserved 1110016K
  class space    used 8581K, capacity 9297K, committed 9344K, reserved 1048576K
Event: 36.156 GC heap after
Heap after GC invocations=21 (full 3):
 PSYoungGen      total 303616K, used 20678K [0x00000000e0000000, 0x00000000f4980000, 0x0000000100000000)
  eden space 275968K, 0% used [0x00000000e0000000,0x00000000e0000000,0x00000000f0d80000)
  from space 27648K, 74% used [0x00000000f2e80000,0x00000000f42b19d8,0x00000000f4980000)
  to   space 30720K, 0% used [0x00000000f0d80000,0x00000000f0d80000,0x00000000f2b80000)
 ParOldGen       total 168448K, used 41970K [0x00000000a0000000, 0x00000000aa480000, 0x00000000e0000000)
  object space 168448K, 24% used [0x00000000a0000000,0x00000000a28fc920,0x00000000aa480000)
 Metaspace       used 66281K, capacity 69198K, committed 69464K, reserved 1110016K
  class space    used 8581K, capacity 9297K, committed 9344K, reserved 1048576K
}
Event: 50.781 GC heap before
{Heap before GC invocations=22 (full 3):
 PSYoungGen      total 303616K, used 296646K [0x00000000e0000000, 0x00000000f4980000, 0x0000000100000000)
  eden space 275968K, 100% used [0x00000000e0000000,0x00000000f0d80000,0x00000000f0d80000)
  from space 27648K, 74% used [0x00000000f2e80000,0x00000000f42b19d8,0x00000000f4980000)
  to   space 30720K, 0% used [0x00000000f0d80000,0x00000000f0d80000,0x00000000f2b80000)
 ParOldGen       total 168448K, used 41970K [0x00000000a0000000, 0x00000000aa480000, 0x00000000e0000000)
  object space 168448K, 24% used [0x00000000a0000000,0x00000000a28fc920,0x00000000aa480000)
 Metaspace       used 78978K, capacity 82856K, committed 83160K, reserved 1122304K
  class space    used 10250K, capacity 11169K, committed 11264K, reserved 1048576K
Event: 50.815 GC heap after
Heap after GC invocations=22 (full 3):
 PSYoungGen      total 306688K, used 30695K [0x00000000e0000000, 0x00000000f7780000, 0x0000000100000000)
  eden space 275968K, 0% used [0x00000000e0000000,0x00000000e0000000,0x00000000f0d80000)
  from space 30720K, 99% used [0x00000000f0d80000,0x00000000f2b79c80,0x00000000f2b80000)
  to   space 39424K, 0% used [0x00000000f5100000,0x00000000f5100000,0x00000000f7780000)
 ParOldGen       total 168448K, used 53043K [0x00000000a0000000, 0x00000000aa480000, 0x00000000e0000000)
  object space 168448K, 31% used [0x00000000a0000000,0x00000000a33cced8,0x00000000aa480000)
 Metaspace       used 78978K, capacity 82856K, committed 83160K, reserved 1122304K
  class space    used 10250K, capacity 11169K, committed 11264K, reserved 1048576K
}
Event: 56.483 GC heap before
{Heap before GC invocations=23 (full 3):
 PSYoungGen      total 306688K, used 306663K [0x00000000e0000000, 0x00000000f7780000, 0x0000000100000000)
  eden space 275968K, 100% used [0x00000000e0000000,0x00000000f0d80000,0x00000000f0d80000)
  from space 30720K, 99% used [0x00000000f0d80000,0x00000000f2b79c80,0x00000000f2b80000)
  to   space 39424K, 0% used [0x00000000f5100000,0x00000000f5100000,0x00000000f7780000)
 ParOldGen       total 168448K, used 53043K [0x00000000a0000000, 0x00000000aa480000, 0x00000000e0000000)
  object space 168448K, 31% used [0x00000000a0000000,0x00000000a33cced8,0x00000000aa480000)
 Metaspace       used 83787K, capacity 87834K, committed 87896K, reserved 1126400K
  class space    used 10914K, capacity 11862K, committed 11904K, reserved 1048576K
Event: 56.515 GC heap after
Heap after GC invocations=23 (full 3):
 PSYoungGen      total 339456K, used 38821K [0x00000000e0000000, 0x00000000f8100000, 0x0000000100000000)
  eden space 300032K, 0% used [0x00000000e0000000,0x00000000e0000000,0x00000000f2500000)
  from space 39424K, 98% used [0x00000000f5100000,0x00000000f76e9550,0x00000000f7780000)
  to   space 45056K, 0% used [0x00000000f2500000,0x00000000f2500000,0x00000000f5100000)
 ParOldGen       total 168448K, used 53051K [0x00000000a0000000, 0x00000000aa480000, 0x00000000e0000000)
  object space 168448K, 31% used [0x00000000a0000000,0x00000000a33ceed8,0x00000000aa480000)
 Metaspace       used 83787K, capacity 87834K, committed 87896K, reserved 1126400K
  class space    used 10914K, capacity 11862K, committed 11904K, reserved 1048576K
}
Event: 60.660 GC heap before
{Heap before GC invocations=24 (full 3):
 PSYoungGen      total 339456K, used 338853K [0x00000000e0000000, 0x00000000f8100000, 0x0000000100000000)
  eden space 300032K, 100% used [0x00000000e0000000,0x00000000f2500000,0x00000000f2500000)
  from space 39424K, 98% used [0x00000000f5100000,0x00000000f76e9550,0x00000000f7780000)
  to   space 45056K, 0% used [0x00000000f2500000,0x00000000f2500000,0x00000000f5100000)
 ParOldGen       total 168448K, used 53051K [0x00000000a0000000, 0x00000000aa480000, 0x00000000e0000000)
  object space 168448K, 31% used [0x00000000a0000000,0x00000000a33ceed8,0x00000000aa480000)
 Metaspace       used 85170K, capacity 89412K, committed 89560K, reserved 1126400K
  class space    used 11049K, capacity 12007K, committed 12032K, reserved 1048576K
Event: 60.689 GC heap after
Heap after GC invocations=24 (full 3):
 PSYoungGen      total 345088K, used 40244K [0x00000000e0000000, 0x00000000fa600000, 0x0000000100000000)
  eden space 300032K, 0% used [0x00000000e0000000,0x00000000e0000000,0x00000000f2500000)
  from space 45056K, 89% used [0x00000000f2500000,0x00000000f4c4d0b0,0x00000000f5100000)
  to   space 50688K, 0% used [0x00000000f7480000,0x00000000f7480000,0x00000000fa600000)
 ParOldGen       total 168448K, used 53059K [0x00000000a0000000, 0x00000000aa480000, 0x00000000e0000000)
  object space 168448K, 31% used [0x00000000a0000000,0x00000000a33d0ed8,0x00000000aa480000)
 Metaspace       used 85170K, capacity 89412K, committed 89560K, reserved 1126400K
  class space    used 11049K, capacity 12007K, committed 12032K, reserved 1048576K
}

Deoptimization events (10 events):
Event: 60.908 Thread 0x0000000020139000 Uncommon trap: reason=class_check action=maybe_recompile pc=0x0000000003eddfb0 method=com.android.apkzlib.zip.ZipField.checkVerifiesInvariants(J)V @ 25
Event: 60.916 Thread 0x0000000020139000 Uncommon trap: reason=class_check action=maybe_recompile pc=0x0000000003eddfb0 method=com.android.apkzlib.zip.ZipField.checkVerifiesInvariants(J)V @ 25
Event: 60.922 Thread 0x0000000020139000 Uncommon trap: reason=class_check action=maybe_recompile pc=0x0000000003eddfb0 method=com.android.apkzlib.zip.ZipField.checkVerifiesInvariants(J)V @ 25
Event: 60.927 Thread 0x0000000020138000 Uncommon trap: reason=class_check action=maybe_recompile pc=0x00000000034e84e0 method=com.android.apkzlib.zip.ZipField.checkVerifiesInvariants(J)V @ 25
Event: 61.094 Thread 0x0000000020138000 Uncommon trap: reason=unstable_if action=reinterpret pc=0x00000000053a8274 method=java.util.BitSet.ensureCapacity(I)V @ 6
Event: 61.136 Thread 0x0000000020138000 Uncommon trap: reason=unstable_if action=reinterpret pc=0x00000000053a0c9c method=com.android.dx.rop.cst.Constant.compareTo(Lcom/android/dx/rop/cst/Constant;)I @ 12
Event: 61.146 Thread 0x0000000020139000 Uncommon trap: reason=unstable_if action=reinterpret pc=0x0000000005465014 method=com.android.dx.rop.code.LocalItem.hashCode()I @ 25
Event: 61.146 Thread 0x0000000020139000 Uncommon trap: reason=unstable_if action=reinterpret pc=0x00000000053fe898 method=com.android.dx.rop.code.LocalItem.hashCode()I @ 25
Event: 61.179 Thread 0x000000001dbc9800 Uncommon trap: reason=unstable_if action=reinterpret pc=0x00000000053fb738 method=com.android.dx.rop.code.RegisterSpecSet.<init>(I)V @ 2
Event: 61.182 Thread 0x0000000020136800 Uncommon trap: reason=unstable_if action=reinterpret pc=0x00000000054f3d9c method=com.android.dx.ssa.SsaMethod.updateOneDefinition(Lcom/android/dx/ssa/SsaInsn;Lcom/android/dx/rop/code/RegisterSpec;)V @ 4

Classes redefined (0 events):
No events

Internal exceptions (10 events):
Event: 60.971 Thread 0x0000000020139000 Exception <a 'sun/nio/fs/WindowsException'> (0x00000000e2e0d208) thrown at [D:\src\AOSP-openjdk-cygwin\jdk8u\hotspot\src\share\vm\prims\jni.cpp, line 709]
Event: 61.051 Thread 0x0000000020139000 Exception <a 'sun/nio/fs/WindowsException'> (0x00000000e36904f0) thrown at [D:\src\AOSP-openjdk-cygwin\jdk8u\hotspot\src\share\vm\prims\jni.cpp, line 709]
Event: 61.059 Thread 0x0000000020139000 Exception <a 'sun/nio/fs/WindowsException'> (0x00000000e381dee0) thrown at [D:\src\AOSP-openjdk-cygwin\jdk8u\hotspot\src\share\vm\prims\jni.cpp, line 709]
Event: 61.065 Thread 0x0000000020138000 Exception <a 'sun/nio/fs/WindowsException'> (0x00000000e38fdae0) thrown at [D:\src\AOSP-openjdk-cygwin\jdk8u\hotspot\src\share\vm\prims\jni.cpp, line 709]
Event: 61.075 Thread 0x0000000020138000 Exception <a 'sun/nio/fs/WindowsException'> (0x00000000e3b631e8) thrown at [D:\src\AOSP-openjdk-cygwin\jdk8u\hotspot\src\share\vm\prims\jni.cpp, line 709]
Event: 61.082 Thread 0x0000000020138000 Exception <a 'sun/nio/fs/WindowsException'> (0x00000000e3cba790) thrown at [D:\src\AOSP-openjdk-cygwin\jdk8u\hotspot\src\share\vm\prims\jni.cpp, line 709]
Event: 61.098 Thread 0x0000000020139000 Exception <a 'sun/nio/fs/WindowsException'> (0x00000000e3f55ef0) thrown at [D:\src\AOSP-openjdk-cygwin\jdk8u\hotspot\src\share\vm\prims\jni.cpp, line 709]
Event: 61.118 Thread 0x0000000020139000 Exception <a 'sun/nio/fs/WindowsException'> (0x00000000e443a670) thrown at [D:\src\AOSP-openjdk-cygwin\jdk8u\hotspot\src\share\vm\prims\jni.cpp, line 709]
Event: 61.127 Thread 0x0000000020139000 Exception <a 'sun/nio/fs/WindowsException'> (0x00000000e4634a68) thrown at [D:\src\AOSP-openjdk-cygwin\jdk8u\hotspot\src\share\vm\prims\jni.cpp, line 709]
Event: 61.176 Thread 0x0000000020138000 Exception <a 'sun/nio/fs/WindowsException'> (0x00000000e4fc2998) thrown at [D:\src\AOSP-openjdk-cygwin\jdk8u\hotspot\src\share\vm\prims\jni.cpp, line 709]

Events (10 events):
Event: 61.179 Thread 0x000000001dbc9800 DEOPT UNPACKING pc=0x0000000002c8557b sp=0x000000002ad0ec20 mode 2
Event: 61.181 loading class com/android/dx/rop/code/RegOps
Event: 61.181 loading class com/android/dx/rop/code/RegOps done
Event: 61.182 Thread 0x0000000020136800 Uncommon trap: trap_request=0xffffff65 fr.pc=0x00000000054f3d9c
Event: 61.182 Thread 0x0000000020136800 DEOPT PACKING pc=0x00000000054f3d9c sp=0x000000002d00e350
Event: 61.182 Thread 0x0000000020136800 DEOPT UNPACKING pc=0x0000000002c8557b sp=0x000000002d00e2f8 mode 2
Event: 61.221 Executing VM operation: ForceSafepoint
Event: 61.221 Executing VM operation: ForceSafepoint done
Event: 61.226 Thread 0x0000000020138000 DEOPT PACKING pc=0x0000000004f891d1 sp=0x000000002d10e9d0
Event: 61.226 Thread 0x0000000020138000 DEOPT UNPACKING pc=0x0000000002c875d0 sp=0x000000002d10e718 mode 0


Dynamic libraries:
0x00007ff69e1f0000 - 0x00007ff69e221000 	F:\android-studio\jre\bin\java.exe
0x00007ff939420000 - 0x00007ff939601000 	C:\WINDOWS\SYSTEM32\ntdll.dll
0x00007ff936b00000 - 0x00007ff936bb2000 	C:\WINDOWS\System32\KERNEL32.DLL
0x00007ff9359e0000 - 0x00007ff935c53000 	C:\WINDOWS\System32\KERNELBASE.dll
0x00007ff937bd0000 - 0x00007ff937c71000 	C:\WINDOWS\System32\ADVAPI32.dll
0x00007ff936a60000 - 0x00007ff936afe000 	C:\WINDOWS\System32\msvcrt.dll
0x00007ff9372e0000 - 0x00007ff93733b000 	C:\WINDOWS\System32\sechost.dll
0x00007ff936cd0000 - 0x00007ff936df4000 	C:\WINDOWS\System32\RPCRT4.dll
0x00007ff937830000 - 0x00007ff9379c0000 	C:\WINDOWS\System32\USER32.dll
0x00007ff936510000 - 0x00007ff936530000 	C:\WINDOWS\System32\win32u.dll
0x00007ff9379f0000 - 0x00007ff937a18000 	C:\WINDOWS\System32\GDI32.dll
0x00007ff936710000 - 0x00007ff9368a2000 	C:\WINDOWS\System32\gdi32full.dll
0x00007ff936470000 - 0x00007ff93650f000 	C:\WINDOWS\System32\msvcp_win.dll
0x00007ff935c60000 - 0x00007ff935d5a000 	C:\WINDOWS\System32\ucrtbase.dll
0x00007ff92b110000 - 0x00007ff92b379000 	C:\WINDOWS\WinSxS\amd64_microsoft.windows.common-controls_6595b64144ccf1df_6.0.17134.345_none_fb429a5930656358\COMCTL32.dll
0x00007ff937c80000 - 0x00007ff937fa3000 	C:\WINDOWS\System32\combase.dll
0x00007ff936690000 - 0x00007ff93670a000 	C:\WINDOWS\System32\bcryptPrimitives.dll
0x00007ff9372b0000 - 0x00007ff9372dd000 	C:\WINDOWS\System32\IMM32.DLL
0x0000000067fb0000 - 0x0000000068082000 	F:\android-studio\jre\jre\bin\msvcr100.dll
0x0000000067760000 - 0x0000000067fa1000 	F:\android-studio\jre\jre\bin\server\jvm.dll
0x00007ff9368b0000 - 0x00007ff9368b8000 	C:\WINDOWS\System32\PSAPI.DLL
0x00007ff92fd00000 - 0x00007ff92fd09000 	C:\WINDOWS\SYSTEM32\WSOCK32.dll
0x00007ff927b80000 - 0x00007ff927b8a000 	C:\WINDOWS\SYSTEM32\VERSION.dll
0x00007ff9338a0000 - 0x00007ff9338c3000 	C:\WINDOWS\SYSTEM32\WINMM.dll
0x00007ff937240000 - 0x00007ff9372ac000 	C:\WINDOWS\System32\WS2_32.dll
0x00007ff933450000 - 0x00007ff93347a000 	C:\WINDOWS\SYSTEM32\WINMMBASE.dll
0x00007ff9365e0000 - 0x00007ff936629000 	C:\WINDOWS\System32\cfgmgr32.dll
0x00007ff926b10000 - 0x00007ff926b1f000 	F:\android-studio\jre\jre\bin\verify.dll
0x00007ff919600000 - 0x00007ff919629000 	F:\android-studio\jre\jre\bin\java.dll
0x00007ff9269a0000 - 0x00007ff9269b6000 	F:\android-studio\jre\jre\bin\zip.dll
0x00007ff937fb0000 - 0x00007ff9393ef000 	C:\WINDOWS\System32\SHELL32.dll
0x00007ff936c20000 - 0x00007ff936cc9000 	C:\WINDOWS\System32\shcore.dll
0x00007ff935d60000 - 0x00007ff93646d000 	C:\WINDOWS\System32\windows.storage.dll
0x00007ff936bc0000 - 0x00007ff936c11000 	C:\WINDOWS\System32\shlwapi.dll
0x00007ff935740000 - 0x00007ff935751000 	C:\WINDOWS\System32\kernel.appcore.dll
0x00007ff9357b0000 - 0x00007ff9357cf000 	C:\WINDOWS\System32\profapi.dll
0x00007ff935760000 - 0x00007ff9357ac000 	C:\WINDOWS\System32\powrprof.dll
0x00007ff935730000 - 0x00007ff93573a000 	C:\WINDOWS\System32\FLTLIB.DLL
0x00007ff925c30000 - 0x00007ff925c4a000 	F:\android-studio\jre\jre\bin\net.dll
0x00007ff934fb0000 - 0x00007ff935016000 	C:\WINDOWS\system32\mswsock.dll
0x00007ff91f9a0000 - 0x00007ff91f9b1000 	F:\android-studio\jre\jre\bin\nio.dll
0x00007ff91dbc0000 - 0x00007ff91dbde000 	C:\Users\Administrator\.gradle\native\25\windows-amd64\native-platform.dll
0x00007ff924960000 - 0x00007ff92496d000 	F:\android-studio\jre\jre\bin\management.dll
0x00007ff935160000 - 0x00007ff935177000 	C:\WINDOWS\SYSTEM32\CRYPTSP.dll
0x00007ff934b30000 - 0x00007ff934b63000 	C:\WINDOWS\system32\rsaenh.dll
0x00007ff935290000 - 0x00007ff9352b5000 	C:\WINDOWS\SYSTEM32\bcrypt.dll
0x00007ff935660000 - 0x00007ff935688000 	C:\WINDOWS\SYSTEM32\USERENV.dll
0x00007ff935180000 - 0x00007ff93518b000 	C:\WINDOWS\SYSTEM32\CRYPTBASE.dll
0x00007ff934cd0000 - 0x00007ff934d08000 	C:\WINDOWS\SYSTEM32\IPHLPAPI.DLL
0x00007ff9379e0000 - 0x00007ff9379e8000 	C:\WINDOWS\System32\NSI.dll
0x00007ff931440000 - 0x00007ff931456000 	C:\WINDOWS\SYSTEM32\dhcpcsvc6.DLL
0x00007ff931410000 - 0x00007ff93142a000 	C:\WINDOWS\SYSTEM32\dhcpcsvc.DLL
0x00007ff918ba0000 - 0x00007ff918bc4000 	F:\android-studio\jre\jre\bin\sunec.dll
0x00007ff934d10000 - 0x00007ff934dce000 	C:\WINDOWS\SYSTEM32\DNSAPI.dll
0x00007ff92f770000 - 0x00007ff92f77a000 	C:\Windows\System32\rasadhlp.dll
0x00007ff92f570000 - 0x00007ff92f5e2000 	C:\WINDOWS\System32\fwpuclnt.dll
0x00007ff923780000 - 0x00007ff92378b000 	F:\android-studio\jre\jre\bin\sunmscapi.dll
0x00007ff9357f0000 - 0x00007ff9359d2000 	C:\WINDOWS\System32\CRYPT32.dll
0x00007ff9357d0000 - 0x00007ff9357e2000 	C:\WINDOWS\System32\MSASN1.dll
0x00007ff934820000 - 0x00007ff934851000 	C:\WINDOWS\SYSTEM32\ntmarta.dll
0x00007ff918b80000 - 0x00007ff918b9e000 	C:\Users\Administrator\AppData\Local\Temp\native-platform1726684843848646834dir\native-platform.dll
0x00007ff933ab0000 - 0x00007ff933b3b000 	C:\WINDOWS\system32\apphelp.dll

VM Arguments:
jvm_args: -Xmx1536M -Dfile.encoding=GBK -Duser.country=CN -Duser.language=zh -Duser.variant 
java_command: org.gradle.launcher.daemon.bootstrap.GradleDaemon 4.1
java_class_path (initial): C:\Users\Administrator\.gradle\wrapper\dists\gradle-4.1-all\bzyivzo6n839fup2jbap0tjew\gradle-4.1\lib\gradle-launcher-4.1.jar
Launcher Type: SUN_STANDARD

Environment Variables:
JAVA_HOME=F:\android-studio\jre
CLASSPATH=F:\Flutter_Work\newstudentapp\android\\gradle\wrapper\gradle-wrapper.jar
PATH=C:\WINDOWS\system32;C:\WINDOWS;C:\WINDOWS\System32\Wbem;C:\WINDOWS\System32\WindowsPowerShell\v1.0\;D:\Git\cmd;.;D:\Java\jdk1.8.0_91\lib\dt.jar;D:\Java\jdk1.8.0_91\lib\tools.jar;D:\Java\jdk1.8.0_91\bin;E:\android\android-sdk\platform-tools;E:\android\android-sdk\tools;F:\flutter\flutter\bin;F:\TortoiseSVN\bin;F:\tom9\bin;F:\tom9\lib;F:\mysql-8.0.11-winx64\bin;F:\MinGW\bin;C:\WINDOWS\System32\OpenSSH\;C:\ProgramData\chocolatey\bin;C:\Program Files\nodejs\;F:\Microsoft VS Code\bin;F:\Python\Python36\Scripts\;F:\Python\Python36\;C:\Users\Administrator\AppData\Local\Microsoft\WindowsApps;;F:\Microsoft VS Code\bin;C:\Users\Administrator\AppData\Roaming\npm
USERNAME=Administrator
OS=Windows_NT
PROCESSOR_IDENTIFIER=Intel64 Family 6 Model 60 Stepping 3, GenuineIntel



---------------  S Y S T E M  ---------------

OS: Windows 10.0 , 64 bit Build 17134 (10.0.17134.1)

CPU:total 8 (initial active 8) (4 cores per cpu, 2 threads per core) family 6 model 60 stepping 3, cmov, cx8, fxsr, mmx, sse, sse2, sse3, ssse3, sse4.1, sse4.2, popcnt, avx, avx2, aes, clmul, erms, lzcnt, ht, tsc, tscinvbit, bmi1, bmi2

Memory: 4k page, physical 8248304k(1031556k free), swap 8248304k(4988k free)

vm_info: OpenJDK 64-Bit Server VM (25.152-b06) for windows-amd64 JRE (1.8.0_152-release-1136-b06), built by "builder" with MS VC++ 10.0 (VS2010)

time: Fri Oct 12 15:02:10 2018
elapsed time: 61 seconds (0d 0h 1m 1s)

