#
# There is insufficient memory for the Java Runtime Environment to continue.
# Native memory allocation (malloc) failed to allocate 32744 bytes for ChunkPool::allocate
# Possible reasons:
#   The system is out of physical RAM or swap space
#   In 32 bit mode, the process size limit was hit
# Possible solutions:
#   Reduce memory load on the system
#   Increase physical memory or swap space
#   Check if swap backing store is full
#   Use 64 bit Java on a 64 bit OS
#   Decrease Java heap size (-Xmx/-Xms)
#   Decrease number of Java threads
#   Decrease Java thread stack sizes (-Xss)
#   Set larger code cache with -XX:ReservedCodeCacheSize=
# This output file may be truncated or incomplete.
#
#  Out of Memory Error (allocation.cpp:273), pid=5316, tid=0x00000000000028d0
#
# JRE version: OpenJDK Runtime Environment (8.0_152-b06) (build 1.8.0_152-release-1136-b06)
# Java VM: OpenJDK 64-Bit Server VM (25.152-b06 mixed mode windows-amd64 compressed oops)
# Failed to write core dump. Minidumps are not enabled by default on client versions of Windows
#

---------------  T H R E A D  ---------------

Current thread (0x000000001a6af000):  JavaThread "C1 CompilerThread3" daemon [_thread_in_native, id=10448, stack(0x000000001b010000,0x000000001b110000)]

Stack: [0x000000001b010000,0x000000001b110000]
[error occurred during error reporting (printing stack bounds), id 0xc0000005]

Native frames: (J=compiled Java code, j=interpreted, Vv=VM code, C=native code)


Current CompileTask:
C1:   6500  941       3       org.gradle.internal.logging.text.AbstractLineChoppingStyledTextOutput$1::execute (130 bytes)


---------------  P R O C E S S  ---------------

Java Threads: ( => current thread )
  0x000000001bc25800 JavaThread "Forward input" [_thread_blocked, id=1808, stack(0x000000001cee0000,0x000000001cfe0000)]
  0x000000001bc25000 JavaThread "DisconnectableInputStream source reader" daemon [_thread_in_native, id=11700, stack(0x000000001cde0000,0x000000001cee0000)]
  0x000000001a732800 JavaThread "Service Thread" daemon [_thread_blocked, id=900, stack(0x000000001b110000,0x000000001b210000)]
=>0x000000001a6af000 JavaThread "C1 CompilerThread3" daemon [_thread_in_native, id=10448, stack(0x000000001b010000,0x000000001b110000)]
  0x000000001a6a8000 JavaThread "C2 CompilerThread2" daemon [_thread_blocked, id=6800, stack(0x000000001af10000,0x000000001b010000)]
  0x000000001a6a3000 JavaThread "C2 CompilerThread1" daemon [_thread_blocked, id=464, stack(0x000000001ae10000,0x000000001af10000)]
  0x000000001874b800 JavaThread "C2 CompilerThread0" daemon [_thread_blocked, id=3588, stack(0x000000001ad10000,0x000000001ae10000)]
  0x000000001a64e000 JavaThread "Attach Listener" daemon [_thread_blocked, id=7752, stack(0x000000001ac10000,0x000000001ad10000)]
  0x000000001a6a0000 JavaThread "Signal Dispatcher" daemon [_thread_blocked, id=11540, stack(0x000000001ab10000,0x000000001ac10000)]
  0x0000000003819800 JavaThread "Finalizer" daemon [_thread_blocked, id=9916, stack(0x000000001aa10000,0x000000001ab10000)]
  0x000000001873b000 JavaThread "Reference Handler" daemon [_thread_blocked, id=936, stack(0x000000001a510000,0x000000001a610000)]
  0x000000000371e800 JavaThread "main" [_thread_in_native, id=8856, stack(0x0000000003560000,0x0000000003660000)]

Other Threads:
  0x0000000018737800 VMThread [stack: 0x000000001a410000,0x000000001a510000] [id=11256]
  0x000000001a734800 WatcherThread [stack: 0x000000001b210000,0x000000001b310000] [id=1452]

VM state:not at safepoint (normal execution)

VM Mutex/Monitor currently owned by a thread: None

Heap:
 PSYoungGen      total 37888K, used 7046K [0x00000000d6100000, 0x00000000dab00000, 0x0000000100000000)
  eden space 32768K, 5% used [0x00000000d6100000,0x00000000d62e83a0,0x00000000d8100000)
  from space 5120K, 99% used [0x00000000d8100000,0x00000000d85f95b0,0x00000000d8600000)
  to   space 5120K, 0% used [0x00000000da600000,0x00000000da600000,0x00000000dab00000)
 ParOldGen       total 86016K, used 547K [0x0000000082200000, 0x0000000087600000, 0x00000000d6100000)
  object space 86016K, 0% used [0x0000000082200000,0x0000000082288cf0,0x0000000087600000)
 Metaspace       used 10613K, capacity 10966K, committed 11008K, reserved 1058816K
  class space    used 1381K, capacity 1498K, committed 1536K, reserved 1048576K

Card table byte_map: [0x0000000012be0000,0x0000000012fd0000] byte_map_base: 0x00000000127cf000

Marking Bits: (ParMarkBitMap*) 0x0000000068aa5aa0
 Begin Bits: [0x0000000013a70000, 0x00000000159e8000)
 End Bits:   [0x00000000159e8000, 0x0000000017960000)

Polling page: 0x0000000001440000

CodeCache: size=245760Kb used=3281Kb max_used=3281Kb free=242478Kb
 bounds [0x0000000003820000, 0x0000000003b60000, 0x0000000012820000]
 total_blobs=1288 nmethods=939 adapters=263
 compilation: enabled

Compilation events (10 events):
Event: 6.475 Thread 0x000000001a6af000 nmethod 936 0x0000000003b54490 code [0x0000000003b545e0, 0x0000000003b546d0]
Event: 6.475 Thread 0x000000001a6af000  937       3       org.gradle.internal.logging.text.AbstractLineChoppingStyledTextOutput$StateContext::isCurrentCharEquals (61 bytes)
Event: 6.475 Thread 0x000000001a6af000 nmethod 937 0x0000000003b54750 code [0x0000000003b548e0, 0x0000000003b54d28]
Event: 6.475 Thread 0x000000001a6af000  938       3       org.gradle.internal.logging.text.AbstractLineChoppingStyledTextOutput$StateContext::hasChar (22 bytes)
Event: 6.476 Thread 0x000000001a6af000 nmethod 938 0x0000000003b54f50 code [0x0000000003b550a0, 0x0000000003b55250]
Event: 6.476 Thread 0x000000001a6af000  939       3       org.gradle.internal.logging.text.AbstractLineChoppingStyledTextOutput$StateContext::setState (10 bytes)
Event: 6.476 Thread 0x000000001a6af000 nmethod 939 0x0000000003b552d0 code [0x0000000003b55440, 0x0000000003b55610]
Event: 6.476 Thread 0x000000001a6af000  940       3       org.gradle.internal.logging.text.AbstractLineChoppingStyledTextOutput$1::execute (9 bytes)
Event: 6.476 Thread 0x000000001a6af000 nmethod 940 0x0000000003b55710 code [0x0000000003b55880, 0x0000000003b55b68]
Event: 6.476 Thread 0x000000001a6af000  941       3       org.gradle.internal.logging.text.AbstractLineChoppingStyledTextOutput$1::execute (130 bytes)

GC Heap History (2 events):
Event: 0.684 GC heap before
{Heap before GC invocations=1 (full 0):
 PSYoungGen      total 37888K, used 32768K [0x00000000d6100000, 0x00000000d8b00000, 0x0000000100000000)
  eden space 32768K, 100% used [0x00000000d6100000,0x00000000d8100000,0x00000000d8100000)
  from space 5120K, 0% used [0x00000000d8600000,0x00000000d8600000,0x00000000d8b00000)
  to   space 5120K, 0% used [0x00000000d8100000,0x00000000d8100000,0x00000000d8600000)
 ParOldGen       total 86016K, used 0K [0x0000000082200000, 0x0000000087600000, 0x00000000d6100000)
  object space 86016K, 0% used [0x0000000082200000,0x0000000082200000,0x0000000087600000)
 Metaspace       used 10424K, capacity 10750K, committed 11008K, reserved 1058816K
  class space    used 1366K, capacity 1494K, committed 1536K, reserved 1048576K
Event: 0.692 GC heap after
Heap after GC invocations=1 (full 0):
 PSYoungGen      total 37888K, used 5093K [0x00000000d6100000, 0x00000000dab00000, 0x0000000100000000)
  eden space 32768K, 0% used [0x00000000d6100000,0x00000000d6100000,0x00000000d8100000)
  from space 5120K, 99% used [0x00000000d8100000,0x00000000d85f95b0,0x00000000d8600000)
  to   space 5120K, 0% used [0x00000000da600000,0x00000000da600000,0x00000000dab00000)
 ParOldGen       total 86016K, used 547K [0x0000000082200000, 0x0000000087600000, 0x00000000d6100000)
  object space 86016K, 0% used [0x0000000082200000,0x0000000082288cf0,0x0000000087600000)
 Metaspace       used 10424K, capacity 10750K, committed 11008K, reserved 1058816K
  class space    used 1366K, capacity 1494K, committed 1536K, reserved 1048576K
}

Deoptimization events (4 events):
Event: 0.457 Thread 0x000000000371e800 Uncommon trap: reason=unstable_if action=reinterpret pc=0x0000000003a653e8 method=java.util.HashMap.hash(Ljava/lang/Object;)I @ 1
Event: 0.457 Thread 0x000000000371e800 Uncommon trap: reason=unstable_if action=reinterpret pc=0x0000000003aa5368 method=java.util.HashMap.hash(Ljava/lang/Object;)I @ 1
Event: 0.488 Thread 0x000000000371e800 Uncommon trap: reason=unstable_if action=reinterpret pc=0x0000000003a5513c method=java.util.HashMap.getNode(ILjava/lang/Object;)Ljava/util/HashMap$Node; @ 129
Event: 0.488 Thread 0x000000000371e800 Uncommon trap: reason=class_check action=maybe_recompile pc=0x0000000003aad718 method=java.util.HashMap.putVal(ILjava/lang/Object;Ljava/lang/Object;ZZ)Ljava/lang/Object; @ 203

Classes redefined (0 events):
No events

Internal exceptions (10 events):
Event: 0.665 Thread 0x000000000371e800 Exception <a 'java/lang/NoSuchMethodError': <clinit>> (0x00000000d8019008) thrown at [D:\src\AOSP-openjdk-cygwin\jdk8u\hotspot\src\share\vm\prims\jni.cpp, line 1613]
Event: 0.666 Thread 0x000000000371e800 Exception <a 'java/lang/NoSuchMethodError': <clinit>> (0x00000000d8036498) thrown at [D:\src\AOSP-openjdk-cygwin\jdk8u\hotspot\src\share\vm\prims\jni.cpp, line 1613]
Event: 0.670 Thread 0x000000000371e800 Exception <a 'java/lang/NoSuchMethodError': <clinit>> (0x00000000d8086900) thrown at [D:\src\AOSP-openjdk-cygwin\jdk8u\hotspot\src\share\vm\prims\jni.cpp, line 1613]
Event: 0.672 Thread 0x000000000371e800 Exception <a 'java/lang/NoSuchMethodError': <clinit>> (0x00000000d80a82d0) thrown at [D:\src\AOSP-openjdk-cygwin\jdk8u\hotspot\src\share\vm\prims\jni.cpp, line 1613]
Event: 0.672 Thread 0x000000000371e800 Exception <a 'java/lang/NoSuchMethodError': <clinit>> (0x00000000d80b0ac0) thrown at [D:\src\AOSP-openjdk-cygwin\jdk8u\hotspot\src\share\vm\prims\jni.cpp, line 1613]
Event: 0.673 Thread 0x000000000371e800 Exception <a 'java/lang/NoSuchMethodError': <clinit>> (0x00000000d80bdb10) thrown at [D:\src\AOSP-openjdk-cygwin\jdk8u\hotspot\src\share\vm\prims\jni.cpp, line 1613]
Event: 0.673 Thread 0x000000000371e800 Exception <a 'java/lang/NoSuchMethodError': <clinit>> (0x00000000d80c6588) thrown at [D:\src\AOSP-openjdk-cygwin\jdk8u\hotspot\src\share\vm\prims\jni.cpp, line 1613]
Event: 0.675 Thread 0x000000000371e800 Exception <a 'java/lang/NoSuchMethodError': <clinit>> (0x00000000d80dfcb8) thrown at [D:\src\AOSP-openjdk-cygwin\jdk8u\hotspot\src\share\vm\prims\jni.cpp, line 1613]
Event: 0.694 Thread 0x000000000371e800 Exception <a 'java/lang/NoSuchMethodError': <clinit>> (0x00000000d610b8b0) thrown at [D:\src\AOSP-openjdk-cygwin\jdk8u\hotspot\src\share\vm\prims\jni.cpp, line 1613]
Event: 0.695 Thread 0x000000000371e800 Exception <a 'java/lang/NoSuchMethodError': <clinit>> (0x00000000d6115660) thrown at [D:\src\AOSP-openjdk-cygwin\jdk8u\hotspot\src\share\vm\prims\jni.cpp, line 1613]

Events (10 events):
Event: 0.701 loading class java/util/concurrent/locks/LockSupport
Event: 0.701 loading class java/util/concurrent/locks/LockSupport done
Event: 4.145 Executing VM operation: EnableBiasedLocking
Event: 4.146 Executing VM operation: EnableBiasedLocking done
Event: 6.473 loading class java/lang/Class$4
Event: 6.473 loading class java/lang/Class$4 done
Event: 6.473 loading class org/gradle/internal/logging/events/StyledTextOutputEvent$Span
Event: 6.473 loading class org/gradle/internal/logging/events/StyledTextOutputEvent$Span done
Event: 6.474 loading class org/gradle/internal/logging/text/AbstractLineChoppingStyledTextOutput$StateContext
Event: 6.474 loading class org/gradle/internal/logging/text/AbstractLineChoppingStyledTextOutput$StateContext done


Dynamic libraries:
0x00007ff638a70000 - 0x00007ff638aa1000 	F:\android-studio\jre\bin\java.exe
0x00007ff939420000 - 0x00007ff939601000 	C:\WINDOWS\SYSTEM32\ntdll.dll
0x00007ff936b00000 - 0x00007ff936bb2000 	C:\WINDOWS\System32\KERNEL32.DLL
0x00007ff9359e0000 - 0x00007ff935c53000 	C:\WINDOWS\System32\KERNELBASE.dll
0x00007ff937bd0000 - 0x00007ff937c71000 	C:\WINDOWS\System32\ADVAPI32.dll
0x00007ff936a60000 - 0x00007ff936afe000 	C:\WINDOWS\System32\msvcrt.dll
0x00007ff9372e0000 - 0x00007ff93733b000 	C:\WINDOWS\System32\sechost.dll
0x00007ff936cd0000 - 0x00007ff936df4000 	C:\WINDOWS\System32\RPCRT4.dll
0x00007ff937830000 - 0x00007ff9379c0000 	C:\WINDOWS\System32\USER32.dll
0x00007ff936510000 - 0x00007ff936530000 	C:\WINDOWS\System32\win32u.dll
0x00007ff9379f0000 - 0x00007ff937a18000 	C:\WINDOWS\System32\GDI32.dll
0x00007ff936710000 - 0x00007ff9368a2000 	C:\WINDOWS\System32\gdi32full.dll
0x00007ff936470000 - 0x00007ff93650f000 	C:\WINDOWS\System32\msvcp_win.dll
0x00007ff935c60000 - 0x00007ff935d5a000 	C:\WINDOWS\System32\ucrtbase.dll
0x00007ff92c010000 - 0x00007ff92c279000 	C:\WINDOWS\WinSxS\amd64_microsoft.windows.common-controls_6595b64144ccf1df_6.0.17134.345_none_fb429a5930656358\COMCTL32.dll
0x00007ff937c80000 - 0x00007ff937fa3000 	C:\WINDOWS\System32\combase.dll
0x00007ff936690000 - 0x00007ff93670a000 	C:\WINDOWS\System32\bcryptPrimitives.dll
0x00007ff9372b0000 - 0x00007ff9372dd000 	C:\WINDOWS\System32\IMM32.DLL
0x0000000068200000 - 0x00000000682d2000 	F:\android-studio\jre\jre\bin\msvcr100.dll
0x00000000682e0000 - 0x0000000068b21000 	F:\android-studio\jre\jre\bin\server\jvm.dll
0x00007ff9368b0000 - 0x00007ff9368b8000 	C:\WINDOWS\System32\PSAPI.DLL
0x00007ff9338d0000 - 0x00007ff9338f3000 	C:\WINDOWS\SYSTEM32\WINMM.dll
0x00007ff933a30000 - 0x00007ff933a39000 	C:\WINDOWS\SYSTEM32\WSOCK32.dll
0x00007ff927b80000 - 0x00007ff927b8a000 	C:\WINDOWS\SYSTEM32\VERSION.dll
0x00007ff937240000 - 0x00007ff9372ac000 	C:\WINDOWS\System32\WS2_32.dll
0x00007ff9325a0000 - 0x00007ff9325ca000 	C:\WINDOWS\SYSTEM32\WINMMBASE.dll
0x00007ff9365e0000 - 0x00007ff936629000 	C:\WINDOWS\System32\cfgmgr32.dll
0x00007ff931aa0000 - 0x00007ff931aaf000 	F:\android-studio\jre\jre\bin\verify.dll
0x00007ff92f810000 - 0x00007ff92f839000 	F:\android-studio\jre\jre\bin\java.dll
0x00007ff92fc40000 - 0x00007ff92fc56000 	F:\android-studio\jre\jre\bin\zip.dll
0x00007ff937fb0000 - 0x00007ff9393ef000 	C:\WINDOWS\System32\SHELL32.dll
0x00007ff936c20000 - 0x00007ff936cc9000 	C:\WINDOWS\System32\shcore.dll
0x00007ff935d60000 - 0x00007ff93646d000 	C:\WINDOWS\System32\windows.storage.dll
0x00007ff936bc0000 - 0x00007ff936c11000 	C:\WINDOWS\System32\shlwapi.dll
0x00007ff935740000 - 0x00007ff935751000 	C:\WINDOWS\System32\kernel.appcore.dll
0x00007ff9357b0000 - 0x00007ff9357cf000 	C:\WINDOWS\System32\profapi.dll
0x00007ff935760000 - 0x00007ff9357ac000 	C:\WINDOWS\System32\powrprof.dll
0x00007ff935730000 - 0x00007ff93573a000 	C:\WINDOWS\System32\FLTLIB.DLL
0x00007ff92dc80000 - 0x00007ff92dc9a000 	F:\android-studio\jre\jre\bin\net.dll
0x00007ff934fb0000 - 0x00007ff935016000 	C:\WINDOWS\system32\mswsock.dll
0x00007ff92dc60000 - 0x00007ff92dc71000 	F:\android-studio\jre\jre\bin\nio.dll
0x00007ff931030000 - 0x00007ff93104e000 	C:\Users\Administrator\.gradle\native\25\windows-amd64\native-platform.dll
0x00007ff931a90000 - 0x00007ff931a9d000 	F:\android-studio\jre\jre\bin\management.dll
0x00007ff935160000 - 0x00007ff935177000 	C:\WINDOWS\SYSTEM32\CRYPTSP.dll
0x00007ff934b30000 - 0x00007ff934b63000 	C:\WINDOWS\system32\rsaenh.dll
0x00007ff935290000 - 0x00007ff9352b5000 	C:\WINDOWS\SYSTEM32\bcrypt.dll
0x00007ff935660000 - 0x00007ff935688000 	C:\WINDOWS\SYSTEM32\USERENV.dll
0x00007ff935180000 - 0x00007ff93518b000 	C:\WINDOWS\SYSTEM32\CRYPTBASE.dll
0x00007ff934cd0000 - 0x00007ff934d08000 	C:\WINDOWS\SYSTEM32\IPHLPAPI.DLL
0x00007ff9379e0000 - 0x00007ff9379e8000 	C:\WINDOWS\System32\NSI.dll
0x00007ff931440000 - 0x00007ff931456000 	C:\WINDOWS\SYSTEM32\dhcpcsvc6.DLL
0x00007ff931410000 - 0x00007ff93142a000 	C:\WINDOWS\SYSTEM32\dhcpcsvc.DLL

VM Arguments:
jvm_args: -Dorg.gradle.appname=gradlew 
java_command: org.gradle.wrapper.GradleWrapperMain -q -Ptarget=F:\Flutter_Work\newstudentapp\lib\main.dart -Pfilesystem-scheme=org-dartlang-root assembleDebug
java_class_path (initial): F:\Flutter_Work\newstudentapp\android\\gradle\wrapper\gradle-wrapper.jar
Launcher Type: SUN_STANDARD

Environment Variables:
JAVA_HOME=F:\android-studio\jre
CLASSPATH=F:\Flutter_Work\newstudentapp\android\\gradle\wrapper\gradle-wrapper.jar
PATH=C:\WINDOWS\system32;C:\WINDOWS;C:\WINDOWS\System32\Wbem;C:\WINDOWS\System32\WindowsPowerShell\v1.0\;D:\Git\cmd;.;D:\Java\jdk1.8.0_91\lib\dt.jar;D:\Java\jdk1.8.0_91\lib\tools.jar;D:\Java\jdk1.8.0_91\bin;E:\android\android-sdk\platform-tools;E:\android\android-sdk\tools;F:\flutter\flutter\bin;F:\TortoiseSVN\bin;F:\tom9\bin;F:\tom9\lib;F:\mysql-8.0.11-winx64\bin;F:\MinGW\bin;C:\WINDOWS\System32\OpenSSH\;C:\ProgramData\chocolatey\bin;C:\Program Files\nodejs\;F:\Microsoft VS Code\bin;F:\Python\Python36\Scripts\;F:\Python\Python36\;C:\Users\Administrator\AppData\Local\Microsoft\WindowsApps;;F:\Microsoft VS Code\bin;C:\Users\Administrator\AppData\Roaming\npm
USERNAME=Administrator
OS=Windows_NT
PROCESSOR_IDENTIFIER=Intel64 Family 6 Model 60 Stepping 3, GenuineIntel



---------------  S Y S T E M  ---------------

OS: Windows 10.0 , 64 bit Build 17134 (10.0.17134.1)

CPU:total 8 (initial active 8) (4 cores per cpu, 2 threads per core) family 6 model 60 stepping 3, cmov, cx8, fxsr, mmx, sse, sse2, sse3, ssse3, sse4.1, sse4.2, popcnt, avx, avx2, aes, clmul, erms, lzcnt, ht, tsc, tscinvbit, bmi1, bmi2

Memory: 4k page, physical 8248304k(994324k free), swap 8248304k(2064k free)

vm_info: OpenJDK 64-Bit Server VM (25.152-b06) for windows-amd64 JRE (1.8.0_152-release-1136-b06), built by "builder" with MS VC++ 10.0 (VS2010)

time: Mon Oct 15 16:49:57 2018
elapsed time: 6 seconds (0d 0h 0m 6s)

