#
# There is insufficient memory for the Java Runtime Environment to continue.
# Native memory allocation (malloc) failed to allocate 32744 bytes for ChunkPool::allocate
# Possible reasons:
#   The system is out of physical RAM or swap space
#   In 32 bit mode, the process size limit was hit
# Possible solutions:
#   Reduce memory load on the system
#   Increase physical memory or swap space
#   Check if swap backing store is full
#   Use 64 bit Java on a 64 bit OS
#   Decrease Java heap size (-Xmx/-Xms)
#   Decrease number of Java threads
#   Decrease Java thread stack sizes (-Xss)
#   Set larger code cache with -XX:ReservedCodeCacheSize=
# This output file may be truncated or incomplete.
#
#  Out of Memory Error (allocation.cpp:273), pid=11692, tid=0x000000000000312c
#
# JRE version: OpenJDK Runtime Environment (8.0_152-b06) (build 1.8.0_152-release-1136-b06)
# Java VM: OpenJDK 64-Bit Server VM (25.152-b06 mixed mode windows-amd64 compressed oops)
# Failed to write core dump. Minidumps are not enabled by default on client versions of Windows
#

---------------  T H R E A D  ---------------

Current thread (0x00000000189cb000):  JavaThread "C2 CompilerThread2" daemon [_thread_in_native, id=12588, stack(0x0000000019230000,0x0000000019330000)]

Stack: [0x0000000019230000,0x0000000019330000]
[error occurred during error reporting (printing stack bounds), id 0xc0000005]

Native frames: (J=compiled Java code, j=interpreted, Vv=VM code, C=native code)


Current CompileTask:
C2:  10557 9164       4       java.lang.Class::privateGetPublicMethods (267 bytes)


---------------  P R O C E S S  ---------------

Java Threads: ( => current thread )
  0x00000000215d8800 JavaThread "Exec process Thread 3" [_thread_in_native, id=12660, stack(0x0000000028770000,0x0000000028870000)]
  0x00000000215d5800 JavaThread "Exec process Thread 2" [_thread_in_native, id=5220, stack(0x0000000028670000,0x0000000028770000)]
  0x00000000215d8000 JavaThread "Exec process" [_thread_in_native, id=11400, stack(0x0000000028570000,0x0000000028670000)]
  0x00000000189c7000 JavaThread "Task worker for ':' Thread 7" [_thread_blocked, id=8676, stack(0x0000000028470000,0x0000000028570000)]
  0x00000000189cd000 JavaThread "Task worker for ':' Thread 6" [_thread_blocked, id=3224, stack(0x0000000028370000,0x0000000028470000)]
  0x00000000189ca000 JavaThread "Task worker for ':' Thread 5" [_thread_blocked, id=2100, stack(0x0000000028270000,0x0000000028370000)]
  0x00000000189cc800 JavaThread "Task worker for ':' Thread 4" [_thread_blocked, id=4784, stack(0x0000000028170000,0x0000000028270000)]
  0x000000001c35f000 JavaThread "Task worker for ':' Thread 3" [_thread_blocked, id=308, stack(0x0000000028070000,0x0000000028170000)]
  0x000000001c35c800 JavaThread "Task worker for ':' Thread 2" [_thread_blocked, id=10040, stack(0x0000000027f70000,0x0000000028070000)]
  0x000000001c363800 JavaThread "Task worker for ':'" [_thread_blocked, id=2088, stack(0x0000000027e70000,0x0000000027f70000)]
  0x000000001c35f800 JavaThread "Cache worker for Build Output Cleanup Cache (F:\Flutter_Work\newstudentapp\android\.gradle\buildOutputCleanup)" [_thread_blocked, id=9364, stack(0x0000000027d70000,0x0000000027e70000)]
  0x000000001c361000 JavaThread "Cache worker for task history cache (F:\Flutter_Work\newstudentapp\android\.gradle\4.6\taskHistory)" [_thread_blocked, id=6564, stack(0x0000000027c70000,0x0000000027d70000)]
  0x000000001c35d800 JavaThread "Cache worker for file content cache (F:\Flutter_Work\newstudentapp\android\.gradle\4.6\fileContent)" [_thread_blocked, id=2344, stack(0x0000000027b70000,0x0000000027c70000)]
  0x0000000021b10800 JavaThread "Build operations Thread 8" [_thread_blocked, id=8136, stack(0x0000000027a70000,0x0000000027b70000)]
  0x0000000021b10000 JavaThread "Build operations Thread 7" [_thread_blocked, id=10584, stack(0x0000000027970000,0x0000000027a70000)]
  0x0000000021b0e800 JavaThread "Build operations Thread 6" [_thread_blocked, id=5512, stack(0x0000000027870000,0x0000000027970000)]
  0x0000000021b11800 JavaThread "Build operations Thread 5" [_thread_blocked, id=7956, stack(0x0000000027770000,0x0000000027870000)]
  0x0000000021b0f000 JavaThread "Build operations Thread 4" [_thread_blocked, id=5884, stack(0x0000000027670000,0x0000000027770000)]
  0x0000000021b0d800 JavaThread "Build operations Thread 3" [_thread_blocked, id=12752, stack(0x0000000027570000,0x0000000027670000)]
  0x0000000021b06000 JavaThread "Build operations Thread 2" [_thread_blocked, id=2640, stack(0x0000000027470000,0x0000000027570000)]
  0x0000000021b0b800 JavaThread "Build operations" [_thread_blocked, id=13308, stack(0x0000000027370000,0x0000000027470000)]
  0x0000000021b0a800 JavaThread "Cache worker for Artifact transforms cache (C:\Users\Administrator\.gradle\caches\transforms-1)" [_thread_blocked, id=13180, stack(0x0000000027270000,0x0000000027370000)]
  0x0000000021b0c000 JavaThread "Cache worker for file hash cache (F:\Flutter_Work\newstudentapp\android\.gradle\4.6\fileHashes)" [_thread_blocked, id=3764, stack(0x0000000027170000,0x0000000027270000)]
  0x0000000021b0d000 JavaThread "Stdin handler" [_thread_blocked, id=5664, stack(0x0000000027070000,0x0000000027170000)]
  0x0000000021b0a000 JavaThread "Asynchronous log dispatcher for DefaultDaemonConnection: socket connection from /127.0.0.1:58529 to /127.0.0.1:58549" [_thread_blocked, id=11608, stack(0x0000000026f70000,0x0000000027070000)]
  0x0000000021b02800 JavaThread "Cancel handler" [_thread_blocked, id=10224, stack(0x0000000026e70000,0x0000000026f70000)]
  0x0000000021b05800 JavaThread "Handler for socket connection from /127.0.0.1:58529 to /127.0.0.1:58549" [_thread_in_native, id=7148, stack(0x0000000026d70000,0x0000000026e70000)]
  0x000000001c362800 JavaThread "Memory manager" [_thread_blocked, id=6228, stack(0x0000000022d60000,0x0000000022e60000)]
  0x000000001c360800 JavaThread "pool-1-thread-1" [_thread_blocked, id=3948, stack(0x0000000022a60000,0x0000000022b60000)]
  0x000000001a8e8000 JavaThread "File lock request listener" [_thread_in_native, id=12684, stack(0x000000001be00000,0x000000001bf00000)]
  0x000000001a909800 JavaThread "Cache worker for file hash cache (C:\Users\Administrator\.gradle\caches\4.6\fileHashes)" [_thread_blocked, id=6460, stack(0x000000001bd00000,0x000000001be00000)]
  0x000000001a87a000 JavaThread "Daemon worker" [_thread_blocked, id=4652, stack(0x000000001b700000,0x000000001b800000)]
  0x000000001a9ad000 JavaThread "Daemon" [_thread_blocked, id=1108, stack(0x000000001b200000,0x000000001b300000)]
  0x000000001aa77000 JavaThread "Daemon periodic checks" [_thread_blocked, id=12248, stack(0x000000001b100000,0x000000001b200000)]
  0x000000001a6c6800 JavaThread "Incoming local TCP Connector on port 58529" [_thread_in_native, id=11144, stack(0x000000001b000000,0x000000001b100000)]
  0x0000000018a5c800 JavaThread "Service Thread" daemon [_thread_blocked, id=2568, stack(0x0000000019430000,0x0000000019530000)]
  0x00000000189c8000 JavaThread "C1 CompilerThread3" daemon [_thread_blocked, id=6268, stack(0x0000000019330000,0x0000000019430000)]
=>0x00000000189cb000 JavaThread "C2 CompilerThread2" daemon [_thread_in_native, id=12588, stack(0x0000000019230000,0x0000000019330000)]
  0x000000001896b000 JavaThread "C2 CompilerThread1" daemon [_thread_blocked, id=9808, stack(0x0000000019130000,0x0000000019230000)]
  0x0000000018969000 JavaThread "C2 CompilerThread0" daemon [_thread_blocked, id=5000, stack(0x0000000019030000,0x0000000019130000)]
  0x0000000018967800 JavaThread "Attach Listener" daemon [_thread_blocked, id=11916, stack(0x0000000018f30000,0x0000000019030000)]
  0x00000000189c0800 JavaThread "Signal Dispatcher" daemon [_thread_blocked, id=12596, stack(0x0000000018e30000,0x0000000018f30000)]
  0x0000000016a51000 JavaThread "Finalizer" daemon [_thread_blocked, id=2636, stack(0x0000000018d30000,0x0000000018e30000)]
  0x0000000002c87000 JavaThread "Reference Handler" daemon [_thread_blocked, id=3752, stack(0x0000000018830000,0x0000000018930000)]
  0x0000000002b8e800 JavaThread "main" [_thread_blocked, id=11152, stack(0x00000000029b0000,0x0000000002ab0000)]

Other Threads:
  0x0000000016a47000 VMThread [stack: 0x0000000018730000,0x0000000018830000] [id=7124]
  0x0000000018a5e800 WatcherThread [stack: 0x0000000019530000,0x0000000019630000] [id=6424]

VM state:not at safepoint (normal execution)

VM Mutex/Monitor currently owned by a thread: None

Heap:
 PSYoungGen      total 262144K, used 194879K [0x00000000e0000000, 0x00000000f1c00000, 0x0000000100000000)
  eden space 236544K, 82% used [0x00000000e0000000,0x00000000ebe4fce0,0x00000000ee700000)
  from space 25600K, 0% used [0x00000000eff00000,0x00000000eff00000,0x00000000f1800000)
  to   space 24576K, 0% used [0x00000000ee700000,0x00000000ee700000,0x00000000eff00000)
 ParOldGen       total 147968K, used 50073K [0x00000000a0000000, 0x00000000a9080000, 0x00000000e0000000)
  object space 147968K, 33% used [0x00000000a0000000,0x00000000a30e6788,0x00000000a9080000)
 Metaspace       used 62681K, capacity 65480K, committed 65624K, reserved 1105920K
  class space    used 8311K, capacity 9024K, committed 9088K, reserved 1048576K

Card table byte_map: [0x0000000012050000,0x0000000012360000] byte_map_base: 0x0000000011b50000

Marking Bits: (ParMarkBitMap*) 0x0000000068aa5aa0
 Begin Bits: [0x0000000012d60000, 0x0000000014560000)
 End Bits:   [0x0000000014560000, 0x0000000015d60000)

Polling page: 0x0000000000700000

CodeCache: size=245760Kb used=26265Kb max_used=26283Kb free=219495Kb
 bounds [0x0000000002c90000, 0x0000000004660000, 0x0000000011c90000]
 total_blobs=9089 nmethods=8307 adapters=694
 compilation: enabled

Compilation events (10 events):
Event: 9.968 Thread 0x00000000189c8000 nmethod 9407 0x00000000046364d0 code [0x0000000004636620, 0x0000000004636750]
Event: 9.968 Thread 0x00000000189c8000 9406       3       java.lang.ProcessEnvironment$EntryComparator::compare (25 bytes)
Event: 9.968 Thread 0x00000000189c8000 nmethod 9406 0x0000000004638350 code [0x0000000004638500, 0x0000000004638ac8]
Event: 10.012 Thread 0x000000001896b000 nmethod 9401 0x00000000046529d0 code [0x0000000004652dc0, 0x00000000046555d0]
Event: 10.546 Thread 0x00000000189c8000 9408       1       org.gradle.internal.io.StreamByteBuffer::access$000 (5 bytes)
Event: 10.546 Thread 0x00000000189c8000 nmethod 9408 0x0000000004638090 code [0x00000000046381e0, 0x00000000046382d0]
Event: 10.546 Thread 0x00000000189c8000 9409       3       org.gradle.internal.io.LinePerThreadBufferingOutputStream::getStream (11 bytes)
Event: 10.546 Thread 0x00000000189c8000 nmethod 9409 0x0000000004637b50 code [0x0000000004637cc0, 0x0000000004637fc8]
Event: 10.546 Thread 0x00000000189c8000 9410       3       java.io.FilterOutputStream::write (9 bytes)
Event: 10.546 Thread 0x00000000189c8000 nmethod 9410 0x0000000004637690 code [0x0000000004637800, 0x0000000004637a28]

GC Heap History (10 events):
Event: 4.088 GC heap before
{Heap before GC invocations=11 (full 2):
 PSYoungGen      total 144384K, used 131584K [0x00000000e0000000, 0x00000000eed00000, 0x0000000100000000)
  eden space 131584K, 100% used [0x00000000e0000000,0x00000000e8080000,0x00000000e8080000)
  from space 12800K, 0% used [0x00000000e8c80000,0x00000000e8c80000,0x00000000e9900000)
  to   space 12288K, 0% used [0x00000000e8080000,0x00000000e8080000,0x00000000e8c80000)
 ParOldGen       total 86528K, used 14334K [0x00000000a0000000, 0x00000000a5480000, 0x00000000e0000000)
  object space 86528K, 16% used [0x00000000a0000000,0x00000000a0dffb58,0x00000000a5480000)
 Metaspace       used 41614K, capacity 42590K, committed 42840K, reserved 1085440K
  class space    used 5638K, capacity 5955K, committed 6016K, reserved 1048576K
Event: 4.098 GC heap after
Heap after GC invocations=11 (full 2):
 PSYoungGen      total 143872K, used 12285K [0x00000000e0000000, 0x00000000ecd80000, 0x0000000100000000)
  eden space 131584K, 0% used [0x00000000e0000000,0x00000000e0000000,0x00000000e8080000)
  from space 12288K, 99% used [0x00000000e8080000,0x00000000e8c7f448,0x00000000e8c80000)
  to   space 14336K, 0% used [0x00000000ebf80000,0x00000000ebf80000,0x00000000ecd80000)
 ParOldGen       total 86528K, used 16687K [0x00000000a0000000, 0x00000000a5480000, 0x00000000e0000000)
  object space 86528K, 19% used [0x00000000a0000000,0x00000000a104bd98,0x00000000a5480000)
 Metaspace       used 41614K, capacity 42590K, committed 42840K, reserved 1085440K
  class space    used 5638K, capacity 5955K, committed 6016K, reserved 1048576K
}
Event: 5.013 GC heap before
{Heap before GC invocations=12 (full 2):
 PSYoungGen      total 143872K, used 143869K [0x00000000e0000000, 0x00000000ecd80000, 0x0000000100000000)
  eden space 131584K, 100% used [0x00000000e0000000,0x00000000e8080000,0x00000000e8080000)
  from space 12288K, 99% used [0x00000000e8080000,0x00000000e8c7f448,0x00000000e8c80000)
  to   space 14336K, 0% used [0x00000000ebf80000,0x00000000ebf80000,0x00000000ecd80000)
 ParOldGen       total 86528K, used 16687K [0x00000000a0000000, 0x00000000a5480000, 0x00000000e0000000)
  object space 86528K, 19% used [0x00000000a0000000,0x00000000a104bd98,0x00000000a5480000)
 Metaspace       used 48164K, capacity 49408K, committed 49624K, reserved 1091584K
  class space    used 6510K, capacity 6872K, committed 6912K, reserved 1048576K
Event: 5.026 GC heap after
Heap after GC invocations=12 (full 2):
 PSYoungGen      total 192000K, used 14319K [0x00000000e0000000, 0x00000000ed200000, 0x0000000100000000)
  eden space 177664K, 0% used [0x00000000e0000000,0x00000000e0000000,0x00000000ead80000)
  from space 14336K, 99% used [0x00000000ebf80000,0x00000000ecd7bc98,0x00000000ecd80000)
  to   space 18432K, 0% used [0x00000000ead80000,0x00000000ead80000,0x00000000ebf80000)
 ParOldGen       total 86528K, used 22240K [0x00000000a0000000, 0x00000000a5480000, 0x00000000e0000000)
  object space 86528K, 25% used [0x00000000a0000000,0x00000000a15b83e0,0x00000000a5480000)
 Metaspace       used 48164K, capacity 49408K, committed 49624K, reserved 1091584K
  class space    used 6510K, capacity 6872K, committed 6912K, reserved 1048576K
}
Event: 6.521 GC heap before
{Heap before GC invocations=13 (full 2):
 PSYoungGen      total 192000K, used 191983K [0x00000000e0000000, 0x00000000ed200000, 0x0000000100000000)
  eden space 177664K, 100% used [0x00000000e0000000,0x00000000ead80000,0x00000000ead80000)
  from space 14336K, 99% used [0x00000000ebf80000,0x00000000ecd7bc98,0x00000000ecd80000)
  to   space 18432K, 0% used [0x00000000ead80000,0x00000000ead80000,0x00000000ebf80000)
 ParOldGen       total 86528K, used 22240K [0x00000000a0000000, 0x00000000a5480000, 0x00000000e0000000)
  object space 86528K, 25% used [0x00000000a0000000,0x00000000a15b83e0,0x00000000a5480000)
 Metaspace       used 55388K, capacity 57602K, committed 57816K, reserved 1099776K
  class space    used 7502K, capacity 8091K, committed 8192K, reserved 1048576K
Event: 6.542 GC heap after
Heap after GC invocations=13 (full 2):
 PSYoungGen      total 196096K, used 18414K [0x00000000e0000000, 0x00000000f1800000, 0x0000000100000000)
  eden space 177664K, 0% used [0x00000000e0000000,0x00000000e0000000,0x00000000ead80000)
  from space 18432K, 99% used [0x00000000ead80000,0x00000000ebf7ba70,0x00000000ebf80000)
  to   space 25600K, 0% used [0x00000000eff00000,0x00000000eff00000,0x00000000f1800000)
 ParOldGen       total 86528K, used 36304K [0x00000000a0000000, 0x00000000a5480000, 0x00000000e0000000)
  object space 86528K, 41% used [0x00000000a0000000,0x00000000a23743b8,0x00000000a5480000)
 Metaspace       used 55388K, capacity 57602K, committed 57816K, reserved 1099776K
  class space    used 7502K, capacity 8091K, committed 8192K, reserved 1048576K
}
Event: 6.730 GC heap before
{Heap before GC invocations=14 (full 2):
 PSYoungGen      total 196096K, used 46558K [0x00000000e0000000, 0x00000000f1800000, 0x0000000100000000)
  eden space 177664K, 15% used [0x00000000e0000000,0x00000000e1b7bf48,0x00000000ead80000)
  from space 18432K, 99% used [0x00000000ead80000,0x00000000ebf7ba70,0x00000000ebf80000)
  to   space 25600K, 0% used [0x00000000eff00000,0x00000000eff00000,0x00000000f1800000)
 ParOldGen       total 86528K, used 36304K [0x00000000a0000000, 0x00000000a5480000, 0x00000000e0000000)
  object space 86528K, 41% used [0x00000000a0000000,0x00000000a23743b8,0x00000000a5480000)
 Metaspace       used 56597K, capacity 58950K, committed 59028K, reserved 1099776K
  class space    used 7663K, capacity 8282K, committed 8320K, reserved 1048576K
Event: 6.746 GC heap after
Heap after GC invocations=14 (full 2):
 PSYoungGen      total 262144K, used 12211K [0x00000000e0000000, 0x00000000f1c00000, 0x0000000100000000)
  eden space 236544K, 0% used [0x00000000e0000000,0x00000000e0000000,0x00000000ee700000)
  from space 25600K, 47% used [0x00000000eff00000,0x00000000f0aecc28,0x00000000f1800000)
  to   space 24576K, 0% used [0x00000000ee700000,0x00000000ee700000,0x00000000eff00000)
 ParOldGen       total 86528K, used 46339K [0x00000000a0000000, 0x00000000a5480000, 0x00000000e0000000)
  object space 86528K, 53% used [0x00000000a0000000,0x00000000a2d40fa0,0x00000000a5480000)
 Metaspace       used 56597K, capacity 58950K, committed 59028K, reserved 1099776K
  class space    used 7663K, capacity 8282K, committed 8320K, reserved 1048576K
}
Event: 6.746 GC heap before
{Heap before GC invocations=15 (full 3):
 PSYoungGen      total 262144K, used 12211K [0x00000000e0000000, 0x00000000f1c00000, 0x0000000100000000)
  eden space 236544K, 0% used [0x00000000e0000000,0x00000000e0000000,0x00000000ee700000)
  from space 25600K, 47% used [0x00000000eff00000,0x00000000f0aecc28,0x00000000f1800000)
  to   space 24576K, 0% used [0x00000000ee700000,0x00000000ee700000,0x00000000eff00000)
 ParOldGen       total 86528K, used 46339K [0x00000000a0000000, 0x00000000a5480000, 0x00000000e0000000)
  object space 86528K, 53% used [0x00000000a0000000,0x00000000a2d40fa0,0x00000000a5480000)
 Metaspace       used 56597K, capacity 58950K, committed 59028K, reserved 1099776K
  class space    used 7663K, capacity 8282K, committed 8320K, reserved 1048576K
Event: 6.957 GC heap after
Heap after GC invocations=15 (full 3):
 PSYoungGen      total 262144K, used 0K [0x00000000e0000000, 0x00000000f1c00000, 0x0000000100000000)
  eden space 236544K, 0% used [0x00000000e0000000,0x00000000e0000000,0x00000000ee700000)
  from space 25600K, 0% used [0x00000000eff00000,0x00000000eff00000,0x00000000f1800000)
  to   space 24576K, 0% used [0x00000000ee700000,0x00000000ee700000,0x00000000eff00000)
 ParOldGen       total 147968K, used 50073K [0x00000000a0000000, 0x00000000a9080000, 0x00000000e0000000)
  object space 147968K, 33% used [0x00000000a0000000,0x00000000a30e6788,0x00000000a9080000)
 Metaspace       used 56597K, capacity 58950K, committed 59028K, reserved 1099776K
  class space    used 7663K, capacity 8282K, committed 8320K, reserved 1048576K
}

Deoptimization events (10 events):
Event: 9.702 Thread 0x000000001c363800 Uncommon trap: reason=class_check action=maybe_recompile pc=0x0000000002f8fbcc method=com.google.common.collect.AbstractMapBasedMultimap.wrapCollection(Ljava/lang/Object;Ljava/util/Collection;)Ljava/util/Collection; @ 44
Event: 9.761 Thread 0x000000001c361000 Uncommon trap: reason=unstable_if action=reinterpret pc=0x00000000036f4d3c method=com.esotericsoftware.kryo.io.Input.readString()Ljava/lang/String; @ 38
Event: 9.762 Thread 0x000000001c363800 Uncommon trap: reason=unstable_if action=reinterpret pc=0x0000000003085a68 method=java.lang.String.regionMatches(ZILjava/lang/String;II)Z @ 123
Event: 9.762 Thread 0x000000001c363800 Uncommon trap: reason=unstable_if action=reinterpret pc=0x0000000003588bc8 method=java.lang.String.regionMatches(ZILjava/lang/String;II)Z @ 123
Event: 9.798 Thread 0x000000001c361000 Uncommon trap: reason=bimorphic action=maybe_recompile pc=0x00000000033db1c8 method=java.io.BufferedInputStream.read1([BII)I @ 39
Event: 9.799 Thread 0x000000001c361000 Uncommon trap: reason=unstable_if action=reinterpret pc=0x000000000437c168 method=com.esotericsoftware.kryo.io.Input.readInt(Z)I @ 42
Event: 9.799 Thread 0x000000001c361000 Uncommon trap: reason=unstable_if action=reinterpret pc=0x00000000035bcf24 method=com.esotericsoftware.kryo.io.Input.readUtf8(I)V @ 79
Event: 9.950 Thread 0x000000001c363800 Uncommon trap: reason=null_check action=make_not_entrant pc=0x00000000042f2738 method=org.gradle.api.internal.AbstractClassGenerator.generateUnderLock(Ljava/lang/Class;)Ljava/lang/Class; @ 396
Event: 9.964 Thread 0x000000001c363800 Uncommon trap: reason=predicate action=maybe_recompile pc=0x0000000003ce0110 method=java.util.Arrays$ArrayList.indexOf(Ljava/lang/Object;)I @ 42
Event: 9.966 Thread 0x000000001c363800 Uncommon trap: reason=predicate action=maybe_recompile pc=0x0000000002e1e364 method=java.util.Arrays$ArrayList.indexOf(Ljava/lang/Object;)I @ 42

Classes redefined (0 events):
No events

Internal exceptions (10 events):
Event: 9.953 Thread 0x000000001c363800 Exception <a 'java/lang/ClassNotFoundException': org/gradle/process/internal/DefaultExecAction_DecoratedBeanInfo> (0x00000000eb9838e0) thrown at [D:\src\AOSP-openjdk-cygwin\jdk8u\hotspot\src\share\vm\classfile\systemDictionary.cpp, line 210]
Event: 9.953 Thread 0x000000001c363800 Exception <a 'java/lang/ClassNotFoundException': org/gradle/process/internal/DefaultExecActionBeanInfo> (0x00000000eb9b2de0) thrown at [D:\src\AOSP-openjdk-cygwin\jdk8u\hotspot\src\share\vm\classfile\systemDictionary.cpp, line 210]
Event: 9.954 Thread 0x000000001c363800 Exception <a 'java/lang/ClassNotFoundException': org/gradle/process/internal/DefaultExecHandleBuilderBeanInfo> (0x00000000eb9e5ee8) thrown at [D:\src\AOSP-openjdk-cygwin\jdk8u\hotspot\src\share\vm\classfile\systemDictionary.cpp, line 210]
Event: 9.955 Thread 0x000000001c363800 Exception <a 'java/lang/ClassNotFoundException': org/gradle/process/internal/AbstractExecHandleBuilderBeanInfo> (0x00000000eba19c88) thrown at [D:\src\AOSP-openjdk-cygwin\jdk8u\hotspot\src\share\vm\classfile\systemDictionary.cpp, line 210]
Event: 9.955 Thread 0x000000001c363800 Exception <a 'java/lang/ClassNotFoundException': org/gradle/process/internal/DefaultProcessForkOptionsBeanInfo> (0x00000000eba4dc80) thrown at [D:\src\AOSP-openjdk-cygwin\jdk8u\hotspot\src\share\vm\classfile\systemDictionary.cpp, line 210]
Event: 9.955 Thread 0x000000001c363800 Exception <a 'java/lang/ClassNotFoundException': org/gradle/process/internal/DefaultProcessForkOptionsCustomizer> (0x00000000eba825f0) thrown at [D:\src\AOSP-openjdk-cygwin\jdk8u\hotspot\src\share\vm\classfile\systemDictionary.cpp, line 210]
Event: 9.956 Thread 0x000000001c363800 Exception <a 'java/lang/ClassNotFoundException': org/gradle/process/internal/AbstractExecHandleBuilderCustomizer> (0x00000000ebac9988) thrown at [D:\src\AOSP-openjdk-cygwin\jdk8u\hotspot\src\share\vm\classfile\systemDictionary.cpp, line 210]
Event: 9.957 Thread 0x000000001c363800 Exception <a 'java/lang/ClassNotFoundException': org/gradle/process/internal/DefaultExecHandleBuilderCustomizer> (0x00000000ebb141f0) thrown at [D:\src\AOSP-openjdk-cygwin\jdk8u\hotspot\src\share\vm\classfile\systemDictionary.cpp, line 210]
Event: 9.958 Thread 0x000000001c363800 Exception <a 'java/lang/ClassNotFoundException': org/gradle/process/internal/DefaultExecActionCustomizer> (0x00000000ebb826f0) thrown at [D:\src\AOSP-openjdk-cygwin\jdk8u\hotspot\src\share\vm\classfile\systemDictionary.cpp, line 210]
Event: 9.959 Thread 0x000000001c363800 Exception <a 'java/lang/ClassNotFoundException': org/gradle/process/internal/DefaultExecAction_DecoratedCustomizer> (0x00000000ebbc3520) thrown at [D:\src\AOSP-openjdk-cygwin\jdk8u\hotspot\src\share\vm\classfile\systemDictionary.cpp, line 210]

Events (10 events):
Event: 9.966 loading class net/rubygrapefruit/platform/internal/jni/WindowsHandleFunctions
Event: 9.966 loading class net/rubygrapefruit/platform/internal/jni/WindowsHandleFunctions done
Event: 9.967 loading class java/lang/ProcessImpl
Event: 9.967 loading class java/lang/ProcessImpl done
Event: 9.974 loading class java/lang/ProcessImpl$2
Event: 9.974 loading class java/lang/ProcessImpl$2 done
Event: 9.974 loading class org/gradle/process/internal/streams/ExecOutputHandleRunner
Event: 9.974 loading class org/gradle/process/internal/streams/ExecOutputHandleRunner done
Event: 9.975 Thread 0x00000000215d5800 Thread added: 0x00000000215d5800
Event: 9.975 Thread 0x00000000215d8800 Thread added: 0x00000000215d8800


Dynamic libraries:
0x00007ff6551e0000 - 0x00007ff655211000 	F:\android-studio\jre\bin\java.exe
0x00007ff939420000 - 0x00007ff939601000 	C:\WINDOWS\SYSTEM32\ntdll.dll
0x00007ff936b00000 - 0x00007ff936bb2000 	C:\WINDOWS\System32\KERNEL32.DLL
0x00007ff9359e0000 - 0x00007ff935c53000 	C:\WINDOWS\System32\KERNELBASE.dll
0x00007ff937bd0000 - 0x00007ff937c71000 	C:\WINDOWS\System32\ADVAPI32.dll
0x00007ff936a60000 - 0x00007ff936afe000 	C:\WINDOWS\System32\msvcrt.dll
0x00007ff9372e0000 - 0x00007ff93733b000 	C:\WINDOWS\System32\sechost.dll
0x00007ff936cd0000 - 0x00007ff936df4000 	C:\WINDOWS\System32\RPCRT4.dll
0x00007ff937830000 - 0x00007ff9379c0000 	C:\WINDOWS\System32\USER32.dll
0x00007ff936510000 - 0x00007ff936530000 	C:\WINDOWS\System32\win32u.dll
0x00007ff9379f0000 - 0x00007ff937a18000 	C:\WINDOWS\System32\GDI32.dll
0x00007ff936710000 - 0x00007ff9368a2000 	C:\WINDOWS\System32\gdi32full.dll
0x00007ff936470000 - 0x00007ff93650f000 	C:\WINDOWS\System32\msvcp_win.dll
0x00007ff935c60000 - 0x00007ff935d5a000 	C:\WINDOWS\System32\ucrtbase.dll
0x00007ff92b110000 - 0x00007ff92b379000 	C:\WINDOWS\WinSxS\amd64_microsoft.windows.common-controls_6595b64144ccf1df_6.0.17134.345_none_fb429a5930656358\COMCTL32.dll
0x00007ff937c80000 - 0x00007ff937fa3000 	C:\WINDOWS\System32\combase.dll
0x00007ff936690000 - 0x00007ff93670a000 	C:\WINDOWS\System32\bcryptPrimitives.dll
0x00007ff9372b0000 - 0x00007ff9372dd000 	C:\WINDOWS\System32\IMM32.DLL
0x0000000068200000 - 0x00000000682d2000 	F:\android-studio\jre\jre\bin\msvcr100.dll
0x00000000682e0000 - 0x0000000068b21000 	F:\android-studio\jre\jre\bin\server\jvm.dll
0x00007ff9368b0000 - 0x00007ff9368b8000 	C:\WINDOWS\System32\PSAPI.DLL
0x00007ff92c970000 - 0x00007ff92c979000 	C:\WINDOWS\SYSTEM32\WSOCK32.dll
0x00007ff9338d0000 - 0x00007ff9338f3000 	C:\WINDOWS\SYSTEM32\WINMM.dll
0x00007ff927b80000 - 0x00007ff927b8a000 	C:\WINDOWS\SYSTEM32\VERSION.dll
0x00007ff937240000 - 0x00007ff9372ac000 	C:\WINDOWS\System32\WS2_32.dll
0x00007ff9325a0000 - 0x00007ff9325ca000 	C:\WINDOWS\SYSTEM32\WINMMBASE.dll
0x00007ff9365e0000 - 0x00007ff936629000 	C:\WINDOWS\System32\cfgmgr32.dll
0x00007ff9338a0000 - 0x00007ff9338af000 	F:\android-studio\jre\jre\bin\verify.dll
0x00007ff931050000 - 0x00007ff931079000 	F:\android-studio\jre\jre\bin\java.dll
0x00007ff931030000 - 0x00007ff931046000 	F:\android-studio\jre\jre\bin\zip.dll
0x00007ff937fb0000 - 0x00007ff9393ef000 	C:\WINDOWS\System32\SHELL32.dll
0x00007ff936c20000 - 0x00007ff936cc9000 	C:\WINDOWS\System32\shcore.dll
0x00007ff935d60000 - 0x00007ff93646d000 	C:\WINDOWS\System32\windows.storage.dll
0x00007ff936bc0000 - 0x00007ff936c11000 	C:\WINDOWS\System32\shlwapi.dll
0x00007ff935740000 - 0x00007ff935751000 	C:\WINDOWS\System32\kernel.appcore.dll
0x00007ff9357b0000 - 0x00007ff9357cf000 	C:\WINDOWS\System32\profapi.dll
0x00007ff935760000 - 0x00007ff9357ac000 	C:\WINDOWS\System32\powrprof.dll
0x00007ff935730000 - 0x00007ff93573a000 	C:\WINDOWS\System32\FLTLIB.DLL
0x00007ff9309f0000 - 0x00007ff930a0a000 	F:\android-studio\jre\jre\bin\net.dll
0x00007ff934fb0000 - 0x00007ff935016000 	C:\WINDOWS\system32\mswsock.dll
0x00007ff9309d0000 - 0x00007ff9309e1000 	F:\android-studio\jre\jre\bin\nio.dll
0x00007ff92c780000 - 0x00007ff92c79e000 	C:\Users\Administrator\.gradle\native\25\windows-amd64\native-platform.dll
0x00007ff931800000 - 0x00007ff93180d000 	F:\android-studio\jre\jre\bin\management.dll
0x00007ff935160000 - 0x00007ff935177000 	C:\WINDOWS\SYSTEM32\CRYPTSP.dll
0x00007ff934b30000 - 0x00007ff934b63000 	C:\WINDOWS\system32\rsaenh.dll
0x00007ff935290000 - 0x00007ff9352b5000 	C:\WINDOWS\SYSTEM32\bcrypt.dll
0x00007ff935660000 - 0x00007ff935688000 	C:\WINDOWS\SYSTEM32\USERENV.dll
0x00007ff935180000 - 0x00007ff93518b000 	C:\WINDOWS\SYSTEM32\CRYPTBASE.dll
0x00007ff934cd0000 - 0x00007ff934d08000 	C:\WINDOWS\SYSTEM32\IPHLPAPI.DLL
0x00007ff9379e0000 - 0x00007ff9379e8000 	C:\WINDOWS\System32\NSI.dll
0x00007ff931440000 - 0x00007ff931456000 	C:\WINDOWS\SYSTEM32\dhcpcsvc6.DLL
0x00007ff931410000 - 0x00007ff93142a000 	C:\WINDOWS\SYSTEM32\dhcpcsvc.DLL

VM Arguments:
jvm_args: -Xmx1536M -Dfile.encoding=GBK -Duser.country=CN -Duser.language=zh -Duser.variant 
java_command: org.gradle.launcher.daemon.bootstrap.GradleDaemon 4.6
java_class_path (initial): C:\Users\Administrator\.gradle\wrapper\dists\gradle-4.6-all\bcst21l2brirad8k2ben1letg\gradle-4.6\lib\gradle-launcher-4.6.jar
Launcher Type: SUN_STANDARD

Environment Variables:
JAVA_HOME=F:\android-studio\jre
CLASSPATH=F:\Flutter_Work\newstudentapp\android\\gradle\wrapper\gradle-wrapper.jar
PATH=C:\WINDOWS\system32;C:\WINDOWS;C:\WINDOWS\System32\Wbem;C:\WINDOWS\System32\WindowsPowerShell\v1.0\;D:\Git\cmd;.;D:\Java\jdk1.8.0_91\lib\dt.jar;D:\Java\jdk1.8.0_91\lib\tools.jar;D:\Java\jdk1.8.0_91\bin;E:\android\android-sdk\platform-tools;E:\android\android-sdk\tools;F:\flutter\flutter\bin;F:\TortoiseSVN\bin;F:\tom9\bin;F:\tom9\lib;F:\mysql-8.0.11-winx64\bin;F:\MinGW\bin;C:\WINDOWS\System32\OpenSSH\;C:\ProgramData\chocolatey\bin;C:\Program Files\nodejs\;F:\Microsoft VS Code\bin;F:\Python\Python36\Scripts\;F:\Python\Python36\;C:\Users\Administrator\AppData\Local\Microsoft\WindowsApps;;F:\Microsoft VS Code\bin;C:\Users\Administrator\AppData\Roaming\npm
USERNAME=Administrator
OS=Windows_NT
PROCESSOR_IDENTIFIER=Intel64 Family 6 Model 60 Stepping 3, GenuineIntel



---------------  S Y S T E M  ---------------

OS: Windows 10.0 , 64 bit Build 17134 (10.0.17134.1)

CPU:total 8 (initial active 8) (4 cores per cpu, 2 threads per core) family 6 model 60 stepping 3, cmov, cx8, fxsr, mmx, sse, sse2, sse3, ssse3, sse4.1, sse4.2, popcnt, avx, avx2, aes, clmul, erms, lzcnt, ht, tsc, tscinvbit, bmi1, bmi2

Memory: 4k page, physical 8248304k(1055204k free), swap 8248304k(38976k free)

vm_info: OpenJDK 64-Bit Server VM (25.152-b06) for windows-amd64 JRE (1.8.0_152-release-1136-b06), built by "builder" with MS VC++ 10.0 (VS2010)

time: Mon Oct 15 14:25:00 2018
elapsed time: 10 seconds (0d 0h 0m 10s)

