#
# There is insufficient memory for the Java Runtime Environment to continue.
# Native memory allocation (malloc) failed to allocate 885216 bytes for Chunk::new
# Possible reasons:
#   The system is out of physical RAM or swap space
#   In 32 bit mode, the process size limit was hit
# Possible solutions:
#   Reduce memory load on the system
#   Increase physical memory or swap space
#   Check if swap backing store is full
#   Use 64 bit Java on a 64 bit OS
#   Decrease Java heap size (-Xmx/-Xms)
#   Decrease number of Java threads
#   Decrease Java thread stack sizes (-Xss)
#   Set larger code cache with -XX:ReservedCodeCacheSize=
# This output file may be truncated or incomplete.
#
#  Out of Memory Error (allocation.cpp:390), pid=12992, tid=0x0000000000002e40
#
# JRE version: OpenJDK Runtime Environment (8.0_152-b06) (build 1.8.0_152-release-1136-b06)
# Java VM: OpenJDK 64-Bit Server VM (25.152-b06 mixed mode windows-amd64 compressed oops)
# Failed to write core dump. Minidumps are not enabled by default on client versions of Windows
#

---------------  T H R E A D  ---------------

Current thread (0x0000000018852800):  JavaThread "C2 CompilerThread1" daemon [_thread_in_native, id=11840, stack(0x0000000018fc0000,0x00000000190c0000)]

Stack: [0x0000000018fc0000,0x00000000190c0000]
[error occurred during error reporting (printing stack bounds), id 0xc0000005]

Native frames: (J=compiled Java code, j=interpreted, Vv=VM code, C=native code)


Current CompileTask:
C2:  26709 10079       4       org.gradle.model.internal.type.ModelType::wrap (219 bytes)


---------------  P R O C E S S  ---------------

Java Threads: ( => current thread )
  0x000000001d866800 JavaThread "Build operations Thread 8" [_thread_blocked, id=1808, stack(0x0000000027fd0000,0x00000000280d0000)]
  0x000000001d86a000 JavaThread "Build operations Thread 7" [_thread_blocked, id=1372, stack(0x0000000027ed0000,0x0000000027fd0000)]
  0x000000001d865000 JavaThread "Build operations Thread 6" [_thread_blocked, id=7348, stack(0x0000000027dd0000,0x0000000027ed0000)]
  0x000000001d867800 JavaThread "Build operations Thread 5" [_thread_blocked, id=7644, stack(0x0000000027cd0000,0x0000000027dd0000)]
  0x000000001d869000 JavaThread "Build operations Thread 4" [_thread_blocked, id=9148, stack(0x0000000027bd0000,0x0000000027cd0000)]
  0x000000001d868000 JavaThread "Build operations Thread 3" [_thread_blocked, id=1084, stack(0x0000000027ad0000,0x0000000027bd0000)]
  0x000000001d866000 JavaThread "Build operations Thread 2" [_thread_blocked, id=12444, stack(0x00000000279d0000,0x0000000027ad0000)]
  0x000000001d864800 JavaThread "Build operations" [_thread_blocked, id=7464, stack(0x00000000278d0000,0x00000000279d0000)]
  0x000000001d85a800 JavaThread "Cache worker for Artifact transforms cache (C:\Users\Administrator\.gradle\caches\transforms-1)" [_thread_blocked, id=10620, stack(0x00000000277d0000,0x00000000278d0000)]
  0x000000001d860800 JavaThread "Cache worker for file hash cache (F:\Flutter_Work\newstudentapp\android\.gradle\4.6\fileHashes)" [_thread_blocked, id=11792, stack(0x00000000276d0000,0x00000000277d0000)]
  0x000000001d860000 JavaThread "Stdin handler" [_thread_blocked, id=6860, stack(0x00000000275d0000,0x00000000276d0000)]
  0x000000001d85f000 JavaThread "Asynchronous log dispatcher for DefaultDaemonConnection: socket connection from /127.0.0.1:62548 to /127.0.0.1:62613" [_thread_blocked, id=11444, stack(0x00000000274d0000,0x00000000275d0000)]
  0x000000001d85d800 JavaThread "Cancel handler" [_thread_blocked, id=12364, stack(0x00000000273d0000,0x00000000274d0000)]
  0x000000001d85d000 JavaThread "Handler for socket connection from /127.0.0.1:62548 to /127.0.0.1:62613" [_thread_in_native, id=10548, stack(0x00000000272d0000,0x00000000273d0000)]
  0x000000001d861800 JavaThread "Memory manager" [_thread_blocked, id=7048, stack(0x0000000023cf0000,0x0000000023df0000)]
  0x000000001d85b800 JavaThread "pool-1-thread-1" [_thread_blocked, id=7912, stack(0x00000000239f0000,0x0000000023af0000)]
  0x000000001a792800 JavaThread "File lock request listener" [_thread_in_native, id=11756, stack(0x000000001bd60000,0x000000001be60000)]
  0x000000001a639800 JavaThread "Cache worker for file hash cache (C:\Users\Administrator\.gradle\caches\4.6\fileHashes)" [_thread_blocked, id=5156, stack(0x000000001bc60000,0x000000001bd60000)]
  0x000000001a604800 JavaThread "Daemon worker" [_thread_in_vm, id=12104, stack(0x000000001b660000,0x000000001b760000)]
  0x000000001a599000 JavaThread "Daemon" [_thread_blocked, id=8272, stack(0x000000001b160000,0x000000001b260000)]
  0x000000001a6d8000 JavaThread "Daemon periodic checks" [_thread_blocked, id=10020, stack(0x000000001b060000,0x000000001b160000)]
  0x000000001a574800 JavaThread "Incoming local TCP Connector on port 62548" [_thread_in_native, id=2128, stack(0x000000001aeb0000,0x000000001afb0000)]
  0x00000000188e1800 JavaThread "Service Thread" daemon [_thread_blocked, id=3772, stack(0x00000000192c0000,0x00000000193c0000)]
  0x0000000018858000 JavaThread "C1 CompilerThread3" daemon [_thread_in_vm, id=800, stack(0x00000000191c0000,0x00000000192c0000)]
  0x0000000018853000 JavaThread "C2 CompilerThread2" daemon [_thread_in_native, id=11712, stack(0x00000000190c0000,0x00000000191c0000)]
=>0x0000000018852800 JavaThread "C2 CompilerThread1" daemon [_thread_in_native, id=11840, stack(0x0000000018fc0000,0x00000000190c0000)]
  0x000000001884d000 JavaThread "C2 CompilerThread0" daemon [_thread_in_native, id=11392, stack(0x0000000018ec0000,0x0000000018fc0000)]
  0x00000000187f9800 JavaThread "Attach Listener" daemon [_thread_blocked, id=3324, stack(0x0000000018dc0000,0x0000000018ec0000)]
  0x000000001884b000 JavaThread "Signal Dispatcher" daemon [_thread_blocked, id=12532, stack(0x0000000018cc0000,0x0000000018dc0000)]
  0x00000000187e0800 JavaThread "Finalizer" daemon [_thread_blocked, id=13184, stack(0x0000000018bc0000,0x0000000018cc0000)]
  0x0000000002ae6000 JavaThread "Reference Handler" daemon [_thread_blocked, id=12244, stack(0x00000000186c0000,0x00000000187c0000)]
  0x00000000028ee800 JavaThread "main" [_thread_blocked, id=9220, stack(0x00000000028f0000,0x00000000029f0000)]

Other Threads:
  0x00000000168a7000 VMThread [stack: 0x00000000185c0000,0x00000000186c0000] [id=11452]
  0x00000000188e5800 WatcherThread [stack: 0x00000000193c0000,0x00000000194c0000] [id=4016]

VM state:not at safepoint (normal execution)

VM Mutex/Monitor currently owned by a thread:  ([mutex/lock_event])
[0x00000000028ecde0] CodeCache_lock - owner thread: 0x0000000000000000

Heap:
 PSYoungGen      total 230400K, used 188800K [0x00000000e0000000, 0x00000000f1780000, 0x0000000100000000)
  eden space 207872K, 84% used [0x00000000e0000000,0x00000000eab09718,0x00000000ecb00000)
  from space 22528K, 60% used [0x00000000ecb00000,0x00000000ed856970,0x00000000ee100000)
  to   space 22528K, 0% used [0x00000000f0180000,0x00000000f0180000,0x00000000f1780000)
 ParOldGen       total 158208K, used 40139K [0x00000000a0000000, 0x00000000a9a80000, 0x00000000e0000000)
  object space 158208K, 25% used [0x00000000a0000000,0x00000000a2732e70,0x00000000a9a80000)
 Metaspace       used 68513K, capacity 71128K, committed 71384K, reserved 1112064K
  class space    used 8876K, capacity 9607K, committed 9728K, reserved 1048576K

Card table byte_map: [0x0000000011eb0000,0x00000000121c0000] byte_map_base: 0x00000000119b0000

Marking Bits: (ParMarkBitMap*) 0x0000000068aa5aa0
 Begin Bits: [0x0000000012bc0000, 0x00000000143c0000)
 End Bits:   [0x00000000143c0000, 0x0000000015bc0000)

Polling page: 0x0000000000680000

CodeCache: size=245760Kb used=29489Kb max_used=29489Kb free=216270Kb
 bounds [0x0000000002af0000, 0x00000000047f0000, 0x0000000011af0000]
 total_blobs=9561 nmethods=8727 adapters=746
 compilation: enabled

Compilation events (10 events):
Event: 26.699 Thread 0x0000000018858000 nmethod 10184 0x00000000047d6c90 code [0x00000000047d7040, 0x00000000047d8f08]
Event: 26.699 Thread 0x0000000018858000 10182       3       java.nio.file.attribute.FileTime::toMillis (98 bytes)
Event: 26.700 Thread 0x0000000018858000 nmethod 10182 0x00000000047da790 code [0x00000000047da920, 0x00000000047daf68]
Event: 26.702 Thread 0x0000000018858000 10185       3       org.gradle.api.reflect.TypeOf::typeWhichCannotBeNull (16 bytes)
Event: 26.702 Thread 0x0000000018858000 nmethod 10185 0x00000000047d3750 code [0x00000000047d38c0, 0x00000000047d3ae8]
Event: 26.702 Thread 0x0000000018858000 10186       3       org.gradle.api.internal.DefaultNamedDomainObjectCollection::<init> (68 bytes)
Event: 26.702 Thread 0x0000000018853000 10189       4       java.util.concurrent.ConcurrentHashMap::remove (8 bytes)
Event: 26.703 Thread 0x0000000018858000 nmethod 10186 0x00000000047db150 code [0x00000000047db3e0, 0x00000000047dc5b8]
Event: 26.703 Thread 0x0000000018858000 10188   !   3       sun.reflect.GeneratedMethodAccessor3::invoke (76 bytes)
Event: 26.703 Thread 0x0000000018853000 nmethod 10189 0x0000000003d2ddd0 code [0x0000000003d2df20, 0x0000000003d2dfa8]

GC Heap History (10 events):
Event: 5.992 GC heap before
{Heap before GC invocations=12 (full 2):
 PSYoungGen      total 156672K, used 156642K [0x00000000e0000000, 0x00000000ecd00000, 0x0000000100000000)
  eden space 141312K, 100% used [0x00000000e0000000,0x00000000e8a00000,0x00000000e8a00000)
  from space 15360K, 99% used [0x00000000e8a00000,0x00000000e98f8af0,0x00000000e9900000)
  to   space 18944K, 0% used [0x00000000eba80000,0x00000000eba80000,0x00000000ecd00000)
 ParOldGen       total 104448K, used 26546K [0x00000000a0000000, 0x00000000a6600000, 0x00000000e0000000)
  object space 104448K, 25% used [0x00000000a0000000,0x00000000a19ecb90,0x00000000a6600000)
 Metaspace       used 54327K, capacity 56264K, committed 56536K, reserved 1097728K
  class space    used 7386K, capacity 7854K, committed 7936K, reserved 1048576K
Event: 6.014 GC heap after
Heap after GC invocations=12 (full 2):
 PSYoungGen      total 185344K, used 18934K [0x00000000e0000000, 0x00000000ed980000, 0x0000000100000000)
  eden space 166400K, 0% used [0x00000000e0000000,0x00000000e0000000,0x00000000ea280000)
  from space 18944K, 99% used [0x00000000eba80000,0x00000000eccfda60,0x00000000ecd00000)
  to   space 24576K, 0% used [0x00000000ea280000,0x00000000ea280000,0x00000000eba80000)
 ParOldGen       total 104448K, used 34981K [0x00000000a0000000, 0x00000000a6600000, 0x00000000e0000000)
  object space 104448K, 33% used [0x00000000a0000000,0x00000000a2229580,0x00000000a6600000)
 Metaspace       used 54327K, capacity 56264K, committed 56536K, reserved 1097728K
  class space    used 7386K, capacity 7854K, committed 7936K, reserved 1048576K
}
Event: 6.354 GC heap before
{Heap before GC invocations=13 (full 2):
 PSYoungGen      total 185344K, used 51660K [0x00000000e0000000, 0x00000000ed980000, 0x0000000100000000)
  eden space 166400K, 19% used [0x00000000e0000000,0x00000000e1ff5980,0x00000000ea280000)
  from space 18944K, 99% used [0x00000000eba80000,0x00000000eccfda60,0x00000000ecd00000)
  to   space 24576K, 0% used [0x00000000ea280000,0x00000000ea280000,0x00000000eba80000)
 ParOldGen       total 104448K, used 34981K [0x00000000a0000000, 0x00000000a6600000, 0x00000000e0000000)
  object space 104448K, 33% used [0x00000000a0000000,0x00000000a2229580,0x00000000a6600000)
 Metaspace       used 56888K, capacity 58874K, committed 59028K, reserved 1099776K
  class space    used 7703K, capacity 8223K, committed 8320K, reserved 1048576K
Event: 6.377 GC heap after
Heap after GC invocations=13 (full 2):
 PSYoungGen      total 190976K, used 11123K [0x00000000e0000000, 0x00000000f0180000, 0x0000000100000000)
  eden space 166400K, 0% used [0x00000000e0000000,0x00000000e0000000,0x00000000ea280000)
  from space 24576K, 45% used [0x00000000ea280000,0x00000000ead5cfe0,0x00000000eba80000)
  to   space 23552K, 0% used [0x00000000eea80000,0x00000000eea80000,0x00000000f0180000)
 ParOldGen       total 104448K, used 47379K [0x00000000a0000000, 0x00000000a6600000, 0x00000000e0000000)
  object space 104448K, 45% used [0x00000000a0000000,0x00000000a2e44fb0,0x00000000a6600000)
 Metaspace       used 56888K, capacity 58874K, committed 59028K, reserved 1099776K
  class space    used 7703K, capacity 8223K, committed 8320K, reserved 1048576K
}
Event: 6.377 GC heap before
{Heap before GC invocations=14 (full 3):
 PSYoungGen      total 190976K, used 11123K [0x00000000e0000000, 0x00000000f0180000, 0x0000000100000000)
  eden space 166400K, 0% used [0x00000000e0000000,0x00000000e0000000,0x00000000ea280000)
  from space 24576K, 45% used [0x00000000ea280000,0x00000000ead5cfe0,0x00000000eba80000)
  to   space 23552K, 0% used [0x00000000eea80000,0x00000000eea80000,0x00000000f0180000)
 ParOldGen       total 104448K, used 47379K [0x00000000a0000000, 0x00000000a6600000, 0x00000000e0000000)
  object space 104448K, 45% used [0x00000000a0000000,0x00000000a2e44fb0,0x00000000a6600000)
 Metaspace       used 56888K, capacity 58874K, committed 59028K, reserved 1099776K
  class space    used 7703K, capacity 8223K, committed 8320K, reserved 1048576K
Event: 6.576 GC heap after
Heap after GC invocations=14 (full 3):
 PSYoungGen      total 190976K, used 0K [0x00000000e0000000, 0x00000000f0180000, 0x0000000100000000)
  eden space 166400K, 0% used [0x00000000e0000000,0x00000000e0000000,0x00000000ea280000)
  from space 24576K, 0% used [0x00000000ea280000,0x00000000ea280000,0x00000000eba80000)
  to   space 23552K, 0% used [0x00000000eea80000,0x00000000eea80000,0x00000000f0180000)
 ParOldGen       total 158208K, used 40123K [0x00000000a0000000, 0x00000000a9a80000, 0x00000000e0000000)
  object space 158208K, 25% used [0x00000000a0000000,0x00000000a272ee70,0x00000000a9a80000)
 Metaspace       used 56880K, capacity 58850K, committed 59028K, reserved 1099776K
  class space    used 7701K, capacity 8219K, committed 8320K, reserved 1048576K
}
Event: 16.236 GC heap before
{Heap before GC invocations=15 (full 3):
 PSYoungGen      total 190976K, used 166400K [0x00000000e0000000, 0x00000000f0180000, 0x0000000100000000)
  eden space 166400K, 100% used [0x00000000e0000000,0x00000000ea280000,0x00000000ea280000)
  from space 24576K, 0% used [0x00000000ea280000,0x00000000ea280000,0x00000000eba80000)
  to   space 23552K, 0% used [0x00000000eea80000,0x00000000eea80000,0x00000000f0180000)
 ParOldGen       total 158208K, used 40123K [0x00000000a0000000, 0x00000000a9a80000, 0x00000000e0000000)
  object space 158208K, 25% used [0x00000000a0000000,0x00000000a272ee70,0x00000000a9a80000)
 Metaspace       used 62419K, capacity 64638K, committed 64984K, reserved 1105920K
  class space    used 8275K, capacity 8869K, committed 8960K, reserved 1048576K
Event: 16.251 GC heap after
Heap after GC invocations=15 (full 3):
 PSYoungGen      total 216064K, used 12586K [0x00000000e0000000, 0x00000000ef700000, 0x0000000100000000)
  eden space 203264K, 0% used [0x00000000e0000000,0x00000000e0000000,0x00000000ec680000)
  from space 12800K, 98% used [0x00000000eea80000,0x00000000ef6cab10,0x00000000ef700000)
  to   space 22528K, 0% used [0x00000000ecb00000,0x00000000ecb00000,0x00000000ee100000)
 ParOldGen       total 158208K, used 40131K [0x00000000a0000000, 0x00000000a9a80000, 0x00000000e0000000)
  object space 158208K, 25% used [0x00000000a0000000,0x00000000a2730e70,0x00000000a9a80000)
 Metaspace       used 62419K, capacity 64638K, committed 64984K, reserved 1105920K
  class space    used 8275K, capacity 8869K, committed 8960K, reserved 1048576K
}
Event: 23.932 GC heap before
{Heap before GC invocations=16 (full 3):
 PSYoungGen      total 216064K, used 215850K [0x00000000e0000000, 0x00000000ef700000, 0x0000000100000000)
  eden space 203264K, 100% used [0x00000000e0000000,0x00000000ec680000,0x00000000ec680000)
  from space 12800K, 98% used [0x00000000eea80000,0x00000000ef6cab10,0x00000000ef700000)
  to   space 22528K, 0% used [0x00000000ecb00000,0x00000000ecb00000,0x00000000ee100000)
 ParOldGen       total 158208K, used 40131K [0x00000000a0000000, 0x00000000a9a80000, 0x00000000e0000000)
  object space 158208K, 25% used [0x00000000a0000000,0x00000000a2730e70,0x00000000a9a80000)
 Metaspace       used 62755K, capacity 65028K, committed 65240K, reserved 1105920K
  class space    used 8281K, capacity 8870K, committed 8960K, reserved 1048576K
Event: 23.955 GC heap after
Heap after GC invocations=16 (full 3):
 PSYoungGen      total 230400K, used 13658K [0x00000000e0000000, 0x00000000f1780000, 0x0000000100000000)
  eden space 207872K, 0% used [0x00000000e0000000,0x00000000e0000000,0x00000000ecb00000)
  from space 22528K, 60% used [0x00000000ecb00000,0x00000000ed856970,0x00000000ee100000)
  to   space 22528K, 0% used [0x00000000f0180000,0x00000000f0180000,0x00000000f1780000)
 ParOldGen       total 158208K, used 40139K [0x00000000a0000000, 0x00000000a9a80000, 0x00000000e0000000)
  object space 158208K, 25% used [0x00000000a0000000,0x00000000a2732e70,0x00000000a9a80000)
 Metaspace       used 62755K, capacity 65028K, committed 65240K, reserved 1105920K
  class space    used 8281K, capacity 8870K, committed 8960K, reserved 1048576K
}

Deoptimization events (10 events):
Event: 26.599 Thread 0x000000001d85d000 Uncommon trap: reason=class_check action=maybe_recompile pc=0x0000000003ef26e0 method=java.lang.reflect.Array.newInstance(Ljava/lang/Class;I)Ljava/lang/Object; @ 2
Event: 26.600 Thread 0x000000001d85d000 Uncommon trap: reason=bimorphic action=maybe_recompile pc=0x00000000030007e0 method=java.io.DataInputStream.readChar()C @ 4
Event: 26.600 Thread 0x000000001d85d000 Uncommon trap: reason=bimorphic action=maybe_recompile pc=0x00000000030007e0 method=java.io.DataInputStream.readChar()C @ 4
Event: 26.600 Thread 0x000000001d85d000 Uncommon trap: reason=bimorphic action=maybe_recompile pc=0x00000000030007e0 method=java.io.DataInputStream.readChar()C @ 4
Event: 26.601 Thread 0x000000001d85d000 Uncommon trap: reason=bimorphic action=maybe_recompile pc=0x00000000030007e0 method=java.io.DataInputStream.readChar()C @ 4
Event: 26.608 Thread 0x000000001a604800 Uncommon trap: reason=unstable_if action=reinterpret pc=0x0000000004447334 method=java.io.WinNTFileSystem.parentOrNull(Ljava/lang/String;)Ljava/lang/String; @ 62
Event: 26.622 Thread 0x000000001a604800 Uncommon trap: reason=class_check action=maybe_recompile pc=0x000000000365f140 method=com.google.common.collect.AbstractMapBasedMultimap$WrappedCollection.refreshIfEmpty()V @ 59
Event: 26.622 Thread 0x000000001a604800 Uncommon trap: reason=class_check action=maybe_recompile pc=0x00000000035b3c38 method=com.google.common.collect.AbstractMapBasedMultimap$WrappedCollection.refreshIfEmpty()V @ 59
Event: 26.625 Thread 0x000000001a604800 Uncommon trap: reason=unstable_if action=reinterpret pc=0x0000000003b16860 method=sun.nio.fs.WindowsPathParser.nextNonSlash(Ljava/lang/String;II)I @ 2
Event: 26.703 Thread 0x000000001a604800 Uncommon trap: reason=unstable_if action=reinterpret pc=0x0000000004284340 method=org.apache.commons.lang.StringUtils.splitWorker(Ljava/lang/String;Ljava/lang/String;IZ)[Ljava/lang/String; @ 142

Classes redefined (0 events):
No events

Internal exceptions (10 events):
Event: 25.231 Thread 0x000000001d866000 Exception <a 'java/lang/ClassNotFoundException': groovy/util/BuilderSupportCustomizer> (0x00000000e893c898) thrown at [D:\src\AOSP-openjdk-cygwin\jdk8u\hotspot\src\share\vm\classfile\systemDictionary.cpp, line 210]
Event: 25.231 Thread 0x000000001d866000 Exception <a 'java/lang/ClassNotFoundException': groovy/util/AntBuilderCustomizer> (0x00000000e89594b0) thrown at [D:\src\AOSP-openjdk-cygwin\jdk8u\hotspot\src\share\vm\classfile\systemDictionary.cpp, line 210]
Event: 25.231 Thread 0x000000001d866000 Exception <a 'java/lang/ClassNotFoundException': org/gradle/api/AntBuilderCustomizer> (0x00000000e897b048) thrown at [D:\src\AOSP-openjdk-cygwin\jdk8u\hotspot\src\share\vm\classfile\systemDictionary.cpp, line 210]
Event: 25.232 Thread 0x000000001d866000 Exception <a 'java/lang/ClassNotFoundException': org/gradle/api/internal/project/ant/BasicAntBuilderCustomizer> (0x00000000e89af1f0) thrown at [D:\src\AOSP-openjdk-cygwin\jdk8u\hotspot\src\share\vm\classfile\systemDictionary.cpp, line 210]
Event: 25.232 Thread 0x000000001d866000 Exception <a 'java/lang/ClassNotFoundException': org/gradle/api/internal/project/DefaultAntBuilderCustomizer> (0x00000000e89eacd0) thrown at [D:\src\AOSP-openjdk-cygwin\jdk8u\hotspot\src\share\vm\classfile\systemDictionary.cpp, line 210]
Event: 25.278 Thread 0x000000001a604800 Exception <a 'java/lang/ClassNotFoundException': org/gradle/BuildResultBeanInfo> (0x00000000e808b650) thrown at [D:\src\AOSP-openjdk-cygwin\jdk8u\hotspot\src\share\vm\classfile\systemDictionary.cpp, line 210]
Event: 25.278 Thread 0x000000001a604800 Exception <a 'java/lang/ClassNotFoundException': org/gradle/BuildResultCustomizer> (0x00000000e8099ee8) thrown at [D:\src\AOSP-openjdk-cygwin\jdk8u\hotspot\src\share\vm\classfile\systemDictionary.cpp, line 210]
Event: 25.336 Thread 0x000000001a599000 Exception <a 'java/lang/NoSuchMethodError': <clinit>> (0x00000000e96b0108) thrown at [D:\src\AOSP-openjdk-cygwin\jdk8u\hotspot\src\share\vm\prims\jni.cpp, line 1613]
Event: 25.336 Thread 0x000000001a599000 Exception <a 'java/lang/NoSuchMethodError': <clinit>> (0x00000000e96b1438) thrown at [D:\src\AOSP-openjdk-cygwin\jdk8u\hotspot\src\share\vm\prims\jni.cpp, line 1613]
Event: 25.339 Thread 0x000000001a59a000 Exception <a 'java/lang/NoSuchMethodError': <clinit>> (0x00000000e99a9080) thrown at [D:\src\AOSP-openjdk-cygwin\jdk8u\hotspot\src\share\vm\prims\jni.cpp, line 1613]

Events (10 events):
Event: 26.678 Executing VM operation: RevokeBias done
Event: 26.678 Thread 0x000000001d86a000 Thread added: 0x000000001d86a000
Event: 26.678 Thread 0x000000001d866800 Thread added: 0x000000001d866800
Event: 26.679 Executing VM operation: RevokeBias
Event: 26.679 Executing VM operation: RevokeBias done
Event: 26.699 Thread 0x000000001a604800 DEOPT PACKING pc=0x00000000047ce8e4 sp=0x000000001b75b5d0
Event: 26.699 Thread 0x000000001a604800 DEOPT UNPACKING pc=0x0000000002b375d0 sp=0x000000001b75b488 mode 0
Event: 26.703 Thread 0x000000001a604800 Uncommon trap: trap_request=0xffffff65 fr.pc=0x0000000004284340
Event: 26.703 Thread 0x000000001a604800 DEOPT PACKING pc=0x0000000004284340 sp=0x000000001b759870
Event: 26.703 Thread 0x000000001a604800 DEOPT UNPACKING pc=0x0000000002b3557b sp=0x000000001b759880 mode 2


Dynamic libraries:
0x00007ff782a10000 - 0x00007ff782a41000 	F:\android-studio\jre\bin\java.exe
0x00007ff939420000 - 0x00007ff939601000 	C:\WINDOWS\SYSTEM32\ntdll.dll
0x00007ff936b00000 - 0x00007ff936bb2000 	C:\WINDOWS\System32\KERNEL32.DLL
0x00007ff9359e0000 - 0x00007ff935c53000 	C:\WINDOWS\System32\KERNELBASE.dll
0x00007ff937bd0000 - 0x00007ff937c71000 	C:\WINDOWS\System32\ADVAPI32.dll
0x00007ff936a60000 - 0x00007ff936afe000 	C:\WINDOWS\System32\msvcrt.dll
0x00007ff9372e0000 - 0x00007ff93733b000 	C:\WINDOWS\System32\sechost.dll
0x00007ff936cd0000 - 0x00007ff936df4000 	C:\WINDOWS\System32\RPCRT4.dll
0x00007ff937830000 - 0x00007ff9379c0000 	C:\WINDOWS\System32\USER32.dll
0x00007ff936510000 - 0x00007ff936530000 	C:\WINDOWS\System32\win32u.dll
0x00007ff9379f0000 - 0x00007ff937a18000 	C:\WINDOWS\System32\GDI32.dll
0x00007ff936710000 - 0x00007ff9368a2000 	C:\WINDOWS\System32\gdi32full.dll
0x00007ff936470000 - 0x00007ff93650f000 	C:\WINDOWS\System32\msvcp_win.dll
0x00007ff935c60000 - 0x00007ff935d5a000 	C:\WINDOWS\System32\ucrtbase.dll
0x00007ff92b110000 - 0x00007ff92b379000 	C:\WINDOWS\WinSxS\amd64_microsoft.windows.common-controls_6595b64144ccf1df_6.0.17134.345_none_fb429a5930656358\COMCTL32.dll
0x00007ff937c80000 - 0x00007ff937fa3000 	C:\WINDOWS\System32\combase.dll
0x00007ff936690000 - 0x00007ff93670a000 	C:\WINDOWS\System32\bcryptPrimitives.dll
0x00007ff9372b0000 - 0x00007ff9372dd000 	C:\WINDOWS\System32\IMM32.DLL
0x0000000068200000 - 0x00000000682d2000 	F:\android-studio\jre\jre\bin\msvcr100.dll
0x00000000682e0000 - 0x0000000068b21000 	F:\android-studio\jre\jre\bin\server\jvm.dll
0x00007ff9368b0000 - 0x00007ff9368b8000 	C:\WINDOWS\System32\PSAPI.DLL
0x00007ff92dc60000 - 0x00007ff92dc69000 	C:\WINDOWS\SYSTEM32\WSOCK32.dll
0x00007ff9338d0000 - 0x00007ff9338f3000 	C:\WINDOWS\SYSTEM32\WINMM.dll
0x00007ff927b80000 - 0x00007ff927b8a000 	C:\WINDOWS\SYSTEM32\VERSION.dll
0x00007ff937240000 - 0x00007ff9372ac000 	C:\WINDOWS\System32\WS2_32.dll
0x00007ff9338a0000 - 0x00007ff9338ca000 	C:\WINDOWS\SYSTEM32\winmmbase.dll
0x00007ff9365e0000 - 0x00007ff936629000 	C:\WINDOWS\System32\cfgmgr32.dll
0x00007ff931020000 - 0x00007ff93102f000 	F:\android-studio\jre\jre\bin\verify.dll
0x00007ff920590000 - 0x00007ff9205b9000 	F:\android-studio\jre\jre\bin\java.dll
0x00007ff92d090000 - 0x00007ff92d0a6000 	F:\android-studio\jre\jre\bin\zip.dll
0x00007ff937fb0000 - 0x00007ff9393ef000 	C:\WINDOWS\System32\SHELL32.dll
0x00007ff936c20000 - 0x00007ff936cc9000 	C:\WINDOWS\System32\shcore.dll
0x00007ff935d60000 - 0x00007ff93646d000 	C:\WINDOWS\System32\windows.storage.dll
0x00007ff936bc0000 - 0x00007ff936c11000 	C:\WINDOWS\System32\shlwapi.dll
0x00007ff935740000 - 0x00007ff935751000 	C:\WINDOWS\System32\kernel.appcore.dll
0x00007ff9357b0000 - 0x00007ff9357cf000 	C:\WINDOWS\System32\profapi.dll
0x00007ff935760000 - 0x00007ff9357ac000 	C:\WINDOWS\System32\powrprof.dll
0x00007ff935730000 - 0x00007ff93573a000 	C:\WINDOWS\System32\FLTLIB.DLL
0x00007ff920570000 - 0x00007ff92058a000 	F:\android-studio\jre\jre\bin\net.dll
0x00007ff934fb0000 - 0x00007ff935016000 	C:\WINDOWS\system32\mswsock.dll
0x00007ff920550000 - 0x00007ff920561000 	F:\android-studio\jre\jre\bin\nio.dll
0x00007ff91fc20000 - 0x00007ff91fc3e000 	C:\Users\Administrator\.gradle\native\25\windows-amd64\native-platform.dll
0x00007ff930f70000 - 0x00007ff930f7d000 	F:\android-studio\jre\jre\bin\management.dll
0x00007ff935160000 - 0x00007ff935177000 	C:\WINDOWS\SYSTEM32\CRYPTSP.dll
0x00007ff934b30000 - 0x00007ff934b63000 	C:\WINDOWS\system32\rsaenh.dll
0x00007ff935290000 - 0x00007ff9352b5000 	C:\WINDOWS\SYSTEM32\bcrypt.dll
0x00007ff935660000 - 0x00007ff935688000 	C:\WINDOWS\SYSTEM32\USERENV.dll
0x00007ff935180000 - 0x00007ff93518b000 	C:\WINDOWS\SYSTEM32\CRYPTBASE.dll
0x00007ff934cd0000 - 0x00007ff934d08000 	C:\WINDOWS\SYSTEM32\IPHLPAPI.DLL
0x00007ff9379e0000 - 0x00007ff9379e8000 	C:\WINDOWS\System32\NSI.dll
0x00007ff931440000 - 0x00007ff931456000 	C:\WINDOWS\SYSTEM32\dhcpcsvc6.DLL
0x00007ff931410000 - 0x00007ff93142a000 	C:\WINDOWS\SYSTEM32\dhcpcsvc.DLL
0x00007ff921c20000 - 0x00007ff921c44000 	F:\android-studio\jre\jre\bin\sunec.dll
0x00007ff934d10000 - 0x00007ff934dce000 	C:\WINDOWS\SYSTEM32\DNSAPI.dll
0x00007ff92f770000 - 0x00007ff92f77a000 	C:\Windows\System32\rasadhlp.dll
0x00007ff92f570000 - 0x00007ff92f5e2000 	C:\WINDOWS\System32\fwpuclnt.dll
0x00007ff930f80000 - 0x00007ff930f8b000 	F:\android-studio\jre\jre\bin\sunmscapi.dll
0x00007ff9357f0000 - 0x00007ff9359d2000 	C:\WINDOWS\System32\CRYPT32.dll
0x00007ff9357d0000 - 0x00007ff9357e2000 	C:\WINDOWS\System32\MSASN1.dll

VM Arguments:
jvm_args: -Xmx1536M -Dfile.encoding=GBK -Duser.country=CN -Duser.language=zh -Duser.variant 
java_command: org.gradle.launcher.daemon.bootstrap.GradleDaemon 4.6
java_class_path (initial): C:\Users\Administrator\.gradle\wrapper\dists\gradle-4.6-all\bcst21l2brirad8k2ben1letg\gradle-4.6\lib\gradle-launcher-4.6.jar
Launcher Type: SUN_STANDARD

Environment Variables:
JAVA_HOME=F:\android-studio\jre
CLASSPATH=F:\Flutter_Work\newstudentapp\android\\gradle\wrapper\gradle-wrapper.jar
PATH=C:\WINDOWS\system32;C:\WINDOWS;C:\WINDOWS\System32\Wbem;C:\WINDOWS\System32\WindowsPowerShell\v1.0\;D:\Git\cmd;.;D:\Java\jdk1.8.0_91\lib\dt.jar;D:\Java\jdk1.8.0_91\lib\tools.jar;D:\Java\jdk1.8.0_91\bin;E:\android\android-sdk\platform-tools;E:\android\android-sdk\tools;F:\flutter\flutter\bin;F:\TortoiseSVN\bin;F:\tom9\bin;F:\tom9\lib;F:\mysql-8.0.11-winx64\bin;F:\MinGW\bin;C:\WINDOWS\System32\OpenSSH\;C:\ProgramData\chocolatey\bin;C:\Program Files\nodejs\;F:\Microsoft VS Code\bin;F:\Python\Python36\Scripts\;F:\Python\Python36\;C:\Users\Administrator\AppData\Local\Microsoft\WindowsApps;;F:\Microsoft VS Code\bin;C:\Users\Administrator\AppData\Roaming\npm
USERNAME=Administrator
OS=Windows_NT
PROCESSOR_IDENTIFIER=Intel64 Family 6 Model 60 Stepping 3, GenuineIntel



---------------  S Y S T E M  ---------------

OS: Windows 10.0 , 64 bit Build 17134 (10.0.17134.1)

CPU:total 8 (initial active 8) (4 cores per cpu, 2 threads per core) family 6 model 60 stepping 3, cmov, cx8, fxsr, mmx, sse, sse2, sse3, ssse3, sse4.1, sse4.2, popcnt, avx, avx2, aes, clmul, erms, lzcnt, ht, tsc, tscinvbit, bmi1, bmi2

Memory: 4k page, physical 8248304k(1060752k free), swap 8248304k(5212k free)

vm_info: OpenJDK 64-Bit Server VM (25.152-b06) for windows-amd64 JRE (1.8.0_152-release-1136-b06), built by "builder" with MS VC++ 10.0 (VS2010)

time: Mon Oct 15 11:54:57 2018
elapsed time: 26 seconds (0d 0h 0m 26s)

