#
# There is insufficient memory for the Java Runtime Environment to continue.
# Native memory allocation (malloc) failed to allocate 2150096 bytes for Chunk::new
# Possible reasons:
#   The system is out of physical RAM or swap space
#   In 32 bit mode, the process size limit was hit
# Possible solutions:
#   Reduce memory load on the system
#   Increase physical memory or swap space
#   Check if swap backing store is full
#   Use 64 bit Java on a 64 bit OS
#   Decrease Java heap size (-Xmx/-Xms)
#   Decrease number of Java threads
#   Decrease Java thread stack sizes (-Xss)
#   Set larger code cache with -XX:ReservedCodeCacheSize=
# This output file may be truncated or incomplete.
#
#  Out of Memory Error (allocation.cpp:390), pid=12480, tid=0x0000000000001268
#
# JRE version: OpenJDK Runtime Environment (8.0_152-b06) (build 1.8.0_152-release-1136-b06)
# Java VM: OpenJDK 64-Bit Server VM (25.152-b06 mixed mode windows-amd64 compressed oops)
# Failed to write core dump. Minidumps are not enabled by default on client versions of Windows
#

---------------  T H R E A D  ---------------

Current thread (0x0000000018b53000):  JavaThread "C2 CompilerThread1" daemon [_thread_in_native, id=4712, stack(0x00000000192c0000,0x00000000193c0000)]

Stack: [0x00000000192c0000,0x00000000193c0000]
[error occurred during error reporting (printing stack bounds), id 0xc0000005]

Native frames: (J=compiled Java code, j=interpreted, Vv=VM code, C=native code)


Current CompileTask:
C2:   6480 5673       4       java.net.URLClassLoader$1::run (5 bytes)


---------------  P R O C E S S  ---------------

Java Threads: ( => current thread )
  0x000000001d230800 JavaThread "Memory manager" [_thread_blocked, id=4220, stack(0x0000000022d30000,0x0000000022e30000)]
  0x000000001d232800 JavaThread "pool-1-thread-1" [_thread_blocked, id=4808, stack(0x0000000022a30000,0x0000000022b30000)]
  0x000000001d236800 JavaThread "build operations Thread 8" [_thread_blocked, id=12572, stack(0x0000000022490000,0x0000000022590000)]
  0x000000001d235000 JavaThread "build operations Thread 7" [_thread_blocked, id=8324, stack(0x0000000022390000,0x0000000022490000)]
  0x000000001b082800 JavaThread "build operations Thread 6" [_thread_blocked, id=11456, stack(0x0000000022290000,0x0000000022390000)]
  0x000000001b082000 JavaThread "build operations Thread 5" [_thread_blocked, id=1976, stack(0x0000000022190000,0x0000000022290000)]
  0x000000001b081000 JavaThread "build operations Thread 4" [_thread_blocked, id=2436, stack(0x0000000022090000,0x0000000022190000)]
  0x000000001b080800 JavaThread "build operations Thread 3" [_thread_blocked, id=2252, stack(0x0000000021b10000,0x0000000021c10000)]
  0x000000001b085800 JavaThread "build operations Thread 2" [_thread_blocked, id=11808, stack(0x000000001f800000,0x000000001f900000)]
  0x000000001b087000 JavaThread "build operations" [_thread_blocked, id=11508, stack(0x000000001f4e0000,0x000000001f5e0000)]
  0x000000001b085000 JavaThread "Cache worker for Artifact transforms cache (C:\Users\Administrator\.gradle\caches\transforms-1)" [_thread_blocked, id=9060, stack(0x000000001e200000,0x000000001e300000)]
  0x000000001b086800 JavaThread "Cache worker for file hash cache (F:\Flutter_Work\newstudentapp\android\.gradle\4.1\fileHashes)" [_thread_blocked, id=7952, stack(0x000000001d130000,0x000000001d230000)]
  0x000000001aa4f000 JavaThread "File lock request listener" [_thread_in_native, id=4628, stack(0x000000001d030000,0x000000001d130000)]
  0x000000001ade0800 JavaThread "Cache worker for file hash cache (C:\Users\Administrator\.gradle\caches\4.1\fileHashes)" [_thread_blocked, id=2416, stack(0x000000001cd30000,0x000000001ce30000)]
  0x000000001a587000 JavaThread "Stdin handler" [_thread_blocked, id=3264, stack(0x000000001cc30000,0x000000001cd30000)]
  0x000000001a4d4000 JavaThread "Asynchronous log dispatcher for DefaultDaemonConnection: socket connection from /127.0.0.1:49494 to /127.0.0.1:49495" [_thread_blocked, id=5512, stack(0x000000001ca30000,0x000000001cb30000)]
  0x000000001a4d2800 JavaThread "Daemon worker" [_thread_in_vm, id=11188, stack(0x000000001c930000,0x000000001ca30000)]
  0x000000001a5f5800 JavaThread "Cancel handler" [_thread_blocked, id=1880, stack(0x000000001c830000,0x000000001c930000)]
  0x000000001a9f0000 JavaThread "Handler for socket connection from /127.0.0.1:49494 to /127.0.0.1:49495" [_thread_in_native, id=636, stack(0x000000001c530000,0x000000001c630000)]
  0x000000001a9ef800 JavaThread "Daemon" [_thread_blocked, id=5784, stack(0x000000001c430000,0x000000001c530000)]
  0x000000001a807000 JavaThread "Daemon periodic checks" [_thread_blocked, id=10688, stack(0x000000001c330000,0x000000001c430000)]
  0x000000001aacc800 JavaThread "Incoming local TCP Connector on port 49494" [_thread_in_native, id=5904, stack(0x000000001c180000,0x000000001c280000)]
  0x0000000018be7000 JavaThread "Service Thread" daemon [_thread_blocked, id=9396, stack(0x00000000195c0000,0x00000000196c0000)]
  0x0000000018b5d000 JavaThread "C1 CompilerThread3" daemon [_thread_blocked, id=13200, stack(0x00000000194c0000,0x00000000195c0000)]
  0x0000000018b56000 JavaThread "C2 CompilerThread2" daemon [_thread_in_native, id=1536, stack(0x00000000193c0000,0x00000000194c0000)]
=>0x0000000018b53000 JavaThread "C2 CompilerThread1" daemon [_thread_in_native, id=4712, stack(0x00000000192c0000,0x00000000193c0000)]
  0x0000000016bac000 JavaThread "C2 CompilerThread0" daemon [_thread_in_native, id=9492, stack(0x00000000191c0000,0x00000000192c0000)]
  0x0000000016baa000 JavaThread "Attach Listener" daemon [_thread_blocked, id=11212, stack(0x00000000190c0000,0x00000000191c0000)]
  0x0000000018b50800 JavaThread "Signal Dispatcher" daemon [_thread_blocked, id=6624, stack(0x0000000018fc0000,0x00000000190c0000)]
  0x0000000016ba0800 JavaThread "Finalizer" daemon [_thread_blocked, id=12032, stack(0x0000000018ec0000,0x0000000018fc0000)]
  0x0000000002dd6000 JavaThread "Reference Handler" daemon [_thread_blocked, id=5960, stack(0x00000000189c0000,0x0000000018ac0000)]
  0x000000000100e800 JavaThread "main" [_thread_blocked, id=1188, stack(0x0000000002800000,0x0000000002900000)]

Other Threads:
  0x0000000016b97000 VMThread [stack: 0x00000000188c0000,0x00000000189c0000] [id=6544]
  0x0000000018be9800 WatcherThread [stack: 0x00000000196c0000,0x00000000197c0000] [id=8376]

VM state:not at safepoint (normal execution)

VM Mutex/Monitor currently owned by a thread: None

Heap:
 PSYoungGen      total 159232K, used 27279K [0x00000000e0000000, 0x00000000ee800000, 0x0000000100000000)
  eden space 138240K, 4% used [0x00000000e0000000,0x00000000e065a0f8,0x00000000e8700000)
  from space 20992K, 98% used [0x00000000ed380000,0x00000000ee7c9c80,0x00000000ee800000)
  to   space 17408K, 0% used [0x00000000e8700000,0x00000000e8700000,0x00000000e9800000)
 ParOldGen       total 112128K, used 21161K [0x00000000a0000000, 0x00000000a6d80000, 0x00000000e0000000)
  object space 112128K, 18% used [0x00000000a0000000,0x00000000a14aa688,0x00000000a6d80000)
 Metaspace       used 49013K, capacity 50606K, committed 50904K, reserved 1093632K
  class space    used 6613K, capacity 7083K, committed 7168K, reserved 1048576K

Card table byte_map: [0x00000000121a0000,0x00000000124b0000] byte_map_base: 0x0000000011ca0000

Marking Bits: (ParMarkBitMap*) 0x0000000068925aa0
 Begin Bits: [0x0000000012eb0000, 0x00000000146b0000)
 End Bits:   [0x00000000146b0000, 0x0000000015eb0000)

Polling page: 0x0000000000a50000

CodeCache: size=245760Kb used=18330Kb max_used=18330Kb free=227429Kb
 bounds [0x0000000002de0000, 0x0000000003fe0000, 0x0000000011de0000]
 total_blobs=6124 nmethods=5382 adapters=655
 compilation: enabled

Compilation events (10 events):
Event: 6.467 Thread 0x0000000018b5d000 nmethod 5960 0x0000000003fce050 code [0x0000000003fce420, 0x0000000003fd0aa8]
Event: 6.467 Thread 0x0000000018b5d000 5959       3       java.util.Collections::sort (8 bytes)
Event: 6.467 Thread 0x0000000018b5d000 nmethod 5959 0x0000000003fd2690 code [0x0000000003fd2800, 0x0000000003fd2a08]
Event: 6.472 Thread 0x0000000018b5d000 5961       3       java.lang.reflect.Constructor::hasGenericInformation (13 bytes)
Event: 6.472 Thread 0x0000000018b5d000 nmethod 5961 0x0000000003fd2ad0 code [0x0000000003fd2c20, 0x0000000003fd2e70]
Event: 6.473 Thread 0x0000000018b5d000 5962       3       org.gradle.api.internal.tasks.TaskMutator::mutate (35 bytes)
Event: 6.474 Thread 0x0000000018b5d000 nmethod 5962 0x0000000003fd2ed0 code [0x0000000003fd3080, 0x0000000003fd3668]
Event: 6.474 Thread 0x0000000018b5d000 5963       3       org.gradle.api.internal.DefaultNamedDomainObjectCollection::findByName (28 bytes)
Event: 6.475 Thread 0x0000000018b5d000 nmethod 5963 0x0000000003fd38d0 code [0x0000000003fd3a80, 0x0000000003fd3fe8]
Event: 6.477 Thread 0x0000000018b5d000 5964   !   3       java.lang.invoke.MethodHandleNatives::linkMethodHandleConstant (154 bytes)

GC Heap History (10 events):
Event: 3.927 GC heap before
{Heap before GC invocations=6 (full 1):
 PSYoungGen      total 100864K, used 100326K [0x00000000e0000000, 0x00000000e8a00000, 0x0000000100000000)
  eden space 95744K, 99% used [0x00000000e0000000,0x00000000e5cfd358,0x00000000e5d80000)
  from space 5120K, 99% used [0x00000000e8500000,0x00000000e89fc6a0,0x00000000e8a00000)
  to   space 5120K, 0% used [0x00000000e8000000,0x00000000e8000000,0x00000000e8500000)
 ParOldGen       total 71680K, used 14499K [0x00000000a0000000, 0x00000000a4600000, 0x00000000e0000000)
  object space 71680K, 20% used [0x00000000a0000000,0x00000000a0e28e70,0x00000000a4600000)
 Metaspace       used 34705K, capacity 35336K, committed 35416K, reserved 1079296K
  class space    used 4739K, capacity 4965K, committed 4992K, reserved 1048576K
Event: 3.938 GC heap after
Heap after GC invocations=6 (full 1):
 PSYoungGen      total 136192K, used 5120K [0x00000000e0000000, 0x00000000ea780000, 0x0000000100000000)
  eden space 131072K, 0% used [0x00000000e0000000,0x00000000e0000000,0x00000000e8000000)
  from space 5120K, 100% used [0x00000000e8000000,0x00000000e8500000,0x00000000e8500000)
  to   space 15872K, 0% used [0x00000000e9800000,0x00000000e9800000,0x00000000ea780000)
 ParOldGen       total 71680K, used 22981K [0x00000000a0000000, 0x00000000a4600000, 0x00000000e0000000)
  object space 71680K, 32% used [0x00000000a0000000,0x00000000a16714a8,0x00000000a4600000)
 Metaspace       used 34705K, capacity 35336K, committed 35416K, reserved 1079296K
  class space    used 4739K, capacity 4965K, committed 4992K, reserved 1048576K
}
Event: 3.938 GC heap before
{Heap before GC invocations=7 (full 2):
 PSYoungGen      total 136192K, used 5120K [0x00000000e0000000, 0x00000000ea780000, 0x0000000100000000)
  eden space 131072K, 0% used [0x00000000e0000000,0x00000000e0000000,0x00000000e8000000)
  from space 5120K, 100% used [0x00000000e8000000,0x00000000e8500000,0x00000000e8500000)
  to   space 15872K, 0% used [0x00000000e9800000,0x00000000e9800000,0x00000000ea780000)
 ParOldGen       total 71680K, used 22981K [0x00000000a0000000, 0x00000000a4600000, 0x00000000e0000000)
  object space 71680K, 32% used [0x00000000a0000000,0x00000000a16714a8,0x00000000a4600000)
 Metaspace       used 34705K, capacity 35336K, committed 35416K, reserved 1079296K
  class space    used 4739K, capacity 4965K, committed 4992K, reserved 1048576K
Event: 3.983 GC heap after
Heap after GC invocations=7 (full 2):
 PSYoungGen      total 136192K, used 0K [0x00000000e0000000, 0x00000000ea780000, 0x0000000100000000)
  eden space 131072K, 0% used [0x00000000e0000000,0x00000000e0000000,0x00000000e8000000)
  from space 5120K, 0% used [0x00000000e8000000,0x00000000e8000000,0x00000000e8500000)
  to   space 15872K, 0% used [0x00000000e9800000,0x00000000e9800000,0x00000000ea780000)
 ParOldGen       total 112128K, used 19946K [0x00000000a0000000, 0x00000000a6d80000, 0x00000000e0000000)
  object space 112128K, 17% used [0x00000000a0000000,0x00000000a137a958,0x00000000a6d80000)
 Metaspace       used 34705K, capacity 35336K, committed 35416K, reserved 1079296K
  class space    used 4739K, capacity 4965K, committed 4992K, reserved 1048576K
}
Event: 4.966 GC heap before
{Heap before GC invocations=8 (full 2):
 PSYoungGen      total 136192K, used 131072K [0x00000000e0000000, 0x00000000ea780000, 0x0000000100000000)
  eden space 131072K, 100% used [0x00000000e0000000,0x00000000e8000000,0x00000000e8000000)
  from space 5120K, 0% used [0x00000000e8000000,0x00000000e8000000,0x00000000e8500000)
  to   space 15872K, 0% used [0x00000000e9800000,0x00000000e9800000,0x00000000ea780000)
 ParOldGen       total 112128K, used 19946K [0x00000000a0000000, 0x00000000a6d80000, 0x00000000e0000000)
  object space 112128K, 17% used [0x00000000a0000000,0x00000000a137a958,0x00000000a6d80000)
 Metaspace       used 39925K, capacity 40890K, committed 41048K, reserved 1085440K
  class space    used 5446K, capacity 5754K, committed 5760K, reserved 1048576K
Event: 4.981 GC heap after
Heap after GC invocations=8 (full 2):
 PSYoungGen      total 154112K, used 13601K [0x00000000e0000000, 0x00000000ed480000, 0x0000000100000000)
  eden space 138240K, 0% used [0x00000000e0000000,0x00000000e0000000,0x00000000e8700000)
  from space 15872K, 85% used [0x00000000e9800000,0x00000000ea548450,0x00000000ea780000)
  to   space 17408K, 0% used [0x00000000e8700000,0x00000000e8700000,0x00000000e9800000)
 ParOldGen       total 112128K, used 19954K [0x00000000a0000000, 0x00000000a6d80000, 0x00000000e0000000)
  object space 112128K, 17% used [0x00000000a0000000,0x00000000a137c958,0x00000000a6d80000)
 Metaspace       used 39925K, capacity 40890K, committed 41048K, reserved 1085440K
  class space    used 5446K, capacity 5754K, committed 5760K, reserved 1048576K
}
Event: 5.792 GC heap before
{Heap before GC invocations=9 (full 2):
 PSYoungGen      total 154112K, used 151841K [0x00000000e0000000, 0x00000000ed480000, 0x0000000100000000)
  eden space 138240K, 100% used [0x00000000e0000000,0x00000000e8700000,0x00000000e8700000)
  from space 15872K, 85% used [0x00000000e9800000,0x00000000ea548450,0x00000000ea780000)
  to   space 17408K, 0% used [0x00000000e8700000,0x00000000e8700000,0x00000000e9800000)
 ParOldGen       total 112128K, used 19954K [0x00000000a0000000, 0x00000000a6d80000, 0x00000000e0000000)
  object space 112128K, 17% used [0x00000000a0000000,0x00000000a137c958,0x00000000a6d80000)
 Metaspace       used 45935K, capacity 47176K, committed 47320K, reserved 1089536K
  class space    used 6193K, capacity 6574K, committed 6656K, reserved 1048576K
Event: 5.807 GC heap after
Heap after GC invocations=9 (full 2):
 PSYoungGen      total 155648K, used 17403K [0x00000000e0000000, 0x00000000ee800000, 0x0000000100000000)
  eden space 138240K, 0% used [0x00000000e0000000,0x00000000e0000000,0x00000000e8700000)
  from space 17408K, 99% used [0x00000000e8700000,0x00000000e97fef70,0x00000000e9800000)
  to   space 20992K, 0% used [0x00000000ed380000,0x00000000ed380000,0x00000000ee800000)
 ParOldGen       total 112128K, used 21153K [0x00000000a0000000, 0x00000000a6d80000, 0x00000000e0000000)
  object space 112128K, 18% used [0x00000000a0000000,0x00000000a14a8688,0x00000000a6d80000)
 Metaspace       used 45935K, capacity 47176K, committed 47320K, reserved 1089536K
  class space    used 6193K, capacity 6574K, committed 6656K, reserved 1048576K
}
Event: 6.407 GC heap before
{Heap before GC invocations=10 (full 2):
 PSYoungGen      total 155648K, used 155643K [0x00000000e0000000, 0x00000000ee800000, 0x0000000100000000)
  eden space 138240K, 100% used [0x00000000e0000000,0x00000000e8700000,0x00000000e8700000)
  from space 17408K, 99% used [0x00000000e8700000,0x00000000e97fef70,0x00000000e9800000)
  to   space 20992K, 0% used [0x00000000ed380000,0x00000000ed380000,0x00000000ee800000)
 ParOldGen       total 112128K, used 21153K [0x00000000a0000000, 0x00000000a6d80000, 0x00000000e0000000)
  object space 112128K, 18% used [0x00000000a0000000,0x00000000a14a8688,0x00000000a6d80000)
 Metaspace       used 48651K, capacity 50240K, committed 50520K, reserved 1093632K
  class space    used 6555K, capacity 6998K, committed 7040K, reserved 1048576K
Event: 6.427 GC heap after
Heap after GC invocations=10 (full 2):
 PSYoungGen      total 159232K, used 20775K [0x00000000e0000000, 0x00000000ee800000, 0x0000000100000000)
  eden space 138240K, 0% used [0x00000000e0000000,0x00000000e0000000,0x00000000e8700000)
  from space 20992K, 98% used [0x00000000ed380000,0x00000000ee7c9c80,0x00000000ee800000)
  to   space 17408K, 0% used [0x00000000e8700000,0x00000000e8700000,0x00000000e9800000)
 ParOldGen       total 112128K, used 21161K [0x00000000a0000000, 0x00000000a6d80000, 0x00000000e0000000)
  object space 112128K, 18% used [0x00000000a0000000,0x00000000a14aa688,0x00000000a6d80000)
 Metaspace       used 48651K, capacity 50240K, committed 50520K, reserved 1093632K
  class space    used 6555K, capacity 6998K, committed 7040K, reserved 1048576K
}

Deoptimization events (10 events):
Event: 6.293 Thread 0x000000001a4d2800 Uncommon trap: reason=unstable_if action=reinterpret pc=0x00000000038217b4 method=org.objectweb.asm.ByteVector.putUTF8(Ljava/lang/String;)Lorg/objectweb/asm/ByteVector; @ 91
Event: 6.324 Thread 0x000000001a4d2800 Uncommon trap: reason=unstable_if action=reinterpret pc=0x00000000035222f4 method=java.lang.String.lastIndexOf([CII[CIII)I @ 118
Event: 6.434 Thread 0x000000001a4d2800 Uncommon trap: reason=unstable_if action=reinterpret pc=0x0000000003d50914 method=com.sun.org.apache.xerces.internal.impl.XMLEntityScanner.skipSpaces()Z @ 85
Event: 6.435 Thread 0x000000001a4d2800 Uncommon trap: reason=unstable_if action=reinterpret pc=0x0000000003df4718 method=com.sun.org.apache.xerces.internal.impl.XMLEntityScanner.peekChar()I @ 51
Event: 6.435 Thread 0x000000001a4d2800 Uncommon trap: reason=unstable_if action=reinterpret pc=0x00000000035871e4 method=com.sun.org.apache.xerces.internal.impl.XMLEntityScanner.scanContent(Lcom/sun/org/apache/xerces/internal/xni/XMLString;)I @ 127
Event: 6.435 Thread 0x000000001a4d2800 Uncommon trap: reason=class_check action=maybe_recompile pc=0x0000000003e5d874 method=com.sun.org.apache.xerces.internal.parsers.AbstractSAXParser.characters(Lcom/sun/org/apache/xerces/internal/xni/XMLString;Lcom/sun/org/apache/xerces/internal/xni/Augment
Event: 6.435 Thread 0x000000001a4d2800 Uncommon trap: reason=unstable_if action=reinterpret pc=0x000000000352ea6c method=com.sun.org.apache.xerces.internal.impl.XMLEntityScanner.peekChar()I @ 51
Event: 6.435 Thread 0x000000001a4d2800 Uncommon trap: reason=class_check action=maybe_recompile pc=0x0000000003e5d874 method=com.sun.org.apache.xerces.internal.parsers.AbstractSAXParser.characters(Lcom/sun/org/apache/xerces/internal/xni/XMLString;Lcom/sun/org/apache/xerces/internal/xni/Augment
Event: 6.435 Thread 0x000000001a4d2800 Uncommon trap: reason=class_check action=maybe_recompile pc=0x0000000003e5d874 method=com.sun.org.apache.xerces.internal.parsers.AbstractSAXParser.characters(Lcom/sun/org/apache/xerces/internal/xni/XMLString;Lcom/sun/org/apache/xerces/internal/xni/Augment
Event: 6.435 Thread 0x000000001a4d2800 Uncommon trap: reason=class_check action=maybe_recompile pc=0x0000000003e5d874 method=com.sun.org.apache.xerces.internal.parsers.AbstractSAXParser.characters(Lcom/sun/org/apache/xerces/internal/xni/XMLString;Lcom/sun/org/apache/xerces/internal/xni/Augment

Classes redefined (0 events):
No events

Internal exceptions (10 events):
Event: 5.857 Thread 0x000000001a4d2800 Exception <a 'sun/nio/fs/WindowsException'> (0x00000000e03b7718) thrown at [D:\src\AOSP-openjdk-cygwin\jdk8u\hotspot\src\share\vm\prims\jni.cpp, line 709]
Event: 5.857 Thread 0x000000001a4d2800 Exception <a 'sun/nio/fs/WindowsException'> (0x00000000e03b8908) thrown at [D:\src\AOSP-openjdk-cygwin\jdk8u\hotspot\src\share\vm\prims\jni.cpp, line 709]
Event: 5.857 Thread 0x000000001a4d2800 Exception <a 'sun/nio/fs/WindowsException'> (0x00000000e03bcd68) thrown at [D:\src\AOSP-openjdk-cygwin\jdk8u\hotspot\src\share\vm\prims\jni.cpp, line 709]
Event: 5.857 Thread 0x000000001a4d2800 Exception <a 'sun/nio/fs/WindowsException'> (0x00000000e03bdd88) thrown at [D:\src\AOSP-openjdk-cygwin\jdk8u\hotspot\src\share\vm\prims\jni.cpp, line 709]
Event: 5.857 Thread 0x000000001a4d2800 Exception <a 'sun/nio/fs/WindowsException'> (0x00000000e03c0960) thrown at [D:\src\AOSP-openjdk-cygwin\jdk8u\hotspot\src\share\vm\prims\jni.cpp, line 709]
Event: 5.857 Thread 0x000000001a4d2800 Exception <a 'sun/nio/fs/WindowsException'> (0x00000000e03c19b8) thrown at [D:\src\AOSP-openjdk-cygwin\jdk8u\hotspot\src\share\vm\prims\jni.cpp, line 709]
Event: 6.130 Thread 0x000000001a4d2800 Exception <a 'java/lang/NoSuchMethodError': java.lang.Object.lambda$comparing$77a9974f$1(Ljava/util/function/Function;Ljava/lang/Object;Ljava/lang/Object;)I> (0x00000000e6ebd298) thrown at [D:\src\AOSP-openjdk-cygwin\jdk8u\hotspot\src\share\vm\interpreter
Event: 6.131 Thread 0x000000001a4d2800 Exception <a 'java/lang/NoSuchMethodError': java.lang.Object.lambda$thenComparing$36697e65$1(Ljava/util/Comparator;Ljava/lang/Object;Ljava/lang/Object;)I> (0x00000000e6ec8ed0) thrown at [D:\src\AOSP-openjdk-cygwin\jdk8u\hotspot\src\share\vm\interpreter\li
Event: 6.141 Thread 0x000000001a4d2800 Exception <a 'java/lang/NoSuchMethodError': java.lang.Object.lambda$maxBy$1(Ljava/util/Comparator;Ljava/lang/Object;Ljava/lang/Object;)Ljava/lang/Object;> (0x00000000e6f7e880) thrown at [D:\src\AOSP-openjdk-cygwin\jdk8u\hotspot\src\share\vm\interpreter\li
Event: 6.176 Thread 0x000000001a4d2800 Exception <a 'sun/nio/fs/WindowsException'> (0x00000000e7311e48) thrown at [D:\src\AOSP-openjdk-cygwin\jdk8u\hotspot\src\share\vm\prims\jni.cpp, line 709]

Events (10 events):
Event: 6.477 loading class com/android/build/gradle/internal/core/GradleVariantConfiguration
Event: 6.477 loading class com/android/build/gradle/internal/core/GradleVariantConfiguration done
Event: 6.477 loading class com/android/build/gradle/internal/core/GradleVariantConfiguration
Event: 6.477 loading class com/android/build/gradle/internal/core/GradleVariantConfiguration done
Event: 6.477 loading class com/android/build/gradle/internal/core/GradleVariantConfiguration
Event: 6.477 loading class com/android/build/gradle/internal/core/GradleVariantConfiguration done
Event: 6.477 loading class com/android/build/gradle/internal/core/GradleVariantConfiguration
Event: 6.477 loading class com/android/build/gradle/internal/core/GradleVariantConfiguration done
Event: 6.477 loading class com/android/build/gradle/internal/scope/VariantScope
Event: 6.477 loading class com/android/build/gradle/internal/scope/VariantScope done


Dynamic libraries:
0x00007ff690190000 - 0x00007ff6901c1000 	F:\android-studio\jre\bin\java.exe
0x00007ff939420000 - 0x00007ff939601000 	C:\WINDOWS\SYSTEM32\ntdll.dll
0x00007ff936b00000 - 0x00007ff936bb2000 	C:\WINDOWS\System32\KERNEL32.DLL
0x00007ff9359e0000 - 0x00007ff935c53000 	C:\WINDOWS\System32\KERNELBASE.dll
0x00007ff937bd0000 - 0x00007ff937c71000 	C:\WINDOWS\System32\ADVAPI32.dll
0x00007ff936a60000 - 0x00007ff936afe000 	C:\WINDOWS\System32\msvcrt.dll
0x00007ff9372e0000 - 0x00007ff93733b000 	C:\WINDOWS\System32\sechost.dll
0x00007ff936cd0000 - 0x00007ff936df4000 	C:\WINDOWS\System32\RPCRT4.dll
0x00007ff937830000 - 0x00007ff9379c0000 	C:\WINDOWS\System32\USER32.dll
0x00007ff936510000 - 0x00007ff936530000 	C:\WINDOWS\System32\win32u.dll
0x00007ff9379f0000 - 0x00007ff937a18000 	C:\WINDOWS\System32\GDI32.dll
0x00007ff936710000 - 0x00007ff9368a2000 	C:\WINDOWS\System32\gdi32full.dll
0x00007ff936470000 - 0x00007ff93650f000 	C:\WINDOWS\System32\msvcp_win.dll
0x00007ff935c60000 - 0x00007ff935d5a000 	C:\WINDOWS\System32\ucrtbase.dll
0x00007ff92b110000 - 0x00007ff92b379000 	C:\WINDOWS\WinSxS\amd64_microsoft.windows.common-controls_6595b64144ccf1df_6.0.17134.345_none_fb429a5930656358\COMCTL32.dll
0x00007ff937c80000 - 0x00007ff937fa3000 	C:\WINDOWS\System32\combase.dll
0x00007ff936690000 - 0x00007ff93670a000 	C:\WINDOWS\System32\bcryptPrimitives.dll
0x00007ff9372b0000 - 0x00007ff9372dd000 	C:\WINDOWS\System32\IMM32.DLL
0x0000000068080000 - 0x0000000068152000 	F:\android-studio\jre\jre\bin\msvcr100.dll
0x0000000068160000 - 0x00000000689a1000 	F:\android-studio\jre\jre\bin\server\jvm.dll
0x00007ff9368b0000 - 0x00007ff9368b8000 	C:\WINDOWS\System32\PSAPI.DLL
0x00007ff927b80000 - 0x00007ff927b8a000 	C:\WINDOWS\SYSTEM32\VERSION.dll
0x00007ff9338a0000 - 0x00007ff9338c3000 	C:\WINDOWS\SYSTEM32\WINMM.dll
0x00007ff92fd00000 - 0x00007ff92fd09000 	C:\WINDOWS\SYSTEM32\WSOCK32.dll
0x00007ff937240000 - 0x00007ff9372ac000 	C:\WINDOWS\System32\WS2_32.dll
0x00007ff933450000 - 0x00007ff93347a000 	C:\WINDOWS\SYSTEM32\WINMMBASE.dll
0x00007ff9365e0000 - 0x00007ff936629000 	C:\WINDOWS\System32\cfgmgr32.dll
0x00007ff9322c0000 - 0x00007ff9322cf000 	F:\android-studio\jre\jre\bin\verify.dll
0x00007ff92c440000 - 0x00007ff92c469000 	F:\android-studio\jre\jre\bin\java.dll
0x00007ff92c420000 - 0x00007ff92c436000 	F:\android-studio\jre\jre\bin\zip.dll
0x00007ff937fb0000 - 0x00007ff9393ef000 	C:\WINDOWS\System32\SHELL32.dll
0x00007ff936c20000 - 0x00007ff936cc9000 	C:\WINDOWS\System32\shcore.dll
0x00007ff935d60000 - 0x00007ff93646d000 	C:\WINDOWS\System32\windows.storage.dll
0x00007ff936bc0000 - 0x00007ff936c11000 	C:\WINDOWS\System32\shlwapi.dll
0x00007ff935740000 - 0x00007ff935751000 	C:\WINDOWS\System32\kernel.appcore.dll
0x00007ff9357b0000 - 0x00007ff9357cf000 	C:\WINDOWS\System32\profapi.dll
0x00007ff935760000 - 0x00007ff9357ac000 	C:\WINDOWS\System32\powrprof.dll
0x00007ff935730000 - 0x00007ff93573a000 	C:\WINDOWS\System32\FLTLIB.DLL
0x00007ff92c400000 - 0x00007ff92c41a000 	F:\android-studio\jre\jre\bin\net.dll
0x00007ff934fb0000 - 0x00007ff935016000 	C:\WINDOWS\system32\mswsock.dll
0x00007ff92c3d0000 - 0x00007ff92c3e1000 	F:\android-studio\jre\jre\bin\nio.dll
0x00007ff929720000 - 0x00007ff92973e000 	C:\Users\Administrator\.gradle\native\25\windows-amd64\native-platform.dll
0x00007ff92fcf0000 - 0x00007ff92fcfd000 	F:\android-studio\jre\jre\bin\management.dll
0x00007ff935160000 - 0x00007ff935177000 	C:\WINDOWS\SYSTEM32\CRYPTSP.dll
0x00007ff934b30000 - 0x00007ff934b63000 	C:\WINDOWS\system32\rsaenh.dll
0x00007ff935290000 - 0x00007ff9352b5000 	C:\WINDOWS\SYSTEM32\bcrypt.dll
0x00007ff935660000 - 0x00007ff935688000 	C:\WINDOWS\SYSTEM32\USERENV.dll
0x00007ff935180000 - 0x00007ff93518b000 	C:\WINDOWS\SYSTEM32\CRYPTBASE.dll
0x00007ff934cd0000 - 0x00007ff934d08000 	C:\WINDOWS\SYSTEM32\IPHLPAPI.DLL
0x00007ff9379e0000 - 0x00007ff9379e8000 	C:\WINDOWS\System32\NSI.dll
0x00007ff931440000 - 0x00007ff931456000 	C:\WINDOWS\SYSTEM32\dhcpcsvc6.DLL
0x00007ff931410000 - 0x00007ff93142a000 	C:\WINDOWS\SYSTEM32\dhcpcsvc.DLL

VM Arguments:
jvm_args: -Xmx1536M -Dfile.encoding=GBK -Duser.country=CN -Duser.language=zh -Duser.variant 
java_command: org.gradle.launcher.daemon.bootstrap.GradleDaemon 4.1
java_class_path (initial): C:\Users\Administrator\.gradle\wrapper\dists\gradle-4.1-all\bzyivzo6n839fup2jbap0tjew\gradle-4.1\lib\gradle-launcher-4.1.jar
Launcher Type: SUN_STANDARD

Environment Variables:
JAVA_HOME=F:\android-studio\jre
CLASSPATH=F:\Flutter_Work\newstudentapp\android\\gradle\wrapper\gradle-wrapper.jar
PATH=C:\WINDOWS\system32;C:\WINDOWS;C:\WINDOWS\System32\Wbem;C:\WINDOWS\System32\WindowsPowerShell\v1.0\;D:\Git\cmd;.;D:\Java\jdk1.8.0_91\lib\dt.jar;D:\Java\jdk1.8.0_91\lib\tools.jar;D:\Java\jdk1.8.0_91\bin;E:\android\android-sdk\platform-tools;E:\android\android-sdk\tools;F:\flutter\flutter\bin;F:\TortoiseSVN\bin;F:\tom9\bin;F:\tom9\lib;F:\mysql-8.0.11-winx64\bin;F:\MinGW\bin;C:\WINDOWS\System32\OpenSSH\;C:\ProgramData\chocolatey\bin;C:\Program Files\nodejs\;F:\Microsoft VS Code\bin;F:\Python\Python36\Scripts\;F:\Python\Python36\;C:\Users\Administrator\AppData\Local\Microsoft\WindowsApps;;F:\Microsoft VS Code\bin;C:\Users\Administrator\AppData\Roaming\npm
USERNAME=Administrator
OS=Windows_NT
PROCESSOR_IDENTIFIER=Intel64 Family 6 Model 60 Stepping 3, GenuineIntel



---------------  S Y S T E M  ---------------

OS: Windows 10.0 , 64 bit Build 17134 (10.0.17134.1)

CPU:total 8 (initial active 8) (4 cores per cpu, 2 threads per core) family 6 model 60 stepping 3, cmov, cx8, fxsr, mmx, sse, sse2, sse3, ssse3, sse4.1, sse4.2, popcnt, avx, avx2, aes, clmul, erms, lzcnt, ht, tsc, tscinvbit, bmi1, bmi2

Memory: 4k page, physical 8248304k(932264k free), swap 8248304k(5576k free)

vm_info: OpenJDK 64-Bit Server VM (25.152-b06) for windows-amd64 JRE (1.8.0_152-release-1136-b06), built by "builder" with MS VC++ 10.0 (VS2010)

time: Fri Oct 12 14:40:47 2018
elapsed time: 6 seconds (0d 0h 0m 6s)

